127
84 5
47 75
0 15
7 21
13 22
34 41
40 36
53 12
58 10
32 64
73 2
27 69
54 51
8 76
67 44
92 44
89 57
63 90
64 97
27 6
23 25
20 28
42 18
38 26
46 10
19 47
12 53
22 52
37 43
59 4
44 40
56 24
18 60
4 65
62 33
17 72
71 30
37 69
28 76
83 29
88 17
73 54
15 91
75 61
83 50
43 87
96 16
80 57
55 84
66 81
97 46
86 81
3 5
12 11
13 14
23 15
28 0
0 32
11 33
35 10
17 33
34 17
3 41
5 44
24 39
32 36
2 49
50 31
13 60
31 53
57 23
29 56
41 48
55 37
66 22
20 68
37 61
75 13
67 37
49 60
78 1
5 78
31 72
79 7
78 24
54 64
22 81
52 67
85 3
16 84
8 86
43 76
5 88
60 65
81 36
79 44
37 85
69 62
25 90
92 19
16 93
9 95
71 65
32 92
1 98
98 1
74 69
95 36
98 27
97 33
48 94
68 81
45 96
83 68
66 85
58 91
91 62
65 91
76 84
70 95
94 75
90 81
96 78
78 97
83 97
95 90
95 99
