109
32 8
4 88
36 39
39 77
38 99
19 4
28 6
20 31
26 38
43 31
58 1
35 51
57 26
71 23
76 9
78 34
14 84
82 25
60 63
72 63
7 97
18 97
95 54
84 90
6 4
3 14
14 23
26 20
7 33
3 37
45 9
50 2
0 52
32 41
53 8
19 51
49 28
58 9
16 60
35 56
52 42
8 76
71 29
19 75
69 42
41 70
32 77
53 67
87 9
86 23
80 46
25 91
46 85
53 86
86 58
96 41
81 66
61 89
72 95
99 73
12 0
13 12
2 18
22 1
17 17
13 28
35 16
11 44
32 35
46 13
11 51
3 55
39 43
60 3
4 62
19 60
61 18
54 38
24 62
68 4
57 41
22 67
67 23
32 70
54 55
44 64
4 78
65 44
26 75
80 1
60 53
80 17
73 47
33 81
90 0
70 58
61 68
94 5
86 39
30 91
96 22
68 77
50 90
96 45
44 97
84 69
61 93
94 66
95 87
