196
7 7
7 14
14 7
14 14
7 21
21 7
14 21
21 14
7 28
28 7
21 21
28 14
14 28
28 21
21 28
7 35
35 7
14 35
35 14
28 28
35 21
21 35
42 7
7 42
14 42
42 14
35 28
28 35
21 42
42 21
49 7
35 35
7 49
42 28
28 42
14 49
49 14
21 49
49 21
35 42
42 35
56 7
28 49
7 56
49 28
56 14
14 56
42 42
56 21
21 56
49 35
35 49
56 28
28 56
63 7
7 63
42 49
63 14
49 42
14 63
35 56
56 35
63 21
21 63
63 28
28 63
49 49
42 56
56 42
7 70
70 7
14 70
70 14
63 35
35 63
21 70
70 21
49 56
56 49
70 28
28 70
63 42
42 63
77 7
7 77
77 14
70 35
35 70
14 77
56 56
77 21
63 49
49 63
21 77
42 70
70 42
77 28
28 77
63 56
56 63
7 84
84 7
77 35
35 77
84 14
14 84
49 70
70 49
21 84
84 21
42 77
77 42
84 28
28 84
63 63
70 56
56 70
84 35
35 84
91 7
49 77
7 91
77 49
14 91
91 14
21 91
91 21
42 84
84 42
63 70
70 63
56 77
28 91
91 28
77 56
84 49
49 84
91 35
35 91
98 7
7 98
98 14
70 70
14 98
63 77
77 63
98 21
42 91
21 98
91 42
84 56
56 84
28 98
98 28
49 91
91 49
70 77
77 70
35 98
98 35
63 84
84 63
42 98
98 42
91 56
56 91
77 77
84 70
70 84
49 98
98 49
63 91
91 63
56 98
98 56
84 77
77 84
70 91
91 70
63 98
98 63
84 84
91 77
77 91
70 98
98 70
91 84
84 91
77 98
98 77
91 91
98 84
84 98
91 98
98 91
98 98
