114
11 12
9 36
78 31
90 63
8 2
2 20
22 8
4 31
25 20
34 43
13 55
21 56
15 65
49 63
2 81
76 45
83 31
41 80
85 40
92 30
84 69
90 95
12 1
23 26
32 35
46 13
49 0
3 50
5 56
47 35
60 13
9 62
59 24
52 38
37 55
61 28
55 44
72 8
3 74
10 78
63 53
82 13
56 64
2 90
26 87
73 60
28 94
51 85
66 75
90 47
37 96
50 92
80 74
74 88
81 82
99 76
91 86
81 97
0 3
22 1
2 23
29 5
32 11
38 0
19 36
5 41
33 29
39 21
22 44
53 8
51 26
1 58
59 3
53 29
25 56
5 66
23 64
59 36
37 63
60 44
76 17
78 2
45 64
70 39
47 65
28 76
16 81
70 44
5 84
80 27
74 42
68 52
86 14
66 57
89 2
9 89
44 78
75 49
15 89
90 19
40 85
58 75
77 61
15 98
82 58
64 83
53 92
67 84
75 77
92 58
64 99
81 86
73 96
90 81
