141
19 13
58 73
87 4
20 62
55 29
96 53
30 86
97 80
29 33
65 46
53 6
46 89
77 93
3 71
38 60
85 40
10 25
11 47
88 68
3 87
70 60
40 19
50 45
68 6
73 75
58 17
1 4
61 87
40 78
72 31
16 83
85 18
34 41
30 64
31 99
19 32
24 26
34 81
45 65
46 42
99 91
79 55
63 79
50 1
49 18
70 92
56 38
81 82
20 42
53 55
2 82
19 6
63 0
79 29
19 51
42 55
65 72
53 88
64 57
52 49
1 66
21 69
96 63
11 30
47 71
89 34
82 97
71 43
88 62
60 26
34 14
51 10
26 17
80 71
78 9
31 77
31 47
42 93
49 26
53 35
86 74
66 65
42 0
75 37
42 38
71 50
29 40
29 24
87 82
9 51
62 19
24 34
74 98
9 79
69 13
69 78
63 90
74 68
33 29
57 53
74 55
91 72
98 58
58 48
96 75
92 85
14 62
42 81
0 75
12 35
25 98
56 22
39 24
36 78
77 85
14 6
82 66
42 72
16 27
9 44
50 40
44 51
92 3
95 94
23 59
28 37
41 63
47 93
81 51
60 13
87 21
88 9
18 66
69 88
7 68
57 3
47 85
63 60
50 89
5 4
50 36
