122
44 26
28 64
93 94
53 6
27 94
30 13
25 24
36 18
14 51
35 46
31 53
48 50
87 11
17 92
50 90
58 91
12 19
22 9
23 14
1 42
43 17
17 46
55 1
52 21
49 28
25 52
3 63
32 60
62 30
44 56
72 6
70 22
22 74
79 14
2 81
31 75
71 42
47 69
76 43
38 81
26 86
70 57
12 95
59 77
98 13
96 36
87 57
76 74
52 97
94 59
91 69
95 64
79 87
73 93
1 9
4 11
12 1
22 2
6 24
31 3
33 6
20 32
38 2
38 12
34 21
23 34
47 8
23 42
48 0
6 48
46 16
0 52
40 39
57 3
46 38
11 59
56 23
40 47
18 63
63 32
71 0
62 38
31 66
14 73
27 72
63 45
9 80
21 78
78 25
81 19
83 6
65 53
15 84
51 70
10 88
1 90
88 29
74 59
95 4
3 96
42 87
96 12
86 46
34 92
40 90
58 81
97 23
27 96
95 31
55 84
89 48
96 40
68 81
40 98
62 92
67 89
86 77
66 96
78 91
97 80
87 91
89 96
