138
91 32
24 74
26 20
79 57
89 85
19 44
72 3
51 36
46 94
49 15
47 66
10 80
8 12
4 57
70 83
70 40
9 39
26 98
89 56
70 28
65 63
85 5
44 81
30 64
67 9
37 41
43 23
86 42
17 58
9 26
87 97
88 75
89 21
9 88
44 57
30 10
10 67
61 36
35 76
59 83
53 58
1 45
65 98
83 27
67 74
1 0
69 16
75 49
97 57
15 39
76 69
48 75
43 6
39 88
60 6
86 63
19 84
44 41
35 96
63 1
64 29
81 16
96 85
99 72
97 14
39 24
76 27
55 45
36 67
99 24
38 53
67 50
25 67
21 11
61 55
11 6
27 55
1 51
27 46
31 40
83 93
16 72
49 50
25 93
39 96
83 81
61 25
92 65
78 34
5 31
79 1
4 78
80 43
82 11
44 74
16 21
42 15
21 34
91 13
35 7
5 84
36 58
84 57
84 49
81 75
85 38
86 69
22 16
5 91
4 13
67 2
71 68
13 14
33 86
33 14
71 11
49 42
6 42
76 21
65 86
58 39
12 62
42 37
79 65
88 29
12 74
47 33
48 62
32 97
42 99
46 18
37 84
81 54
36 21
83 31
47 38
89 41
48 91
