138
10 51
62 49
76 1
56 81
36 17
70 73
16 87
87 31
15 6
63 25
42 45
99 81
56 15
77 46
39 76
35 92
46 60
10 27
81 96
27 44
81 25
13 71
98 8
52 29
54 96
83 63
23 31
96 96
27 7
51 1
91 48
96 35
57 8
34 60
84 83
14 90
7 14
17 99
46 81
66 12
87 18
71 82
34 40
4 8
52 74
63 35
64 69
54 41
1 76
23 76
27 0
11 40
66 56
30 24
75 73
26 87
98 25
3 35
93 58
5 95
69 46
71 32
50 49
56 22
59 91
72 52
27 71
73 63
49 92
66 7
64 77
8 4
29 97
31 77
96 87
74 21
77 78
94 65
88 76
98 36
8 85
80 70
40 59
22 83
77 41
79 16
63 17
33 4
91 13
70 88
24 41
70 17
41 41
71 2
3 51
34 87
24 26
83 91
47 26
89 37
51 55
38 80
19 32
12 32
58 87
82 37
66 39
47 76
6 74
59 67
87 53
58 44
77 29
99 41
95 28
11 56
62 8
50 98
58 98
33 28
78 65
92 43
68 22
42 71
71 76
51 83
19 71
18 10
70 8
63 59
11 15
61 80
31 58
48 64
91 32
77 51
68 69
23 2
