124
26 69
49 70
50 41
47 62
33 87
40 1
16 46
52 15
25 60
9 72
78 29
70 50
82 38
64 66
59 80
90 57
10 1
13 23
24 28
30 23
37 14
31 31
19 40
45 0
47 7
1 51
27 45
11 54
58 2
58 30
31 65
65 33
74 9
75 23
54 57
58 54
29 78
41 76
34 80
88 13
90 2
12 92
2 94
17 93
66 71
27 96
91 41
98 41
60 89
92 68
83 84
77 99
92 92
2 3
5 5
8 13
11 11
6 16
20 8
12 27
29 7
3 30
4 38
23 32
36 25
41 20
9 48
42 26
21 45
49 22
34 42
53 11
3 55
31 47
7 56
42 39
53 27
15 59
51 37
61 18
4 64
30 57
48 43
39 53
64 16
67 9
64 25
5 69
42 55
29 68
21 71
6 74
75 8
11 75
16 75
3 79
51 61
45 66
74 31
79 23
83 9
75 37
74 43
26 82
21 84
39 78
84 27
85 37
42 83
7 93
81 50
92 26
95 13
26 97
99 23
52 89
67 83
63 89
99 48
87 69
81 76
98 65
76 92
83 87
