145
63 52
8 76
32 17
86 15
81 76
26 50
50 77
67 20
1 5
77 49
27 96
96 56
5 28
53 35
52 18
48 58
25 77
70 95
10 56
92 79
24 4
72 36
6 98
52 4
98 26
66 67
41 94
86 98
81 0
84 61
61 84
23 63
19 20
42 39
9 91
94 47
12 39
81 20
43 74
1 59
51 47
23 34
9 3
35 89
80 66
65 41
18 47
59 8
0 83
4 67
44 2
85 86
74 9
92 19
36 76
8 23
95 9
94 68
78 26
56 63
42 66
40 25
48 95
56 32
29 44
18 94
14 29
18 81
26 57
72 55
62 17
99 35
77 83
97 79
86 48
7 16
48 13
75 72
38 34
69 86
16 55
94 96
31 52
24 89
54 54
35 85
31 68
92 26
46 45
2 93
33 29
27 2
38 19
64 59
83 92
61 22
99 49
85 73
63 31
71 20
82 56
80 32
59 68
11 61
16 8
30 99
24 9
13 17
90 60
86 0
72 65
45 82
26 42
31 21
41 11
17 76
70 42
14 45
95 41
58 79
78 12
17 88
6 63
5 85
65 12
29 94
44 36
74 93
99 75
31 1
6 72
61 39
1 26
22 44
77 63
18 51
87 80
28 18
68 54
56 28
45 56
80 80
33 82
23 58
58 86
