101
2 3
16 28
60 34
33 22
19 55
41 72
12 89
62 71
48 88
78 74
51 97
16 18
14 35
36 17
27 34
33 42
50 19
41 36
69 10
66 33
51 61
71 40
80 50
61 80
34 96
95 49
74 81
73 88
19 48
30 47
9 56
59 13
47 43
40 50
59 25
35 59
20 84
30 81
81 31
76 43
62 63
38 86
47 82
84 45
26 94
76 65
87 50
41 92
84 57
64 84
89 62
78 86
86 99
94 93
2 2
19 23
32 9
19 33
32 27
39 17
11 43
43 12
27 36
8 50
43 32
48 25
54 22
29 51
58 17
13 60
44 48
7 70
44 56
62 42
70 29
34 69
75 18
21 75
80 11
67 46
68 52
7 86
86 12
53 70
83 29
86 20
19 89
77 60
59 81
89 48
98 26
96 34
82 62
79 70
95 50
96 59
88 74
63 97
98 68
78 98
96 83
