141
92 83
40 31
8 89
79 25
36 67
66 78
16 35
84 55
61 12
43 91
24 15
10 52
78 1
47 56
51 23
99 5
15 82
71 96
96 26
61 56
13 67
2 3
21 52
44 10
85 75
17 94
4 30
95 66
50 78
53 39
8 76
28 32
64 21
29 76
67 71
28 7
85 41
57 96
91 49
28 99
87 88
63 43
84 9
70 0
8 6
73 12
92 14
98 58
22 42
19 27
37 4
87 5
85 62
4 59
29 65
16 20
20 81
63 1
62 27
52 90
56 18
74 30
50 46
0 51
39 14
13 55
82 17
97 31
74 79
76 65
0 77
60 68
65 85
22 7
64 97
24 91
28 26
43 74
7 49
80 34
67 11
43 82
13 42
13 88
40 94
55 60
15 77
13 12
53 13
93 95
71 59
61 18
3 92
93 4
41 65
29 59
11 72
20 99
48 94
12 25
62 91
32 12
41 21
17 30
82 73
20 18
24 2
81 6
70 17
11 34
0 64
76 95
23 74
82 79
5 10
22 23
63 6
13 96
45 53
24 49
16 50
30 95
49 62
24 83
37 33
39 9
66 57
49 37
14 59
50 28
96 35
49 20
95 62
7 94
90 63
5 56
81 39
88 1
71 76
95 45
17 55
