115
2 70
29 89
43 9
1 92
61 77
5 22
32 8
23 42
16 60
52 37
82 13
80 24
92 17
16 93
93 29
98 2
92 48
85 66
57 96
79 93
0 0
11 5
20 6
27 20
35 22
32 30
19 45
36 34
15 50
47 23
56 4
55 15
31 49
53 24
62 3
65 18
54 41
49 52
73 24
60 49
28 82
79 36
60 64
49 73
39 83
79 47
5 95
93 21
25 93
46 87
83 58
55 87
65 89
93 68
81 89
92 84
84 96
95 89
5 2
6 15
10 18
22 9
0 27
6 35
28 23
37 12
1 40
19 39
44 11
43 19
48 1
14 46
52 6
55 26
61 11
48 40
19 60
37 51
12 62
1 66
34 57
41 57
1 71
64 35
12 72
72 12
18 73
48 62
62 49
32 77
56 67
70 53
88 5
54 70
58 70
70 62
94 1
94 14
0 96
62 74
67 71
14 97
35 92
72 68
96 25
79 61
26 97
49 89
99 37
92 59
74 88
97 68
68 98
99 78
99 99
