141
97 93
71 27
19 46
32 90
11 21
67 64
95 50
48 13
18 73
96 10
36 64
66 84
67 0
57 45
86 76
56 56
2 68
25 0
78 49
15 82
38 44
26 27
87 29
91 65
10 10
0 43
77 22
49 87
84 90
56 28
1 97
60 81
84 7
29 60
5 59
44 74
37 0
65 11
19 92
0 9
55 66
68 43
78 39
27 74
12 50
33 19
99 67
27 37
79 82
89 13
15 3
50 6
47 98
28 97
62 73
9 68
58 93
41 53
70 62
77 12
35 11
11 43
88 42
88 83
14 30
96 77
6 81
19 67
80 0
45 40
72 5
94 35
0 15
40 90
83 51
69 92
20 27
77 62
26 19
49 19
62 53
97 88
90 58
40 79
76 98
5 39
42 5
93 14
35 58
68 31
88 88
57 32
14 57
21 52
43 69
0 49
64 23
52 54
46 47
43 19
33 78
67 17
0 56
91 20
55 9
98 46
99 55
3 72
4 20
61 87
10 87
99 72
67 75
81 26
21 60
97 61
65 38
13 8
59 22
52 60
44 57
21 36
87 37
79 53
66 79
40 40
32 38
13 14
4 12
63 1
19 5
76 18
35 93
55 39
33 45
23 24
18 82
92 92
79 93
46 4
59 77
