131
43 63
67 34
94 91
27 1
10 58
88 8
15 86
80 66
33 27
50 82
87 26
81 46
51 9
21 42
50 32
32 75
69 12
20 12
94 77
6 19
84 98
22 60
59 98
61 63
97 17
55 44
7 43
16 98
1 66
42 36
44 78
6 86
70 73
58 72
99 2
84 75
41 10
66 22
66 2
93 38
29 15
81 56
90 70
23 88
10 2
80 14
76 95
72 53
19 27
6 76
2 97
43 90
51 21
50 52
59 31
37 56
79 28
19 71
19 53
93 83
87 15
94 12
63 80
38 48
1 35
93 4
5 57
92 25
77 82
53 69
27 27
31 67
87 46
29 60
22 35
31 44
24 51
97 78
74 62
25 6
57 6
5 47
73 38
57 16
45 3
97 33
57 37
29 91
41 84
16 65
61 48
40 42
33 22
97 25
97 97
91 92
44 68
1 85
53 30
35 9
50 42
88 54
22 80
77 47
50 64
66 11
96 8
90 98
7 13
36 66
92 32
91 16
99 84
9 51
49 77
80 10
63 31
25 57
29 79
75 33
71 68
90 3
80 51
56 66
27 11
89 20
66 27
2 54
14 4
95 0
67 70
