129
38 80
58 13
36 25
73 37
2 77
69 94
83 72
1 17
41 46
19 54
83 0
17 92
98 39
51 93
61 48
49 60
23 27
18 9
9 34
91 22
13 78
33 7
5 65
83 64
54 9
55 25
32 88
32 64
77 9
62 80
86 88
7 95
2 0
48 21
5 51
88 42
98 4
17 67
18 40
16 19
66 24
62 0
56 45
28 99
87 32
94 69
6 89
47 2
33 53
1 26
87 57
26 36
24 14
24 85
35 40
10 11
81 99
79 41
38 19
40 59
68 57
65 13
43 30
2 8
56 1
72 82
1 34
44 92
28 2
43 15
16 80
83 80
74 22
39 69
49 45
58 87
95 53
79 59
34 77
21 61
29 16
39 6
42 39
48 95
24 92
66 37
97 23
54 82
24 50
94 62
45 25
69 6
12 50
57 40
1 88
59 20
88 27
13 69
61 9
92 4
7 45
36 89
72 99
26 22
29 82
76 44
11 91
11 22
13 41
1 93
26 63
62 89
24 98
2 63
53 60
95 74
1 54
60 28
82 6
85 36
43 74
64 56
37 57
52 21
96 34
48 90
19 78
55 18
23 54
