111
17 32
60 27
42 53
51 55
38 76
89 64
12 22
2 28
39 1
24 36
46 33
21 53
14 71
73 7
69 32
50 67
31 78
88 37
95 13
39 89
96 32
80 96
2 12
14 7
10 15
33 13
7 37
38 24
33 32
16 47
27 43
57 12
14 57
6 65
31 58
64 18
30 66
71 15
38 62
2 75
59 59
66 54
44 77
24 86
93 20
10 97
32 94
96 39
66 80
74 73
54 90
59 91
95 56
85 77
79 88
94 78
89 98
97 94
2 2
29 5
26 14
22 22
36 4
29 23
42 15
52 1
8 55
50 27
58 0
44 39
57 20
18 58
33 51
46 42
52 40
66 9
67 28
51 52
32 66
27 73
47 63
76 24
11 80
21 78
77 35
85 9
87 0
6 87
79 38
34 83
19 89
0 92
76 53
58 73
89 28
54 79
5 97
84 52
99 4
25 97
78 63
40 92
97 27
36 97
93 47
85 62
85 68
64 89
67 91
97 61
84 90
