111
10 10
3 3
16 13
2 16
42 61
58 59
78 88
84 85
16 18
41 4
27 37
46 31
34 56
18 70
26 71
31 83
11 88
91 5
79 64
31 98
89 70
94 76
5 5
4 20
20 24
32 11
14 32
22 38
51 13
17 52
40 38
58 4
51 34
45 42
21 58
57 41
72 8
71 35
65 48
76 36
23 81
84 13
3 86
44 74
67 55
84 23
19 89
90 16
78 54
88 44
73 69
76 76
71 87
97 64
73 93
94 88
3 8
12 7
20 2
26 0
1 31
26 21
35 21
13 40
38 23
21 40
6 45
18 45
35 34
42 26
2 51
51 15
9 54
34 45
5 60
8 62
20 60
61 23
63 17
58 30
65 11
66 0
66 27
6 72
74 10
8 75
71 31
12 78
59 59
69 48
90 19
51 78
78 56
9 98
52 84
99 5
12 99
91 42
23 98
55 85
37 99
72 78
93 55
96 53
51 98
85 74
64 98
97 67
79 89
88 86
82 97
