117
8 27
4 65
69 6
53 53
80 20
97 41
5 4
3 10
24 7
34 38
48 27
56 18
24 76
13 93
74 65
82 58
34 97
63 84
88 84
95 78
12 5
37 13
8 41
44 7
1 45
12 44
18 45
36 38
38 45
59 4
47 37
32 52
66 17
6 70
71 4
41 65
56 57
68 42
81 2
77 29
2 83
61 57
31 78
40 74
86 9
60 68
24 89
90 22
93 0
94 10
36 88
64 74
91 45
87 73
75 86
5 16
6 21
24 1
18 20
20 23
8 30
32 4
0 34
14 34
37 0
39 7
41 22
1 50
47 20
29 43
32 44
17 53
9 57
59 8
23 56
50 37
18 60
6 63
31 56
21 62
57 35
62 28
50 49
69 14
67 28
32 66
23 71
70 26
73 17
72 32
79 11
5 81
83 4
8 83
83 20
53 68
70 52
78 40
49 75
4 90
68 63
17 95
26 93
38 90
93 31
62 76
4 98
76 64
91 40
37 97
72 77
83 66
81 73
94 58
95 64
78 90
98 97
