144
84 12
27 52
71 59
36 20
38 82
97 97
0 85
27 3
9 25
96 39
64 84
53 45
55 3
92 73
64 25
69 41
13 49
97 14
29 94
14 73
93 47
27 63
41 56
89 83
24 40
71 1
8 92
81 94
8 16
85 25
4 66
88 56
6 36
56 72
78 43
19 20
63 75
53 13
40 65
1 7
35 40
40 2
15 7
21 30
70 26
57 98
3 57
81 63
52 32
75 86
19 57
30 9
63 45
35 26
68 13
6 78
59 20
97 30
48 85
99 2
25 72
66 63
19 81
1 27
72 65
32 90
87 66
14 92
47 19
88 35
61 57
31 46
0 94
44 47
32 2
36 59
92 92
77 35
4 22
98 68
22 48
99 89
99 77
41 35
73 22
25 29
71 73
92 98
91 14
37 51
96 8
10 99
77 56
3 1
96 60
15 32
27 14
40 9
46 63
13 56
99 20
78 14
58 34
61 5
70 7
38 16
94 51
19 39
84 55
36 69
30 73
91 40
28 58
82 42
17 62
67 35
90 23
83 47
76 3
49 41
7 61
84 91
81 28
39 30
63 31
17 3
28 86
5 88
89 61
73 41
61 95
60 85
32 12
31 98
93 81
35 92
67 76
55 20
60 79
25 7
34 64
42 78
83 17
2 31
