114
26 51
22 11
6 28
33 19
19 35
3 47
32 41
6 53
49 22
38 45
51 44
26 64
71 14
28 70
24 82
53 69
81 42
63 66
28 91
58 83
37 95
98 37
75 78
72 90
82 82
70 96
78 95
85 91
93 95
25 19
23 28
20 44
14 52
55 14
58 6
47 36
11 61
63 9
36 57
52 50
71 36
53 61
32 79
86 11
42 77
11 89
62 69
85 41
73 61
88 59
59 92
93 72
0 3
0 11
15 7
6 16
16 10
4 19
7 23
27 2
8 29
33 7
4 34
35 18
38 11
9 40
24 39
48 7
49 1
22 44
48 15
32 45
24 52
40 41
53 27
18 57
38 48
2 64
42 52
66 17
60 34
69 3
48 51
44 61
9 75
71 28
36 68
64 43
62 46
76 14
75 19
16 76
31 72
67 41
62 55
71 45
4 84
84 24
0 91
76 54
36 87
61 74
6 98
77 61
79 67
91 54
51 93
66 87
92 60
59 94
77 81
88 75
77 89
95 91
