134
66 68
15 28
81 0
32 70
55 25
98 85
85 28
8 61
54 92
46 40
27 12
80 62
8 81
17 7
24 91
69 90
19 54
94 29
94 71
57 47
33 40
71 33
98 50
42 14
3 3
90 8
63 5
61 84
39 48
39 92
77 83
58 18
88 86
12 43
93 40
27 42
73 8
51 53
11 52
61 40
14 12
33 20
34 3
66 27
21 80
61 76
58 66
15 21
82 39
47 26
45 59
28 95
3 53
78 97
96 64
0 79
88 60
76 16
98 0
83 19
24 29
57 57
16 80
5 24
90 98
91 79
74 43
44 7
53 9
89 14
38 64
27 66
28 84
76 66
43 92
37 75
49 37
35 32
53 46
34 99
28 59
19 97
78 24
7 15
35 53
74 61
59 91
92 54
17 59
34 87
81 70
21 42
96 39
7 1
71 22
82 34
95 15
48 96
53 61
43 22
0 86
6 45
66 74
64 35
63 17
98 79
37 12
78 30
65 80
40 87
77 2
73 4
43 50
30 47
74 79
50 49
92 25
64 43
31 67
79 77
20 87
24 50
69 61
58 14
58 36
12 63
19 3
10 31
14 76
20 10
96 90
14 54
28 22
91 75
