137
54 44
4 46
20 73
68 80
91 9
27 8
87 64
60 21
25 40
89 44
16 88
45 69
69 55
96 84
68 13
8 31
15 17
55 99
39 13
2 87
20 57
38 82
48 55
82 23
55 7
36 33
60 68
81 36
0 68
34 97
28 68
33 50
7 1
81 85
88 96
47 34
81 53
66 21
26 31
69 96
44 4
63 43
18 46
80 1
96 0
75 71
22 81
65 64
25 92
12 71
6 77
93 45
69 6
58 79
12 57
34 40
34 22
31 76
80 44
36 1
46 48
92 72
75 20
99 15
56 28
47 63
51 15
23 4
23 67
32 63
76 42
64 87
99 93
5 8
95 63
85 26
52 89
18 78
91 2
40 26
12 24
46 76
84 7
44 56
90 20
61 51
72 28
93 38
98 51
51 72
39 89
95 77
24 63
10 87
69 85
23 45
72 47
15 33
55 36
15 94
32 13
2 93
67 39
11 63
76 12
76 55
63 5
89 68
75 36
8 51
39 53
15 52
62 25
10 43
32 29
76 82
71 90
17 12
27 58
94 11
56 66
70 18
20 31
15 84
30 91
70 70
86 52
24 27
49 4
69 60
19 6
86 12
28 48
44 35
33 5
11 15
1 46
