113
67 10
61 78
51 20
63 47
83 40
10 23
18 30
7 43
39 27
24 60
68 25
9 74
76 10
34 70
26 75
73 36
80 17
6 84
56 67
88 13
51 73
86 28
41 87
95 21
95 56
88 88
96 82
2 16
27 22
38 7
21 38
4 56
39 47
16 63
28 66
7 78
65 48
33 80
71 54
58 72
92 10
66 66
15 94
8 95
64 73
85 47
34 91
81 58
75 68
54 89
86 60
92 71
72 94
81 90
90 91
6 8
9 9
3 17
14 22
25 12
24 18
2 31
23 30
8 39
31 27
40 12
2 46
44 20
33 40
50 24
42 37
3 58
28 51
54 28
60 11
49 38
49 43
34 56
27 60
61 26
60 32
55 40
46 52
70 14
63 34
51 52
12 73
70 26
64 40
58 56
79 30
17 83
36 80
74 48
45 80
81 45
26 93
94 26
45 88
69 73
96 35
32 98
65 81
42 95
94 51
82 74
74 82
96 57
64 96
96 65
80 84
81 95
94 89
