136
10 74
70 17
86 89
9 30
37 45
13 10
51 79
83 49
25 98
85 7
58 17
29 79
66 91
6 53
55 54
32 15
94 74
51 32
52 90
73 76
61 35
23 50
5 92
94 28
0 44
30 65
62 59
25 35
90 63
57 7
99 50
33 96
22 12
61 66
42 66
96 0
93 96
62 77
15 35
2 23
15 19
78 85
46 2
45 22
37 88
31 27
73 47
11 85
19 4
65 4
3 66
61 92
83 60
73 93
92 54
32 4
18 59
48 27
49 94
4 7
45 33
68 80
87 41
1 37
40 59
90 19
90 4
81 2
9 44
27 88
52 13
23 66
30 51
49 52
73 23
60 28
95 84
55 61
96 64
47 39
8 3
40 91
10 97
58 82
2 88
66 74
87 54
70 97
78 44
60 99
3 76
86 1
2 47
34 68
20 94
96 44
46 46
46 70
79 90
26 93
78 9
5 31
56 22
62 87
31 91
65 32
12 49
10 14
29 20
90 85
26 75
41 18
33 77
13 3
37 50
90 93
22 31
67 36
2 51
66 15
21 20
58 39
57 70
45 97
49 75
78 80
13 27
58 91
87 97
98 77
52 82
13 39
43 62
94 5
17 1
53 8
