105
15 13
32 48
11 79
83 9
32 83
72 56
19 90
94 30
85 63
64 86
27 10
3 31
23 38
33 35
46 16
52 26
59 4
56 49
32 69
78 33
78 54
50 82
95 42
94 59
19 2
9 25
38 4
17 36
4 41
38 24
2 47
45 22
50 5
31 56
22 62
39 54
67 6
18 65
66 15
37 61
69 36
63 54
82 16
84 1
41 75
57 66
9 88
76 46
88 13
81 38
21 96
95 34
39 96
45 95
81 89
99 83
12 4
10 11
6 21
0 23
21 15
27 23
16 34
33 19
10 51
38 42
21 54
51 37
63 16
50 47
59 39
23 67
4 71
17 70
69 25
39 64
46 62
55 57
10 80
24 80
50 67
72 43
69 50
78 38
85 20
17 90
44 81
94 5
96 2
8 97
69 69
95 27
77 63
59 81
67 76
72 76
89 58
48 95
84 67
97 49
73 84
76 85
85 79
91 78
89 91
