125
54 2
52 64
3 29
89 77
36 96
18 68
84 20
38 26
73 56
19 12
19 95
70 34
58 89
87 55
69 6
57 25
22 40
6 88
0 7
5 46
90 12
81 47
22 85
85 86
32 63
97 97
49 18
96 31
49 38
76 73
39 84
29 18
69 26
97 84
36 44
14 22
45 53
7 5
62 66
27 76
94 4
54 52
82 39
72 98
40 74
48 90
90 49
18 0
8 52
68 41
93 69
41 13
32 91
76 26
96 22
65 11
25 35
11 68
2 99
5 39
78 64
19 22
15 76
79 53
28 52
12 38
53 14
41 64
43 35
76 2
56 38
78 92
61 29
28 83
94 58
36 15
49 27
77 16
25 5
55 98
49 6
4 58
47 85
17 16
0 50
54 84
69 18
2 83
28 99
11 10
85 69
57 6
67 52
24 71
92 80
33 73
85 38
96 9
20 60
8 20
81 81
57 60
12 96
9 30
91 27
52 20
1 39
69 1
63 19
5 94
32 34
77 41
18 90
93 44
24 25
50 0
99 2
14 42
58 49
71 70
14 5
81 74
93 53
30 23
40 22
