92
5 23
15 69
18 57
52 58
5 12
15 16
2 33
27 28
11 56
35 55
34 77
57 66
26 89
33 94
66 89
60 94
89 91
17 30
24 38
4 48
16 46
26 50
38 47
10 65
33 61
26 65
18 69
31 82
52 75
15 92
25 96
56 86
77 95
4 17
9 20
17 23
10 34
3 44
33 41
43 56
34 65
26 70
10 75
45 63
34 71
0 80
22 77
41 80
4 90
62 72
12 96
59 80
69 74
45 93
75 85
80 89
3 33
14 35
28 32
20 38
24 39
13 49
36 39
15 59
27 55
3 63
6 66
49 54
3 76
36 69
17 78
53 60
3 80
10 83
53 66
20 87
48 77
54 75
65 66
38 85
6 93
26 93
16 97
51 86
63 79
35 95
39 98
47 95
65 95
70 92
81 99
92 96
