140
73 33
27 45
59 81
9 89
20 9
67 13
95 76
62 68
3 28
51 90
94 44
46 7
54 30
9 74
66 97
37 64
70 78
83 6
30 27
92 28
31 99
13 57
87 54
52 50
70 1
65 31
88 92
44 72
71 57
13 28
2 10
34 77
45 18
2 44
2 61
38 35
81 72
75 92
46 62
31 17
74 21
33 55
88 83
84 40
7 20
37 95
15 88
23 95
65 5
41 0
60 59
50 41
97 21
54 71
60 73
22 16
12 12
98 50
60 6
38 85
60 98
68 66
79 11
51 83
66 59
25 1
5 99
1 88
66 90
70 47
14 94
41 14
84 27
16 80
93 62
17 50
55 19
10 39
38 5
34 42
53 74
70 30
2 78
23 8
81 56
19 6
16 32
57 1
41 41
52 9
73 80
8 66
46 35
48 24
83 15
1 21
13 21
43 98
79 86
27 30
80 49
79 76
3 67
10 84
47 46
58 34
63 27
32 22
96 40
13 7
68 4
41 71
49 67
64 36
86 36
55 24
73 37
55 57
54 38
46 90
8 25
34 61
62 10
75 18
74 27
14 76
86 78
25 12
70 95
52 46
72 4
84 68
87 8
47 84
17 91
56 66
31 57
95 80
53 79
75 61
