114
13 21
37 3
66 50
28 96
59 85
17 26
24 28
17 47
7 54
61 9
34 59
15 73
7 75
53 56
31 82
82 58
49 88
44 91
88 53
51 95
95 54
82 86
71 96
89 96
19 8
27 13
12 43
48 12
53 3
35 40
16 65
23 67
66 26
42 58
70 16
22 75
81 1
10 85
77 38
83 23
87 1
55 71
90 13
63 67
93 21
35 91
53 82
93 34
41 95
71 77
88 57
59 89
84 69
91 70
88 80
83 87
95 81
6 12
9 13
1 16
21 9
2 25
11 27
30 16
37 6
0 43
32 32
42 27
10 52
52 15
11 56
37 44
6 58
46 36
27 52
53 30
55 27
63 21
67 11
58 38
54 45
38 62
51 52
75 19
11 77
71 35
35 73
76 28
0 81
73 45
63 59
85 16
46 74
90 5
58 71
27 88
72 58
39 85
67 67
82 48
12 96
74 64
98 1
92 42
83 61
67 79
72 77
99 44
91 65
99 59
60 99
96 74
78 93
91 97
