102
4 3
11 7
17 5
9 16
25 25
36 38
64 69
83 88
16 15
16 23
24 18
10 39
42 9
24 38
12 48
15 53
46 48
14 67
12 75
49 60
79 4
14 82
53 66
29 84
36 84
8 96
73 92
4 18
18 8
27 7
17 31
28 22
29 34
42 31
50 17
31 44
51 23
57 9
10 61
24 60
55 34
67 2
26 67
73 17
56 53
61 58
20 92
69 67
34 90
26 95
19 97
90 46
73 77
88 69
81 78
86 87
96 90
99 98
2 10
12 3
18 1
17 15
6 30
35 17
31 26
38 15
47 7
17 45
24 42
45 20
28 47
40 38
60 20
64 1
66 7
55 38
38 57
54 43
17 72
76 9
66 45
24 77
68 48
3 84
44 75
87 21
72 56
5 92
40 88
68 69
8 97
84 50
1 99
33 95
97 30
96 38
49 94
99 51
64 93
76 86
95 81
93 95
