115
15 31
65 23
68 5
48 80
17 18
4 25
3 32
44 10
31 34
35 30
13 46
2 57
46 34
25 54
35 52
12 64
58 37
24 66
50 52
47 59
75 37
68 49
95 31
72 81
23 6
13 25
31 8
20 31
10 36
22 46
52 4
43 39
35 47
54 24
8 69
14 70
70 24
35 70
9 78
82 5
84 13
48 72
74 52
31 87
52 77
5 94
89 34
84 56
52 90
49 99
96 58
87 81
78 90
80 95
86 91
3 7
10 11
16 0
7 22
23 20
30 21
24 29
38 3
5 39
41 23
49 8
35 36
13 50
5 60
54 27
59 13
61 5
48 38
24 59
62 19
69 4
67 17
38 58
60 42
72 16
16 73
26 71
2 78
61 51
80 12
71 42
80 27
8 87
21 85
0 88
32 84
41 80
82 37
88 20
57 70
92 9
79 48
73 57
84 40
93 12
76 62
87 48
60 80
39 93
31 96
58 83
69 75
96 42
72 77
92 53
85 68
96 68
94 71
73 98
90 85
