116
8 2
8 10
8 18
8 26
28 2
28 10
28 18
8 34
38 2
28 26
38 10
38 18
8 42
28 34
38 26
48 2
48 10
28 42
8 50
38 34
48 18
48 26
38 42
28 50
58 2
8 58
48 34
58 10
58 18
38 50
58 26
48 42
28 58
8 66
58 34
68 2
68 10
48 50
38 58
68 18
58 42
28 66
68 26
8 74
48 58
68 34
38 66
58 50
28 74
68 42
48 66
58 58
8 82
38 74
68 50
28 82
58 66
88 2
48 74
88 10
68 58
88 18
8 90
38 82
88 26
58 74
28 90
88 34
68 66
48 82
88 42
38 90
58 82
68 74
88 50
48 90
88 58
68 82
58 90
88 66
68 90
88 74
88 82
88 90
0 0
0 4
0 8
0 12
0 16
0 20
0 24
0 28
0 32
0 36
0 40
0 44
0 48
0 52
0 56
0 60
0 64
0 68
0 72
0 76
0 80
0 84
0 88
0 92
8 94
0 96
28 94
38 94
48 94
58 94
68 94
88 94
