115
39 43
88 8
63 16
73 26
3 90
38 96
94 52
68 85
4 4
12 12
9 23
13 36
8 50
13 66
25 65
69 33
57 58
62 61
12 87
13 94
66 69
57 80
91 39
86 61
86 82
67 99
15 28
20 32
43 7
19 45
39 31
48 16
47 35
59 24
57 34
71 9
72 1
6 74
29 72
43 67
75 32
52 63
28 78
39 74
74 45
79 37
27 83
85 27
54 71
72 66
93 31
85 93
1 7
8 4
8 12
5 19
16 16
25 12
8 27
26 15
23 22
32 7
2 33
25 29
38 5
38 19
9 44
30 34
6 46
33 36
13 49
21 47
39 36
25 47
53 21
24 54
21 56
1 61
11 62
21 61
40 55
31 61
61 32
15 68
57 45
37 65
65 37
16 78
13 80
22 79
83 3
29 82
68 55
11 88
58 71
91 14
69 61
24 93
84 48
30 94
90 43
56 83
95 33
48 90
39 96
83 75
90 70
99 66
89 79
77 92
99 74
92 84
82 96
86 96
96 93
