142
79 59
25 45
25 81
76 21
8 13
68 83
47 13
5 86
58 80
90 45
96 82
7 54
59 58
91 5
45 72
71 6
99 24
19 5
82 36
62 31
9 75
36 22
70 66
13 39
17 61
81 93
0 27
37 92
49 44
99 59
5 97
74 77
34 36
66 98
1 74
98 95
90 20
51 33
34 81
51 59
33 60
42 7
71 50
52 96
18 89
87 61
83 78
19 12
17 45
32 73
55 71
94 35
61 48
74 86
17 74
51 27
1 5
37 47
17 54
96 16
28 1
91 73
9 60
25 91
28 23
96 46
68 16
53 6
26 67
9 7
10 91
73 70
96 53
78 39
80 70
44 85
1 20
97 1
39 71
50 75
87 91
75 62
7 43
76 1
18 36
77 81
7 34
55 85
2 55
13 81
67 56
66 9
44 0
32 46
88 12
84 28
74 8
19 84
12 71
74 91
10 18
67 69
94 93
0 79
73 81
11 13
65 79
15 95
99 34
56 47
62 26
32 41
62 94
77 35
40 43
93 57
76 51
80 85
47 63
53 77
36 28
89 65
43 21
23 15
93 41
23 6
57 74
53 66
97 63
26 77
76 95
17 0
71 11
4 29
16 70
36 67
71 88
21 50
86 23
47 7
94 50
79 77
