139
38 50
85 69
71 15
5 51
26 99
21 6
59 87
85 27
21 78
64 54
30 26
50 5
1 22
8 93
88 97
52 26
16 57
81 0
46 65
8 35
70 39
92 47
27 51
90 79
40 93
69 4
37 72
85 56
41 16
59 70
50 81
2 79
83 83
29 61
52 42
23 17
96 32
19 94
25 44
63 22
6 67
3 8
75 49
34 7
1 96
96 0
98 63
17 85
80 14
53 93
94 84
33 20
9 44
69 63
60 11
20 25
99 24
79 95
60 51
39 65
78 43
17 77
42 57
74 81
75 57
47 33
0 59
38 27
28 35
71 8
54 2
6 25
53 66
57 19
8 84
65 44
52 76
64 78
24 59
63 29
69 54
59 58
99 77
50 60
99 42
59 39
35 55
57 81
17 70
31 73
20 48
22 91
90 34
43 88
44 4
19 14
33 93
4 36
53 11
29 0
12 63
4 30
27 40
14 28
84 40
82 89
82 77
46 52
93 28
63 89
21 43
22 53
42 98
52 37
21 61
33 30
88 49
79 68
32 51
39 53
67 1
13 40
13 80
49 89
63 60
17 54
10 89
75 4
23 74
89 71
12 34
31 58
82 59
10 97
34 26
34 17
39 23
2 54
79 82
