115
22 72
17 11
21 2
3 30
2 34
40 25
4 50
5 62
61 35
61 45
35 72
21 83
80 50
85 42
25 92
53 80
71 67
45 88
69 81
60 88
75 76
85 90
20 14
17 20
11 25
28 9
33 2
32 18
30 24
40 5
20 41
46 12
33 39
62 7
17 61
64 0
60 23
70 14
46 56
76 7
13 76
77 25
83 13
81 29
84 21
4 87
56 70
72 58
1 94
24 96
75 67
33 95
55 91
49 96
90 63
87 69
96 74
0 0
9 3
5 10
11 6
14 4
23 14
14 26
20 22
4 34
21 30
28 27
13 40
42 7
27 36
48 12
43 26
18 48
53 0
44 39
39 46
11 60
59 16
47 41
37 54
69 8
27 66
54 50
26 70
68 33
78 3
38 69
47 65
77 31
56 62
86 0
71 49
43 76
30 85
61 70
92 18
91 26
88 42
98 10
88 47
19 98
80 61
64 79
93 42
98 35
78 76
77 80
69 91
83 79
60 98
79 89
78 95
96 78
95 86
