138
92 95
31 24
28 74
90 42
65 79
58 26
1 2
13 79
28 43
5 39
32 87
75 11
38 59
50 4
21 6
77 60
55 94
48 44
71 29
4 13
43 15
96 83
12 27
86 2
60 64
88 28
19 92
3 77
93 61
1 97
69 43
12 61
31 17
47 23
40 45
22 30
45 91
83 76
56 17
73 87
33 96
92 11
13 90
19 54
48 65
44 8
56 33
74 77
0 26
38 84
35 5
61 92
26 88
12 14
83 55
27 33
61 13
3 47
1 9
82 88
50 57
39 40
75 41
32 65
54 46
67 71
58 72
79 30
2 59
74 0
58 87
52 11
2 81
63 57
66 84
7 17
46 81
9 31
15 82
97 26
34 72
28 18
48 98
92 88
23 36
76 23
84 23
56 37
73 54
22 84
67 12
46 30
11 39
46 52
92 32
63 42
35 41
0 19
34 78
92 46
16 7
39 96
94 78
59 20
22 49
99 87
21 1
68 89
38 17
64 65
63 24
14 74
34 92
89 64
17 29
24 25
12 96
22 97
83 71
89 37
73 37
22 11
55 0
8 94
52 96
47 19
42 41
33 9
70 75
17 3
15 12
24 55
40 92
64 97
5 30
86 88
1 13
4 42
