138
73 25
33 59
33 19
66 66
26 98
15 10
97 76
11 45
60 93
56 44
82 4
12 70
93 36
73 57
42 11
93 54
36 82
33 42
74 89
51 56
13 27
64 7
47 70
60 32
96 24
87 72
73 71
17 98
75 48
48 2
59 81
25 83
43 36
24 3
2 11
21 26
19 55
79 96
96 0
32 53
71 37
20 39
36 93
88 29
3 54
32 9
10 2
13 18
58 63
10 65
51 45
95 67
82 46
28 68
96 82
40 64
5 99
39 29
49 22
37 0
84 34
69 17
81 78
80 59
5 77
50 94
62 74
39 52
56 2
49 76
82 20
72 44
25 27
40 72
51 34
80 53
46 60
89 10
26 75
40 18
26 39
65 0
73 8
8 33
6 24
19 65
16 91
27 22
78 41
56 57
72 75
57 36
71 99
61 97
35 64
66 32
2 67
38 39
19 82
34 88
4 49
61 42
26 57
17 29
99 55
30 28
24 92
67 75
82 1
16 42
99 20
21 45
11 75
65 81
53 72
30 95
52 81
89 24
54 50
41 14
82 25
32 49
98 5
86 1
14 63
84 71
41 92
85 52
86 66
41 7
36 26
27 86
48 43
46 53
3 15
68 49
83 10
70 64
