118
9 1
26 28
96 11
90 68
21 15
33 3
34 37
23 52
49 38
39 55
68 14
13 73
47 58
51 57
84 24
10 88
89 78
6 14
4 30
11 34
36 23
47 15
13 48
52 18
20 57
61 2
60 19
44 46
60 24
30 58
14 64
59 34
18 66
66 29
36 64
4 75
75 17
57 52
15 77
69 41
77 28
67 49
83 14
77 37
51 69
47 77
91 7
35 86
53 77
65 69
90 32
71 65
96 31
46 90
35 95
42 94
78 77
85 82
94 73
74 95
95 95
13 1
19 8
0 28
29 2
15 26
28 12
30 9
42 11
26 38
44 20
15 48
0 51
46 26
9 53
55 0
34 48
53 28
51 34
22 61
72 4
59 45
5 76
75 16
54 56
36 70
79 0
79 7
40 69
26 76
55 61
46 70
20 84
55 67
87 22
47 80
90 26
63 71
86 42
74 62
97 1
83 51
27 94
88 45
54 89
90 53
98 38
52 92
86 69
90 64
60 93
75 83
73 86
89 80
99 82
94 88
97 90
96 95
