201
56 65
56 16
28 44
7 84
91 77
91 28
1 7
35 84
21 14
7 35
63 91
77 7
84 37
21 63
63 49
0 56
36 14
70 72
98 58
49 35
84 93
98 2
42 65
83 51
28 30
21 98
91 14
56 2
70 16
63 28
41 51
28 2
21 77
7 98
3 14
49 84
42 9
7 56
49 91
98 44
7 70
14 16
77 63
78 84
14 2
28 93
77 35
99 79
0 77
92 92
21 42
50 56
35 70
35 21
0 28
35 42
0 91
62 5
77 21
0 35
49 28
14 37
4 63
49 77
70 9
63 70
14 93
70 37
77 98
14 58
98 23
56 37
28 58
41 37
84 72
56 44
28 72
35 91
91 49
43 44
69 44
56 93
49 7
69 58
77 56
70 79
70 93
77 0
84 9
21 21
50 70
7 0
83 79
84 30
14 72
27 37
42 79
21 84
76 49
0 42
35 56
42 23
62 56
49 49
21 0
56 86
98 65
91 7
41 2
13 65
91 42
7 28
28 86
84 65
35 7
14 44
98 37
7 49
91 0
49 63
69 86
0 49
7 77
49 0
91 35
42 58
99 30
70 2
14 9
77 42
70 65
56 23
91 70
63 77
14 86
28 51
70 30
56 30
35 77
21 28
91 21
49 98
99 86
28 9
28 79
0 21
0 84
35 28
35 98
14 30
63 35
14 51
84 44
77 70
56 51
91 84
84 16
98 16
63 21
7 21
21 70
7 42
63 63
91 56
21 7
91 98
49 14
63 98
49 21
0 98
56 79
21 49
42 72
28 65
98 72
7 91
14 79
22 91
56 72
77 77
0 70
42 16
27 23
56 58
71 23
98 51
15 23
49 42
63 42
35 35
83 58
56 9
22 56
35 49
78 28
43 30
21 35
27 16
83 2
84 86
63 13
