133
66 4
30 80
90 66
35 17
9 69
62 69
1 21
62 43
90 26
4 94
15 49
74 98
6 1
88 89
59 81
53 23
75 1
26 39
2 56
91 1
47 8
41 85
22 8
60 15
94 41
95 76
32 66
80 34
68 86
20 59
28 29
39 52
9 37
91 12
53 42
54 93
50 33
73 52
81 75
20 91
79 13
54 69
40 23
1 30
71 24
35 6
94 59
64 95
6 84
19 17
17 71
10 22
55 60
2 71
49 81
11 60
92 81
80 57
24 81
56 31
14 3
39 92
73 10
87 16
61 62
41 16
29 73
4 8
41 0
16 10
0 92
4 62
52 50
47 97
20 44
86 38
30 89
24 53
71 62
61 52
33 47
54 13
73 85
33 83
37 74
81 82
81 22
43 36
30 6
18 76
53 75
10 99
42 7
10 8
23 30
45 76
84 51
4 40
32 22
64 82
0 16
6 19
62 89
87 78
85 67
26 3
40 28
94 88
6 28
87 31
48 27
59 9
27 35
93 67
65 9
60 75
91 94
69 97
32 32
61 99
63 0
90 73
91 57
3 4
45 22
54 85
88 84
23 15
93 5
45 13
33 27
18 95
30 19
