124
66 16
26 5
93 71
28 20
25 25
40 24
47 12
52 38
26 62
70 4
37 62
25 75
83 18
14 90
43 90
75 78
92 94
9 18
17 13
27 9
27 25
39 3
7 42
47 21
13 54
5 56
54 17
49 48
15 67
55 51
77 4
28 74
44 66
68 45
61 55
85 10
85 23
63 63
86 30
55 77
18 93
95 9
94 20
77 59
92 38
84 61
44 95
57 91
59 97
70 95
90 80
86 90
95 81
1 9
11 2
3 20
21 5
5 23
18 17
30 13
11 34
35 15
3 38
20 33
27 29
43 2
24 39
15 44
43 19
2 52
28 44
54 21
39 44
21 56
6 60
53 31
62 1
63 8
36 54
62 22
0 66
59 32
18 67
68 16
54 45
68 20
65 29
5 73
34 69
70 36
12 79
31 77
19 81
67 50
55 65
2 86
21 84
50 73
11 88
89 1
3 92
78 51
65 67
41 84
29 90
1 95
54 79
96 18
95 24
6 98
86 49
99 0
69 72
66 77
97 34
75 74
68 86
86 74
74 87
67 93
96 64
80 97
97 83
96 97
