138
47 22
58 88
20 80
97 34
2 18
82 75
13 58
98 2
36 48
84 51
33 20
67 60
83 17
52 8
4 44
36 93
97 92
52 40
18 15
78 86
16 97
54 58
38 36
98 62
21 45
3 98
65 25
5 9
32 6
38 63
4 80
61 7
89 89
50 97
29 58
8 39
86 31
84 99
97 16
66 76
71 39
4 69
28 32
38 88
91 6
89 65
77 66
93 80
42 7
2 36
89 21
14 31
46 72
22 53
99 45
47 58
52 20
22 3
11 11
61 52
97 55
13 21
31 72
98 25
53 80
68 67
64 93
88 13
82 0
44 28
49 0
61 39
79 96
59 77
22 61
12 2
69 14
51 34
22 74
53 48
37 28
15 81
44 42
45 94
6 62
84 60
11 49
27 16
82 26
22 20
1 24
27 79
97 40
0 10
73 61
24 86
85 45
63 83
36 85
51 28
91 50
33 98
60 70
5 84
73 71
48 12
93 1
52 2
36 15
44 63
75 99
6 94
41 1
85 79
30 52
83 36
54 14
66 54
38 21
53 87
35 58
10 66
61 22
32 90
56 34
29 10
93 85
92 59
99 87
75 85
81 51
80 81
89 81
40 83
94 19
33 62
82 21
48 91
