132
41 49
93 52
18 17
82 16
68 92
11 79
63 50
66 22
7 35
22 67
96 84
87 66
53 69
40 90
32 31
93 31
0 8
73 13
37 13
52 43
0 56
79 46
51 4
76 30
91 1
65 35
79 78
3 27
67 70
30 58
27 92
29 4
9 71
93 11
64 79
85 93
0 44
5 98
75 3
35 70
42 38
59 98
8 12
24 40
56 19
18 54
58 54
88 70
99 62
70 58
29 24
7 2
18 93
34 49
56 79
92 95
12 26
59 0
4 68
90 46
72 42
89 7
78 84
65 13
34 64
61 61
94 75
94 26
61 74
78 69
56 37
34 98
10 90
5 76
69 87
86 31
7 55
5 44
58 22
58 67
46 78
36 55
13 13
32 88
33 42
17 39
53 59
0 22
82 23
23 12
8 18
57 93
78 52
98 46
73 27
98 79
60 9
23 3
72 20
98 15
59 44
78 39
90 20
28 51
43 34
50 50
37 20
28 63
29 68
63 56
59 33
69 7
88 15
28 31
75 88
16 82
32 14
67 40
32 0
77 0
65 96
13 9
8 30
36 25
87 48
19 28
87 74
25 65
93 57
3 52
1 66
36 93
