116
20 47
71 6
57 53
18 77
66 64
58 76
89 37
9 6
24 10
24 41
25 52
42 42
56 24
55 30
53 59
78 21
73 42
96 11
93 35
99 22
60 86
55 90
6 20
28 19
13 35
39 4
44 13
42 22
2 53
45 34
4 63
33 54
62 19
45 48
55 41
60 36
2 70
72 0
48 56
71 24
78 2
36 75
70 45
81 21
22 82
69 55
87 23
49 76
76 51
40 83
68 72
74 71
92 46
59 97
98 87
4 0
19 13
30 4
29 10
9 31
39 12
36 20
48 5
28 41
17 51
14 52
17 58
61 3
50 36
61 10
26 57
64 20
68 10
60 39
65 33
37 64
10 75
56 51
47 60
28 72
44 68
60 55
8 83
84 9
39 75
56 68
91 5
85 35
3 92
83 41
69 63
48 81
9 94
59 75
54 79
85 44
19 94
77 58
30 94
77 63
14 99
98 30
85 61
93 49
73 80
55 95
82 75
88 69
98 54
66 92
99 64
76 93
84 88
80 99
85 95
97 98
