122
24 38
30 47
38 54
17 5
28 0
28 23
38 8
34 25
57 6
64 6
63 33
3 82
59 59
72 57
62 68
27 92
95 30
52 96
60 96
4 7
10 9
21 13
26 8
10 30
1 34
17 37
39 15
28 34
36 39
40 41
22 54
52 27
60 11
41 54
68 8
70 0
5 72
54 49
52 54
76 20
17 80
73 40
67 50
55 71
91 12
20 96
42 91
64 78
86 55
94 44
65 98
72 96
85 89
94 82
95 91
19 2
14 18
9 23
21 18
30 11
26 25
8 37
22 32
40 0
42 15
0 47
49 1
9 49
26 45
52 0
51 20
7 55
4 57
32 49
45 38
26 56
42 48
4 67
56 38
50 46
13 67
28 64
36 60
68 21
61 37
65 30
71 11
23 69
15 73
9 77
42 67
79 16
79 20
85 7
81 33
63 61
1 89
28 86
37 83
3 92
15 91
44 82
69 63
80 50
85 42
77 61
32 94
70 71
98 20
56 83
88 50
67 78
81 68
85 63
99 40
62 87
80 79
88 70
70 90
88 75
83 81
77 97
