116
74 35
88 44
2 23
9 23
28 14
22 29
8 44
46 34
55 29
17 64
76 13
92 24
96 38
85 68
67 86
74 81
88 78
79 98
19 13
0 33
4 36
12 40
42 4
38 26
20 45
1 50
14 49
48 20
16 56
55 21
60 17
15 69
58 41
45 55
68 21
68 25
27 69
60 51
66 46
7 81
81 11
51 64
2 82
73 42
60 60
18 84
85 19
82 31
79 38
73 50
40 81
49 77
69 61
31 88
50 83
69 70
93 45
89 54
79 76
80 87
97 73
87 89
83 98
94 89
5 7
8 5
1 13
23 0
1 24
17 17
10 23
23 23
30 13
9 32
1 39
31 25
42 13
26 39
32 36
43 24
23 45
50 11
52 8
56 0
56 12
35 46
11 59
2 61
30 54
9 62
48 42
61 21
41 50
22 62
73 5
26 70
44 63
66 40
75 31
25 79
53 75
1 94
86 40
94 13
25 93
82 52
63 74
95 27
49 88
38 95
57 87
95 45
66 82
81 69
71 91
67 97
