140
71 35
32 77
6 28
47 71
81 84
67 9
31 26
1 91
92 6
75 61
9 55
32 6
4 14
62 88
23 39
98 57
57 38
43 97
56 64
14 78
34 53
96 94
25 91
98 21
97 76
4 71
63 55
80 13
70 46
80 29
17 18
30 70
3 43
99 41
53 30
24 5
8 8
60 13
35 38
72 96
28 83
48 79
80 42
18 53
60 72
88 53
82 65
90 13
9 98
72 78
64 24
88 81
32 88
54 90
30 16
99 63
48 14
66 49
12 31
61 7
37 46
12 47
27 63
94 35
40 0
78 20
16 88
61 80
2 82
12 68
26 44
55 57
56 0
49 37
68 1
59 95
2 61
89 95
23 30
84 7
55 45
60 63
23 17
70 55
36 71
98 0
63 35
16 2
4 38
35 92
57 33
69 91
80 78
9 92
1 25
6 77
10 18
38 78
29 2
18 48
5 97
50 97
46 84
66 97
23 82
90 21
33 43
70 28
34 98
4 48
77 47
39 51
73 43
3 8
38 5
87 62
79 34
62 44
67 82
35 15
83 73
62 66
89 35
8 43
97 9
26 19
52 25
74 22
98 67
76 82
21 89
70 4
51 69
17 74
29 49
34 23
31 30
0 16
53 62
63 11
