124
0 32
18 65
76 38
1 4
13 12
4 19
31 6
43 14
25 42
51 21
27 53
47 47
8 66
37 71
79 27
36 99
65 88
79 79
80 85
5 12
11 23
27 25
2 37
40 1
31 37
44 23
50 1
8 54
58 5
31 52
46 40
60 31
9 68
66 30
62 38
70 33
66 42
5 79
26 76
85 11
50 70
81 41
57 72
78 50
92 15
44 84
27 92
86 45
81 60
77 68
47 93
95 53
75 89
89 89
23 4
20 20
31 0
17 31
7 35
31 22
20 33
37 15
39 12
31 30
37 23
13 47
46 18
2 51
21 47
28 45
53 9
58 8
53 25
3 60
12 59
15 59
40 49
31 57
65 17
54 40
38 57
52 47
33 63
72 16
75 7
56 53
53 59
40 69
62 52
80 20
56 61
84 3
80 28
70 51
61 63
11 88
90 1
40 81
70 58
9 91
91 23
93 14
37 87
58 75
0 96
97 19
7 99
26 96
92 38
90 47
89 52
99 30
66 81
55 89
96 44
57 92
60 92
89 65
83 76
68 97
79 91
92 87
86 93
98 96
