116
17 22
46 39
28 55
67 17
52 64
87 40
94 23
50 94
19 29
5 53
41 42
6 59
55 24
16 67
54 51
67 45
33 77
23 85
40 79
59 70
96 14
78 59
5 19
1 23
26 12
26 29
5 41
15 50
53 3
23 52
57 10
55 33
63 18
68 18
76 6
74 42
70 50
52 69
15 88
82 36
18 88
64 64
1 91
47 78
93 2
25 91
89 42
35 92
41 90
18 98
87 53
76 72
38 99
87 72
92 70
97 72
85 86
95 80
82 99
8 1
1 11
14 13
20 6
10 23
27 12
9 32
1 34
36 8
29 24
42 16
36 27
45 7
30 41
33 39
49 18
53 13
45 31
34 46
59 23
39 50
28 57
36 56
41 53
55 42
44 58
70 23
12 73
46 58
78 10
71 35
0 80
27 76
45 67
16 80
40 72
79 33
83 22
74 52
88 22
13 91
93 5
9 94
59 74
7 97
95 27
40 91
81 67
98 39
86 63
55 93
95 54
70 88
90 73
71 94
91 84
94 95
