121
95 85
55 18
96 44
17 11
82 12
70 54
74 85
17 33
53 42
77 65
86 22
69 35
90 6
83 53
26 43
83 71
82 98
2 8
91 61
82 43
52 7
68 8
48 29
89 76
65 69
60 26
27 8
78 0
90 31
16 26
16 43
26 16
80 28
78 47
81 35
79 90
69 17
60 49
73 98
45 37
98 13
11 5
48 19
35 12
84 77
93 9
69 47
77 14
91 92
5 28
89 81
60 40
17 17
98 30
94 55
77 55
51 24
75 71
3 16
88 49
50 0
51 35
73 81
0 0
69 70
27 24
97 4
70 87
70 23
29 40
10 34
89 99
52 13
71 32
18 48
72 60
83 62
95 69
85 8
85 28
20 6
15 21
40 33
57 3
59 45
13 9
79 61
81 87
55 50
86 35
99 8
75 27
77 4
79 9
81 67
79 95
67 63
87 0
72 78
81 23
64 54
97 80
56 38
86 16
58 30
22 44
81 56
70 29
54 20
75 18
26 13
68 13
75 52
71 94
72 44
82 74
1 4
17 37
76 88
75 64
92 83
