125
53 43
19 90
4 1
79 89
87 27
33 31
63 1
14 51
54 79
89 52
39 2
98 2
52 23
28 65
37 99
10 11
71 67
69 35
95 78
8 65
59 59
73 21
80 5
61 97
46 9
12 77
3 98
77 50
32 20
23 35
31 39
37 78
49 57
85 90
27 76
53 30
42 39
19 19
5 20
34 8
83 59
62 81
78 38
5 54
24 84
16 42
63 90
41 67
70 58
94 34
43 97
45 26
81 17
36 58
45 75
73 30
21 51
57 10
4 12
39 89
82 80
91 11
69 43
49 3
71 92
36 15
65 53
59 25
1 3
94 89
48 68
73 2
93 23
48 40
56 92
27 23
79 97
24 46
87 34
92 55
14 55
51 97
65 38
25 56
30 90
55 52
22 64
42 56
35 39
18 15
16 77
20 94
75 16
67 9
58 3
68 29
63 65
90 49
7 2
59 46
83 40
43 32
76 72
86 19
56 30
0 54
74 54
47 23
27 34
2 8
84 53
39 20
28 44
50 7
81 8
88 88
68 22
67 89
51 75
13 45
62 86
56 43
66 50
78 30
76 46
