135
85 10
35 67
21 21
80 73
67 44
14 58
54 89
17 84
67 13
42 11
7 18
34 40
9 39
48 54
89 48
96 84
48 21
6 97
67 91
48 39
30 91
61 77
71 36
43 88
34 14
52 66
20 43
97 72
69 67
99 21
61 56
20 32
88 59
88 34
60 95
1 59
1 25
95 6
72 50
36 1
24 51
32 22
40 42
65 29
77 63
54 82
14 4
91 77
98 97
10 77
19 64
54 45
58 36
82 4
38 24
89 65
77 87
62 5
79 20
14 30
38 54
26 78
31 7
61 43
55 76
66 82
32 33
42 69
44 18
1 49
41 47
24 25
53 92
13 93
82 35
82 64
29 41
38 75
10 34
97 29
1 29
96 51
10 53
51 35
29 87
77 46
94 16
1 20
10 64
90 86
76 72
60 91
71 60
44 35
87 18
64 99
12 14
69 6
38 61
74 31
46 15
58 9
46 74
95 89
43 51
17 35
85 80
15 44
73 40
91 73
8 58
9 81
42 27
86 43
8 27
68 72
58 59
28 47
42 56
50 51
72 44
78 35
1 97
29 18
13 75
48 90
80 15
38 19
9 97
54 97
73 89
61 86
25 20
69 32
50 16
