147
81 36
25 47
66 95
10 85
47 6
9 15
63 62
30 85
89 66
44 38
74 84
70 9
3 34
32 72
10 64
28 13
93 27
69 47
93 88
66 33
95 6
44 63
15 25
55 42
40 52
44 22
7 48
47 97
15 95
16 6
29 60
43 74
85 42
23 68
64 51
83 79
77 94
98 68
31 34
20 84
85 88
36 88
68 75
3 65
2 10
63 11
13 35
72 27
42 10
13 51
68 64
8 23
93 59
60 35
59 82
14 71
78 43
68 2
26 23
14 81
52 88
7 39
57 66
93 74
77 64
52 19
61 52
38 27
78 10
17 15
33 50
87 96
68 58
87 51
30 4
37 37
18 41
71 80
80 26
49 73
58 59
19 62
10 77
59 28
73 51
72 20
83 72
91 43
16 31
26 73
15 88
72 36
90 3
46 49
20 97
36 12
42 93
86 28
3 5
21 51
52 9
92 94
41 5
31 77
38 22
26 31
22 89
94 32
40 42
47 16
56 72
29 89
17 56
60 93
88 39
87 70
26 56
55 37
41 37
34 93
19 73
39 64
32 15
45 57
76 81
34 46
44 78
4 21
81 85
67 8
17 2
71 14
68 80
78 98
40 33
3 41
55 46
77 48
42 47
29 69
31 81
97 75
3 71
17 11
57 55
71 66
7 17
