122
54 37
66 17
62 51
77 41
52 85
39 13
33 29
49 7
14 50
58 7
35 70
21 76
79 2
40 77
19 94
12 96
31 95
88 55
79 90
91 85
7 5
15 9
2 21
26 4
36 6
4 37
23 30
14 40
24 42
47 30
42 42
11 59
21 58
57 33
42 52
21 66
36 64
27 69
47 59
54 53
71 52
64 63
89 14
50 77
71 61
92 48
60 87
80 70
89 64
55 95
82 75
98 65
93 75
2 11
19 8
12 21
20 18
32 11
22 34
33 26
40 14
46 10
41 26
31 38
53 3
54 19
27 51
50 29
56 16
34 49
0 62
62 11
12 62
25 60
49 45
67 3
63 24
68 6
70 14
67 30
72 17
4 75
64 48
9 81
74 37
47 70
57 64
6 87
14 88
20 87
28 85
55 71
86 29
79 45
31 86
91 10
45 81
0 94
66 67
43 85
36 89
6 96
73 63
65 75
99 8
91 42
97 30
85 56
47 92
97 38
95 45
41 97
49 95
98 52
81 79
77 83
99 57
81 85
74 99
94 82
95 85
86 96
