99
25 14
16 25
6 13
1 2
29 4
28 19
4 57
76 20
3 19
20 9
11 20
11 26
53 5
11 53
26 62
17 68
15 77
75 27
20 81
12 89
14 96
96 30
50 89
68 89
13 3
18 18
18 51
56 13
54 23
12 61
64 12
60 26
1 67
19 71
9 73
62 40
67 36
59 51
27 74
48 66
80 23
86 8
21 84
88 21
61 67
93 1
94 7
70 64
58 76
23 93
78 59
89 46
85 54
97 38
69 83
90 60
83 71
55 96
63 93
75 84
99 54
89 74
86 82
1 23
23 11
25 29
9 57
26 52
65 6
71 5
62 42
80 7
1 82
81 16
79 27
79 32
70 50
19 87
76 47
29 85
4 90
64 64
10 91
91 26
7 95
86 41
96 9
74 63
11 97
53 83
26 97
82 59
99 43
51 99
95 61
66 95
72 92
96 71
93 76
