154
9 79
86 38
18 16
68 82
42 42
86 14
58 24
41 92
80 63
60 58
16 47
25 77
84 86
17 6
63 9
2 7
45 58
71 35
49 75
26 32
96 65
4 98
6 26
74 92
98 3
12 71
28 18
48 84
27 57
97 49
57 49
33 89
29 4
1 51
8 13
99 15
57 8
61 86
47 27
39 52
86 4
95 77
12 33
64 68
74 53
58 37
22 23
89 57
65 17
98 38
36 25
22 39
52 64
23 99
32 49
38 82
80 95
18 69
57 95
43 38
36 34
53 12
93 91
72 77
33 68
85 30
60 79
1 80
79 9
78 85
32 11
66 1
5 58
18 30
23 8
51 46
20 80
55 32
99 23
13 97
6 87
74 31
3 45
62 46
84 56
67 53
12 22
87 50
76 60
33 83
80 39
92 64
97 9
66 40
48 68
3 5
28 25
81 14
13 12
44 32
63 96
31 42
66 76
41 88
52 97
52 4
6 19
86 92
74 99
79 79
56 69
53 24
10 30
0 0
62 65
15 65
7 94
28 51
70 19
91 38
73 40
42 62
7 3
88 17
84 81
61 16
99 79
71 57
29 75
5 78
6 9
49 57
37 56
35 15
77 56
19 65
88 44
21 27
96 61
49 13
64 81
90 61
35 39
85 1
26 73
74 83
47 40
18 39
38 43
53 76
59 11
37 49
0 4
52 83
