133
75 32
26 84
6 41
82 76
41 56
51 22
99 6
0 87
3 8
64 96
91 54
45 2
56 37
67 58
90 30
95 78
26 28
68 11
19 63
49 83
28 44
35 67
11 83
88 87
0 58
50 68
7 24
38 45
80 5
52 45
7 98
45 33
68 89
74 67
73 21
33 1
14 90
48 97
93 61
98 19
84 49
31 21
60 65
97 44
52 10
74 42
10 73
86 10
66 3
28 76
19 41
20 91
30 61
93 26
86 92
83 65
37 41
37 84
49 61
56 90
3 17
64 30
32 9
97 58
15 51
47 40
1 27
97 71
99 88
1 94
60 44
21 22
59 56
10 38
96 11
64 86
24 71
24 99
45 51
67 50
22 76
55 0
4 86
35 73
46 71
68 37
71 58
72 94
77 77
37 22
76 18
31 48
11 31
29 68
3 61
27 54
41 9
37 36
14 69
47 91
84 26
85 2
84 33
78 60
85 41
72 4
5 3
24 60
84 54
55 67
98 26
54 97
79 72
19 96
43 28
4 47
44 60
69 30
69 85
63 59
79 43
49 11
97 53
66 7
91 58
95 40
54 84
99 78
77 22
92 35
10 87
39 50
82 89
