92
91 69
78 20
12 50
38 73
20 15
96 27
91 95
96 47
42 51
96 11
51 10
19 93
35 32
64 60
1 2
94 79
5 89
82 59
96 42
14 74
72 49
91 28
76 83
21 36
65 33
90 56
34 92
31 1
45 83
91 17
76 4
23 61
47 35
91 5
6 33
41 15
7 61
80 40
96 90
91 64
80 93
82 75
52 61
16 57
10 10
27 40
91 85
34 49
51 28
96 33
61 1
84 28
90 9
21 28
91 46
96 23
6 41
93 38
51 20
59 54
75 14
97 57
97 17
91 90
91 79
16 21
95 69
5 5
96 64
96 85
34 99
91 13
27 46
91 33
47 40
96 52
95 5
97 78
5 83
48 5
34 44
39 28
60 59
95 95
73 53
91 75
91 41
91 51
91 23
92 58
16 53
92 9
