117
29 27
65 54
37 8
49 27
36 48
93 72
90 94
17 20
10 27
39 14
25 43
42 39
19 61
53 41
8 81
26 78
36 76
84 33
49 82
75 68
70 85
83 96
9 14
14 24
30 10
2 36
23 34
44 18
4 50
13 49
51 5
20 49
52 22
30 48
51 31
61 14
12 62
16 66
33 67
78 20
69 45
73 40
88 18
67 62
12 91
88 43
85 55
96 34
69 77
50 94
89 59
65 95
2 17
14 11
21 4
24 12
28 1
34 5
25 25
17 37
6 43
41 22
32 37
31 41
40 35
53 5
8 53
54 2
54 13
42 40
33 50
62 1
65 17
29 63
40 57
38 60
71 5
18 71
6 73
51 54
45 64
78 9
79 22
25 80
77 35
53 66
85 12
1 86
77 41
18 86
39 80
51 75
91 0
90 15
91 8
89 25
21 92
61 74
12 96
76 60
53 83
99 3
60 81
98 26
99 22
48 90
75 71
61 88
93 58
97 52
87 69
82 78
80 88
92 76
87 86
93 84
98 98
