119
4 65
51 52
34 43
27 52
29 95
87 97
29 13
28 24
17 34
5 47
49 1
53 15
45 32
44 41
57 23
0 91
90 31
65 76
45 91
92 46
78 71
76 82
6 3
15 5
16 24
11 36
9 46
51 25
19 59
61 32
14 70
49 53
31 68
61 45
74 26
80 24
34 78
27 81
67 54
87 12
62 67
20 90
44 82
95 6
52 83
96 22
82 59
94 38
56 93
92 58
98 90
5 13
2 15
23 11
28 3
9 29
2 31
31 15
35 4
34 11
11 39
25 32
45 3
34 31
44 15
39 31
1 50
43 27
22 47
53 1
1 55
10 59
2 60
61 2
27 56
61 16
6 64
53 39
22 66
33 62
61 36
73 0
74 9
63 43
24 75
73 30
13 78
72 38
57 64
34 80
76 44
78 41
63 62
70 55
88 16
3 93
20 92
1 96
84 51
72 67
13 99
59 81
97 34
57 86
64 81
97 40
60 90
73 83
95 58
64 92
96 59
82 80
90 71
77 87
76 92
97 70
92 77
93 80
91 97
