92
95 35
94 2
28 15
37 26
95 28
27 6
66 26
26 94
56 93
36 2
27 59
84 38
93 73
26 2
10 51
55 0
50 26
56 27
83 1
26 83
84 24
55 71
94 22
94 45
93 54
84 72
16 36
25 37
25 48
15 60
61 28
57 36
71 14
0 74
26 71
9 82
83 15
16 83
36 82
93 7
47 84
84 47
84 55
60 82
50 94
72 82
91 63
3 9
19 4
25 10
5 27
17 26
26 18
1 35
38 17
10 42
19 41
17 49
25 51
58 3
2 59
50 38
62 15
27 62
46 51
47 58
15 74
4 81
82 7
75 36
27 81
13 87
28 86
57 71
88 24
5 92
92 17
61 71
74 58
12 94
42 85
19 95
39 91
25 97
94 36
56 86
94 47
56 94
61 91
74 95
85 99
95 93
