145
68 27
11 62
58 79
37 6
95 72
22 52
94 23
34 77
42 33
9 20
77 49
73 87
11 90
7 40
58 66
61 19
30 62
87 37
44 45
95 2
96 54
26 31
2 8
43 20
82 93
42 79
45 11
68 59
80 23
88 1
45 99
70 99
13 55
28 91
82 76
8 1
49 63
33 60
0 93
1 42
41 71
40 86
79 14
21 40
48 42
50 4
30 3
58 93
93 93
79 64
2 87
68 13
34 47
73 39
74 25
73 81
5 72
95 13
86 51
12 29
50 23
25 57
81 34
26 76
48 54
48 29
58 27
35 21
18 81
22 65
42 51
0 35
61 13
4 28
19 93
52 73
98 45
56 43
85 43
10 8
13 16
96 76
62 86
91 65
30 54
91 33
45 91
36 71
2 50
4 81
82 9
61 9
90 5
22 5
89 17
99 66
30 66
63 65
17 49
18 34
65 28
39 36
7 67
35 64
39 13
9 52
92 27
9 47
69 19
11 36
16 59
74 60
55 86
76 45
45 1
82 98
53 61
68 83
77 76
4 2
22 43
73 53
36 83
56 75
55 23
88 24
67 95
39 89
43 40
55 70
93 37
45 25
65 55
40 8
21 36
92 69
71 77
90 10
37 57
94 80
63 24
60 62
9 85
70 90
86 6
