106
57 25
9 36
51 34
42 56
82 64
55 93
2 9
6 24
15 34
34 32
10 52
2 67
54 47
46 64
59 53
78 28
59 66
76 49
31 91
91 36
76 69
68 80
90 76
95 85
12 26
0 29
28 16
34 12
36 5
22 30
21 37
9 42
44 2
42 24
2 49
16 52
28 50
12 64
49 43
21 63
65 14
8 72
49 65
65 51
75 36
42 78
88 19
92 10
90 25
77 55
88 45
25 96
51 87
96 45
50 97
98 51
80 83
88 86
96 92
3 18
13 13
20 10
23 12
44 10
52 11
19 54
45 37
51 31
42 46
61 14
31 59
49 48
69 5
62 35
70 14
17 72
73 22
8 76
29 72
76 20
15 78
79 12
42 68
82 6
60 58
33 82
30 84
10 92
37 85
0 95
12 95
73 62
91 37
58 82
95 34
57 88
65 83
83 67
56 96
71 89
74 87
87 75
64 97
81 87
74 97
86 98
