121
87 5
2 83
95 13
93 28
28 14
36 7
44 16
19 45
12 50
57 10
54 29
69 4
42 55
26 65
71 26
34 72
82 29
55 70
31 93
93 37
62 82
94 71
4 11
4 20
1 35
30 29
61 5
28 56
56 34
5 71
60 39
52 52
74 8
40 65
78 20
61 53
59 59
83 18
36 77
7 89
49 76
42 82
20 90
81 45
69 66
80 54
47 91
95 41
84 62
69 79
79 73
97 50
97 56
56 97
65 99
75 96
10 1
17 4
18 7
13 18
10 24
31 0
31 17
39 10
37 17
9 40
0 43
43 3
27 37
43 18
11 47
3 49
50 0
49 14
40 32
24 48
39 38
53 22
56 14
12 58
6 60
35 50
45 42
59 19
43 49
61 27
28 64
70 15
9 72
64 36
19 72
74 11
56 50
76 1
47 60
27 75
16 79
70 41
81 22
0 87
33 81
76 44
88 6
58 69
16 91
89 25
72 60
59 73
48 81
10 94
93 17
85 50
34 99
60 88
71 84
75 89
85 80
86 83
81 91
91 91
99 84
