117
36 40
7 70
46 61
87 23
13 90
47 91
93 89
0 49
30 40
44 36
51 35
71 23
68 33
67 48
34 76
25 80
61 64
70 56
80 43
51 85
67 75
89 51
41 95
72 91
20 3
2 21
26 8
30 15
14 32
35 5
28 33
13 44
8 53
17 56
61 16
3 64
46 50
27 64
41 59
75 24
3 85
26 85
35 83
18 90
83 44
56 77
16 96
80 57
55 84
86 58
53 93
83 70
58 98
78 83
84 80
2 5
9 3
3 13
11 14
9 21
15 19
3 31
19 26
36 18
41 14
32 31
48 5
40 29
47 19
48 22
28 53
17 59
39 49
24 59
33 58
9 67
66 16
48 49
70 7
72 0
32 65
20 72
53 53
9 75
3 78
29 73
56 57
80 11
13 80
53 64
85 5
66 56
45 74
88 3
88 11
82 34
76 48
70 57
89 27
2 93
42 84
95 13
44 87
91 38
4 99
19 98
67 77
79 75
92 71
80 85
71 96
99 75
93 83
81 97
89 93
97 88
95 93
