132
59 97
62 40
14 32
71 3
90 81
22 85
87 30
65 62
16 2
32 54
41 17
5 62
99 11
83 63
62 73
77 22
74 91
48 28
10 98
36 87
84 45
49 84
16 47
55 13
25 23
95 62
1 50
50 56
30 70
89 3
95 39
66 19
87 90
2 11
49 3
70 82
38 93
78 11
66 92
38 1
12 70
88 14
19 98
6 36
31 95
32 45
35 63
79 68
8 49
74 44
46 75
47 45
56 62
54 36
67 36
20 7
91 54
8 89
97 17
96 86
15 38
79 96
84 70
79 31
6 26
56 27
30 90
67 72
6 76
47 13
90 97
39 71
60 53
88 40
84 85
54 79
67 47
4 55
91 8
17 80
10 5
81 53
73 25
70 7
45 58
30 29
37 53
82 76
28 75
99 25
54 94
23 90
61 15
97 58
24 2
42 33
34 19
1 99
42 62
96 80
61 66
0 36
62 79
67 30
19 12
52 48
67 87
81 13
68 78
78 62
75 7
66 15
45 18
68 2
85 33
20 32
69 60
50 18
10 93
57 40
85 49
16 66
91 88
93 14
52 88
14 43
82 89
61 45
48 61
96 36
94 5
28 93
