115
38 67
50 39
46 73
54 70
96 5
92 90
29 18
50 19
34 45
60 6
9 60
67 23
45 63
26 73
31 81
83 32
74 55
37 86
96 9
24 96
39 93
94 65
78 85
81 92
23 5
16 21
0 39
40 1
43 12
44 21
48 26
1 55
23 56
29 61
53 47
14 70
66 36
81 11
88 21
15 90
68 65
48 82
94 17
73 67
93 38
57 84
92 47
90 55
72 80
51 96
77 96
85 94
96 90
10 7
8 10
6 22
26 1
27 13
5 30
32 7
13 31
24 24
29 21
13 36
39 10
10 42
35 33
29 39
47 13
27 42
7 52
26 47
49 25
13 56
36 45
34 50
64 17
46 49
68 3
44 52
71 15
71 19
76 6
17 75
75 32
14 83
36 78
23 85
88 5
55 70
80 41
90 2
68 61
3 92
90 21
34 88
9 95
29 92
79 57
42 89
65 74
88 49
82 62
99 29
81 68
65 86
95 54
68 88
88 68
96 62
69 99
89 85
79 96
96 82
90 93
