117
11 2
58 22
66 13
40 57
63 96
8 30
26 30
39 10
14 43
47 8
53 16
46 31
35 45
57 34
21 69
54 59
35 85
67 70
94 24
8 97
38 90
74 69
35 97
90 82
8 17
2 21
18 19
29 6
47 18
25 47
60 5
17 58
46 44
36 53
28 61
54 45
36 62
61 38
49 54
42 63
71 28
35 70
68 40
13 84
21 86
41 79
4 98
94 30
20 99
79 67
61 84
77 79
59 96
81 89
14 1
22 5
18 15
9 33
22 28
0 36
34 12
0 40
11 41
36 24
45 3
3 49
26 42
36 35
50 5
18 47
39 33
47 26
0 57
65 1
62 20
65 8
50 43
17 65
25 69
20 71
75 4
11 76
75 29
43 68
80 16
35 74
55 61
5 83
80 23
79 32
7 86
87 2
79 37
13 87
88 1
30 84
90 7
49 76
70 60
77 57
89 36
96 11
82 55
95 34
53 86
89 49
91 46
97 40
83 67
54 92
69 86
98 52
65 91
95 63
96 66
80 93
97 84
