137
27 42
56 72
88 16
68 43
18 87
27 12
81 76
27 58
44 3
2 10
94 47
76 95
9 31
30 97
58 23
0 63
69 4
37 51
40 36
28 22
41 67
99 6
56 92
75 32
96 77
73 69
83 57
45 14
6 42
28 77
92 68
63 38
47 83
10 57
68 83
8 73
15 12
84 32
34 3
58 49
24 29
41 25
32 84
42 96
71 53
37 13
23 66
18 3
93 14
85 7
15 24
77 47
92 92
0 0
12 96
80 14
53 3
55 78
57 37
49 53
69 95
49 69
65 11
41 45
61 1
93 29
74 88
76 73
93 39
34 67
65 18
70 38
62 99
41 56
17 67
84 82
33 32
15 39
43 40
80 38
47 26
20 59
38 72
75 55
62 67
96 52
66 49
69 61
24 1
40 62
83 43
89 58
47 19
87 22
22 19
24 37
27 94
85 76
75 4
9 15
98 22
93 74
54 32
24 61
31 73
21 42
4 61
84 52
60 89
14 91
12 66
92 54
44 71
17 97
32 16
64 42
75 39
50 64
3 76
32 63
59 80
49 38
29 86
26 46
38 42
65 34
1 16
29 27
65 87
68 69
65 40
32 22
1 40
42 12
71 90
44 35
20 23
