132
13 76
51 51
87 83
92 23
32 15
51 93
31 42
93 60
79 3
82 74
4 20
55 24
32 87
61 72
78 37
5 43
41 69
15 92
74 87
60 56
63 5
34 28
80 55
84 8
29 67
8 5
40 36
66 37
22 42
4 91
95 49
90 33
19 21
97 3
70 67
2 66
41 16
36 58
24 89
57 86
43 25
32 78
89 97
39 95
69 49
67 95
13 30
5 98
34 47
29 7
93 68
10 85
79 28
70 8
59 8
42 49
80 90
76 13
58 43
45 94
53 7
30 53
89 91
53 70
20 62
69 25
96 92
32 21
99 8
39 3
52 30
24 94
68 88
86 13
10 50
37 22
58 97
25 37
32 32
4 57
91 40
81 48
31 94
68 73
47 37
38 83
23 84
3 37
58 51
72 61
96 56
43 59
49 12
4 72
75 33
78 83
29 27
80 19
22 49
87 73
93 5
75 74
43 34
86 3
56 81
14 18
66 67
15 97
86 18
42 99
25 71
98 67
17 42
38 33
58 32
63 91
4 23
38 12
82 41
5 8
72 97
65 84
95 33
5 50
40 87
47 68
66 54
61 77
90 9
47 30
34 36
35 93
