138
77 15
21 42
67 85
26 77
16 4
98 35
49 46
95 89
83 58
54 14
25 87
13 90
37 28
65 34
10 30
25 55
6 76
93 74
95 19
38 86
12 10
80 33
42 0
49 68
80 5
62 2
90 46
64 77
1 21
68 52
24 12
50 36
19 30
3 87
82 73
49 55
31 23
96 62
73 60
57 83
16 55
1 9
75 84
99 7
30 68
61 18
21 64
54 26
12 43
33 47
41 56
81 94
71 24
87 0
2 99
97 27
73 43
85 38
23 5
61 37
39 94
96 66
39 38
14 68
90 86
50 6
90 14
97 49
9 59
81 18
73 10
63 10
64 43
71 78
27 50
33 6
45 76
91 33
24 20
44 44
80 11
4 71
24 83
96 78
30 31
31 84
41 69
31 94
61 51
6 48
99 97
20 71
74 2
55 88
8 37
65 60
92 58
15 49
21 26
57 34
89 23
20 77
70 91
7 19
84 47
37 61
81 23
12 24
76 63
42 26
54 20
16 33
8 71
23 33
59 22
4 95
1 76
3 14
72 15
91 67
27 58
32 35
69 32
92 1
20 47
64 72
95 9
53 39
11 12
16 7
35 81
88 50
19 1
87 73
20 82
23 1
35 24
73 28
