132
95 79
52 36
37 78
5 26
81 32
19 3
73 79
2 94
63 6
8 48
27 26
69 59
57 96
45 9
93 3
91 46
9 8
8 81
34 32
51 69
27 86
94 24
74 27
68 94
82 55
16 67
97 98
39 47
19 26
19 51
62 19
56 52
21 98
15 36
88 67
30 69
71 46
65 29
36 97
7 18
71 95
65 73
36 17
3 0
76 16
39 66
5 76
37 1
77 72
82 22
4 63
72 4
90 38
54 43
83 2
94 12
27 5
45 40
33 41
61 56
58 28
50 48
15 60
17 40
34 92
65 81
98 92
80 49
53 95
44 28
91 74
12 22
0 13
9 90
97 54
15 11
18 45
41 57
64 90
52 61
77 61
62 40
7 2
23 81
2 32
55 21
53 74
35 9
41 5
70 89
45 95
12 30
25 93
64 62
59 68
17 20
88 61
79 36
79 97
32 87
14 97
98 30
34 73
18 72
65 53
11 41
65 13
39 33
86 53
28 64
23 21
49 54
86 75
98 21
74 19
72 60
75 66
32 30
76 46
2 73
69 78
7 72
33 36
73 91
88 43
5 96
11 84
4 6
67 4
75 32
5 15
90 0
