88
90 15
15 67
78 89
36 26
67 62
6 85
33 80
8 33
95 55
60 27
51 94
46 55
23 3
76 43
42 14
70 7
24 98
25 48
86 73
59 78
15 19
98 97
54 39
83 30
48 2
3 43
38 71
97 1
92 60
0 98
73 98
0 0
72 52
31 36
65 17
20 58
29 89
63 70
82 80
13 72
40 66
49 49
18 12
98 49
12 24
88 20
90 65
95 6
57 33
80 36
45 8
28 42
4 90
72 2
54 88
44 59
39 20
10 28
35 76
8 81
0 48
84 77
22 53
5 38
75 94
56 83
51 44
67 12
10 77
69 57
33 31
31 84
85 25
1 95
62 22
78 40
92 11
17 63
74 47
26 94
88 69
17 15
49 98
65 66
20 8
42 62
80 84
61 74
