113
26 61
50 47
14 74
44 87
64 75
4 2
16 10
14 24
33 3
37 14
45 20
52 8
49 27
60 8
11 77
77 41
27 87
72 56
95 8
65 82
51 95
88 65
91 92
2 9
18 36
34 27
13 43
6 46
34 36
6 53
32 43
25 48
53 22
46 38
59 19
66 16
21 65
65 23
62 39
74 8
42 65
56 54
21 76
76 24
16 80
81 20
60 66
85 30
53 73
87 25
65 64
42 81
14 97
57 82
38 93
85 54
78 70
75 85
95 72
6 9
12 8
17 1
13 15
25 14
6 29
33 6
23 26
31 17
43 2
43 16
3 47
12 46
50 12
35 40
30 48
52 32
42 45
16 60
64 4
10 70
70 16
43 59
63 44
35 69
71 31
7 81
65 49
83 8
13 83
74 43
85 11
10 88
74 52
16 90
85 34
8 92
57 74
96 23
88 45
21 98
77 66
97 34
93 49
61 86
47 96
74 78
64 94
56 99
81 80
97 65
77 95
83 91
93 92
