115
5 37
13 45
50 27
24 73
41 79
39 1
20 34
43 23
20 46
61 6
61 27
76 9
58 50
70 33
41 67
4 80
50 68
90 5
65 65
34 92
90 53
74 76
4 7
12 1
15 14
29 4
27 25
28 34
44 3
4 45
6 54
19 54
32 50
37 55
66 11
65 19
60 38
71 2
52 50
47 56
72 16
73 26
79 5
23 77
12 81
43 73
69 50
81 27
74 46
41 81
18 89
29 87
87 31
55 75
2 94
75 66
99 27
59 86
93 59
74 88
85 84
94 94
15 21
23 14
30 8
31 16
15 36
39 24
45 14
50 19
35 41
43 40
4 60
59 14
54 28
32 52
28 57
19 61
51 41
34 59
5 69
23 66
1 74
45 63
10 82
59 59
85 18
45 75
12 87
82 38
91 23
90 27
94 16
82 49
96 1
4 97
88 43
60 78
27 98
88 53
49 92
43 99
70 84
57 96
88 69
96 67
93 73
70 97
95 76
83 89
91 82
88 87
80 99
88 98
96 97
