141
85 15
30 68
25 29
84 63
11 86
58 10
58 64
2 13
49 89
92 92
3 40
48 40
26 8
70 28
24 50
89 34
96 3
8 59
72 56
23 85
71 76
54 75
94 75
9 3
45 11
40 29
94 50
10 97
63 47
30 40
43 64
60 98
58 27
84 90
80 4
40 52
76 45
85 72
13 29
0 87
92 21
39 85
2 77
33 3
11 12
49 24
97 85
25 97
63 20
68 68
82 28
11 47
35 93
66 84
28 77
98 34
36 56
54 36
72 11
11 79
25 20
38 17
56 78
89 77
73 50
52 48
3 55
8 93
2 23
15 35
52 9
39 2
7 71
45 31
88 46
78 97
31 25
21 25
50 73
81 35
63 54
94 40
41 78
23 66
60 70
73 83
57 2
47 55
90 83
19 46
80 14
29 86
34 76
75 37
98 24
14 93
92 30
98 0
83 9
18 11
51 82
68 22
35 42
48 63
25 40
89 63
90 17
36 34
39 9
4 0
42 88
59 46
14 53
13 6
63 16
25 4
6 80
80 47
23 55
54 85
15 15
72 60
88 89
37 48
89 11
90 68
49 19
49 11
99 81
61 79
13 89
58 16
21 30
69 8
32 57
24 12
3 60
87 27
48 7
81 93
6 44
