109
11 11
71 41
30 10
42 17
15 43
20 56
85 67
6 15
11 28
23 27
10 51
24 47
41 39
6 61
19 62
66 8
45 65
22 79
70 56
43 81
85 39
10 95
65 74
13 5
0 28
31 32
44 29
49 21
13 55
40 51
7 65
30 59
47 48
69 2
55 43
7 72
73 12
66 34
65 41
50 60
80 1
8 81
37 75
62 61
87 10
78 42
78 54
59 77
14 97
92 34
42 92
92 44
62 83
91 51
72 76
97 54
64 92
95 82
91 92
16 32
10 37
40 9
19 38
37 24
22 39
5 47
49 6
29 44
6 55
54 18
39 43
48 41
53 35
55 32
46 49
51 49
38 60
44 59
76 10
38 68
76 21
68 46
22 80
52 65
33 77
55 64
83 19
13 85
3 90
86 30
29 88
66 66
74 61
83 51
51 83
99 12
97 25
21 98
53 86
25 98
76 74
67 83
87 64
84 77
64 97
83 91
76 99
91 95
98 98
