92
77 16
17 20
17 78
0 12
77 77
29 39
99 1
50 39
13 5
10 45
51 71
3 89
60 11
34 89
10 25
88 40
0 1
46 17
10 55
10 13
32 30
25 11
99 23
10 84
25 99
57 29
10 33
1 70
49 59
32 52
51 99
23 71
29 81
0 5
18 29
21 8
50 29
11 71
6 19
88 16
33 15
12 15
55 44
5 10
10 1
23 53
1 99
87 76
8 77
98 5
22 34
17 8
44 44
27 2
1 62
25 86
44 11
10 88
56 34
23 43
99 15
49 49
10 40
13 28
1 82
13 65
1 15
11 21
81 15
80 10
21 17
13 74
29 29
10 5
33 25
55 39
30 99
30 34
15 10
3 6
15 42
3 76
9 9
15 55
13 1
30 44
55 29
34 80
27 55
33 40
14 33
10 50
