138
20 96
56 16
54 68
88 54
14 37
89 96
12 0
81 24
35 62
2 64
61 55
44 92
93 9
40 24
74 85
20 26
74 38
93 38
88 76
31 48
2 20
14 46
37 1
65 79
48 50
23 83
38 74
1 48
50 33
8 74
24 11
71 62
33 35
75 13
72 95
63 89
62 43
48 8
64 66
9 27
23 58
45 64
7 99
70 18
59 9
1 3
82 63
31 57
11 17
95 45
94 88
36 69
61 33
25 16
84 6
95 29
2 40
54 75
66 49
17 50
86 32
46 75
97 55
67 7
29 2
93 77
22 46
11 70
76 54
75 24
29 91
57 85
60 61
39 51
40 29
50 41
63 24
53 28
25 37
87 2
19 1
91 41
82 57
83 82
39 89
72 68
54 55
76 4
16 86
60 47
44 99
44 22
26 24
42 73
6 68
7 46
49 96
57 23
78 96
51 63
0 53
77 35
47 69
85 12
29 82
35 27
23 91
42 8
97 10
28 52
30 70
68 91
42 60
97 36
29 32
76 64
15 25
46 27
8 33
61 78
77 91
29 20
59 67
23 54
66 21
16 95
64 84
17 43
64 56
91 73
38 20
7 40
93 53
56 81
40 66
14 20
31 60
2 16
