134
12 74
52 15
84 92
71 44
21 31
46 60
44 92
94 20
1 7
4 49
95 53
73 71
24 18
10 93
36 74
85 0
55 35
31 53
44 25
52 81
68 22
84 67
46 47
99 36
42 15
62 86
19 96
5 59
85 15
52 2
94 84
16 41
11 1
0 30
39 37
54 98
37 60
54 67
12 17
39 95
52 55
65 2
70 91
84 55
43 78
23 85
37 9
27 27
91 36
78 26
1 17
94 78
23 75
20 11
1 66
90 12
47 87
60 74
74 57
29 43
73 78
31 13
20 68
1 98
69 38
20 20
36 65
79 7
92 46
96 92
15 88
92 15
42 56
85 83
48 33
13 64
50 71
2 44
56 88
55 20
16 23
97 13
34 80
29 58
20 5
6 86
36 15
95 6
4 7
60 41
93 29
86 96
36 32
76 48
87 61
5 76
51 61
29 88
34 93
18 47
93 59
80 97
15 37
78 18
65 71
49 8
9 49
75 86
76 66
60 35
30 76
96 41
93 73
76 36
69 47
23 24
22 42
47 18
28 31
2 57
82 10
43 46
51 51
30 19
88 20
74 91
40 24
17 71
40 33
33 59
67 88
36 56
47 92
24 14
