135
31 14
22 86
94 44
62 73
53 27
20 54
92 24
71 97
3 17
66 61
51 84
74 9
2 76
89 96
45 57
54 7
80 55
96 14
62 40
2 48
31 96
31 63
98 74
4 86
9 64
68 52
66 19
71 83
38 38
30 85
12 29
12 94
8 8
84 24
52 72
76 47
56 53
26 3
28 73
62 89
71 33
54 38
36 50
93 10
2 63
11 80
46 25
18 71
27 45
66 2
22 35
84 92
40 95
76 60
99 64
77 3
8 22
97 2
44 44
18 47
37 61
66 65
61 7
80 48
23 26
19 12
7 51
86 13
50 20
67 77
60 27
48 94
6 59
89 30
34 6
13 4
86 21
78 9
98 18
15 85
91 37
48 66
2 40
65 31
72 91
54 2
7 98
42 32
49 31
54 13
19 92
5 14
33 78
65 99
65 24
96 28
1 81
86 56
23 76
72 18
26 81
58 78
78 80
32 43
84 85
69 64
61 54
60 84
97 38
53 77
67 37
78 91
49 10
27 50
80 66
84 30
32 92
45 87
35 54
10 87
4 91
12 52
26 89
83 19
38 43
58 92
63 61
94 20
66 56
95 98
30 9
20 82
33 72
69 69
38 91
