141
6 44
70 56
68 24
40 76
32 30
77 90
20 1
95 11
20 77
36 8
34 51
91 60
45 87
51 52
69 74
82 11
1 80
92 37
62 6
89 82
43 25
2 23
11 6
20 37
55 41
6 58
56 90
76 38
15 90
70 14
49 1
54 84
62 32
18 57
51 65
62 53
85 1
6 34
41 99
37 37
54 76
80 3
80 73
89 26
32 77
17 27
23 45
18 13
98 0
1 7
64 86
92 53
15 71
41 62
31 60
97 67
74 46
88 95
72 68
55 27
57 46
90 76
70 96
79 81
0 64
11 52
73 27
32 37
68 33
37 21
32 12
47 44
11 42
45 10
38 68
87 47
81 64
62 25
21 33
81 97
88 17
64 81
45 29
23 54
0 72
1 37
76 20
88 7
64 60
38 89
89 88
46 19
81 41
36 79
33 26
96 23
9 77
52 59
35 73
74 3
44 96
46 73
65 45
75 16
37 43
50 78
59 1
45 37
20 91
6 27
15 2
11 47
58 97
16 42
95 77
7 82
14 10
68 83
60 78
67 66
46 53
23 81
79 15
48 84
84 74
31 82
39 51
7 49
79 35
47 67
92 30
59 39
32 57
74 90
23 29
66 4
42 81
99 63
58 53
45 2
63 75
