120
21 21
13 35
8 44
27 50
93 1
15 10
27 32
35 31
37 58
56 47
39 64
66 41
79 29
25 84
45 76
38 86
94 43
61 90
69 92
4 0
11 1
8 15
24 11
10 25
29 23
11 37
41 2
29 35
46 20
46 30
39 39
59 17
30 54
14 63
48 47
22 69
52 57
20 76
28 74
60 53
4 81
35 76
54 64
58 62
49 73
4 89
83 33
49 79
25 91
45 84
59 76
88 56
74 75
48 95
57 97
90 85
97 85
9 9
0 16
26 11
13 29
36 7
38 10
3 42
45 2
39 27
5 48
48 9
22 48
50 19
54 2
14 54
33 45
11 56
47 33
56 14
59 21
56 30
25 59
56 37
67 4
66 16
10 70
3 71
62 35
31 65
69 24
81 6
83 3
75 38
84 12
83 18
18 84
82 26
87 14
90 3
35 83
68 60
90 18
54 75
16 93
37 89
96 9
59 80
27 96
13 99
96 32
78 65
23 99
35 97
95 45
84 67
87 69
99 53
92 66
97 64
73 92
92 78
79 98
96 95
