117
12 50
19 77
27 96
80 0
86 26
40 90
91 57
11 11
9 45
3 49
19 55
51 38
17 62
70 14
39 68
57 56
90 7
93 15
95 48
75 76
83 80
93 74
96 95
9 4
8 24
27 6
22 20
22 29
46 13
24 46
53 9
1 54
56 14
3 60
52 42
67 26
30 67
10 77
44 66
73 36
0 83
14 82
45 76
96 1
67 73
91 40
46 89
61 80
88 66
74 93
2 13
7 13
19 3
15 13
8 25
28 10
2 31
9 30
33 8
18 29
36 14
33 22
41 1
14 39
17 40
26 39
41 25
45 18
36 34
50 4
6 51
37 37
33 42
25 51
40 45
8 60
34 53
25 60
8 65
49 46
67 7
0 68
66 21
42 58
72 0
21 70
55 52
1 78
78 5
64 47
10 80
77 27
59 58
78 34
12 86
24 86
87 29
54 75
34 86
41 84
93 16
92 24
12 95
21 94
85 53
36 95
82 65
66 82
62 87
90 58
72 80
64 90
53 97
64 99
98 68
79 94
98 86
