134
38 6
48 86
80 36
15 57
97 81
45 46
18 14
8 98
67 78
73 49
82 10
56 37
22 82
18 39
65 66
97 39
89 97
7 85
40 58
11 27
49 30
28 33
5 65
33 99
70 24
90 57
61 94
71 15
29 2
73 34
87 18
16 3
20 64
0 28
62 51
61 10
41 80
21 22
78 92
38 32
8 42
49 63
56 22
2 74
30 16
24 49
88 74
76 61
94 10
11 63
91 45
26 93
49 24
4 16
61 72
81 46
66 1
19 53
76 1
2 94
16 33
11 6
68 38
17 96
68 84
43 70
91 35
79 82
7 34
56 90
21 29
4 2
73 66
37 84
13 51
96 94
35 61
75 29
11 20
68 52
9 78
86 66
19 85
66 98
85 4
27 40
74 44
5 57
92 40
53 41
48 55
73 75
20 70
82 28
81 17
84 57
67 45
1 37
5 50
44 20
10 90
63 62
45 6
21 42
57 32
38 98
46 93
63 82
20 0
96 85
99 33
77 97
35 34
73 21
52 94
26 25
39 63
94 78
27 81
76 24
58 46
24 78
61 36
68 94
84 97
77 39
77 47
50 35
89 50
24 61
14 40
41 35
32 7
65 87
