114
48 48
20 95
82 98
3 3
29 10
31 19
39 10
38 28
41 34
51 17
49 34
17 68
67 32
82 5
82 23
81 38
91 21
40 89
74 66
52 85
81 67
51 95
79 85
2 8
8 4
12 22
36 0
22 34
29 32
26 44
30 43
56 4
47 40
61 17
66 0
35 56
56 42
5 70
73 9
35 65
70 25
26 70
75 20
27 77
24 79
48 69
60 65
74 50
33 87
74 57
85 42
6 96
87 58
52 91
91 62
96 54
88 68
66 93
95 72
11 9
2 17
21 8
29 3
33 16
44 3
9 45
47 1
47 17
49 14
16 53
52 21
56 14
14 59
35 51
50 40
2 64
66 10
69 2
60 35
47 61
9 78
0 79
73 41
40 74
83 14
67 53
82 27
16 86
90 0
89 17
76 50
3 92
93 7
61 72
90 30
16 95
97 12
99 5
98 19
71 71
69 74
61 84
77 71
93 50
72 83
92 64
68 93
82 81
63 97
97 64
81 87
92 84
92 91
98 94
