145
18 59
80 47
25 9
63 85
68 6
14 99
50 51
95 73
78 19
43 75
40 36
18 36
2 84
87 33
90 94
64 37
55 12
35 53
70 61
40 88
97 51
12 80
82 61
3 48
5 10
92 20
73 77
55 99
33 68
5 28
29 30
27 50
45 17
43 4
15 19
56 69
66 54
9 62
69 96
62 24
66 9
69 35
39 47
23 96
20 66
95 85
65 65
21 7
51 24
6 99
35 99
48 79
82 94
97 44
46 43
73 6
16 30
23 58
61 89
35 18
31 79
5 41
23 52
85 79
58 80
76 42
57 59
29 64
5 92
84 65
60 1
95 33
66 50
61 13
4 61
53 4
78 52
29 23
5 77
70 83
91 48
4 1
36 74
22 74
51 93
81 26
22 2
46 69
41 56
85 20
31 45
54 32
18 51
4 35
14 66
68 69
17 11
9 31
88 70
94 79
21 61
31 73
96 15
5 56
62 58
22 34
12 73
76 34
36 84
16 82
51 69
55 85
94 39
61 6
73 1
91 26
60 96
67 45
25 65
42 32
10 42
78 75
74 82
42 79
90 16
66 80
75 16
25 27
68 13
72 56
34 48
46 46
1 43
74 11
76 47
57 90
18 78
19 55
79 64
22 11
36 95
39 51
27 14
2 88
46 74
