165
78 49
31 50
54 83
24 14
64 7
80 84
8 84
17 44
88 28
56 35
33 98
8 0
8 28
32 70
95 63
48 0
64 70
8 63
80 0
56 21
80 91
1 19
72 14
30 36
48 63
96 91
96 7
56 49
80 42
24 84
94 33
47 96
40 14
0 42
72 91
0 77
87 71
73 68
32 0
89 55
97 27
16 56
48 42
30 27
16 22
0 7
64 77
24 63
72 42
8 21
40 77
96 57
48 21
88 91
88 42
64 49
10 49
64 21
40 91
16 84
64 62
0 56
96 84
0 91
55 8
56 70
16 7
72 6
23 41
87 84
80 64
96 14
40 0
56 91
72 77
7 14
8 35
32 14
48 87
40 35
40 63
64 84
80 28
31 41
96 0
24 0
32 84
24 98
24 21
8 91
89 1
40 49
16 35
64 35
24 91
24 35
88 21
72 49
80 14
50 34
88 98
56 63
0 28
24 56
48 70
0 0
96 49
96 21
8 42
8 56
40 21
40 42
0 35
32 63
56 42
96 98
96 77
16 14
48 77
64 42
64 28
24 49
56 56
8 77
16 0
40 70
72 35
32 56
80 56
24 70
48 14
80 98
64 91
64 0
88 14
64 14
88 35
16 63
48 49
80 35
24 77
0 84
34 76
72 21
32 21
0 70
32 7
56 98
24 28
40 98
72 84
16 77
96 42
24 7
40 7
56 77
8 7
72 98
0 14
88 63
48 28
56 28
48 7
16 49
64 56
