87
8 51
48 68
21 82
52 74
65 72
35 96
4 20
3 24
20 38
29 43
2 54
19 60
35 64
13 74
33 76
35 90
50 87
48 93
9 14
12 39
6 43
18 44
19 77
27 82
1 89
27 91
61 75
57 81
9 99
65 86
77 79
68 92
14 15
10 25
21 30
17 53
36 43
31 48
10 60
40 54
28 62
23 67
30 66
48 56
55 58
10 86
54 68
37 79
23 86
47 78
8 92
2 93
32 96
59 93
63 97
82 83
77 98
3 9
17 24
9 29
9 39
30 31
24 37
29 50
3 59
35 49
2 63
40 56
10 72
31 70
14 77
39 70
4 81
57 63
17 84
37 80
59 68
17 93
53 80
19 96
36 94
50 95
75 84
57 98
69 96
77 93
94 97
