114
46 78
61 95
92 85
3 33
17 31
39 5
26 38
7 47
32 39
59 12
17 62
44 47
68 4
31 65
73 31
45 71
88 24
74 55
69 66
93 29
29 96
47 94
80 72
85 68
7 6
15 9
9 16
23 19
31 8
12 38
52 16
2 66
62 29
40 57
48 53
33 67
43 62
6 76
69 36
62 51
78 21
81 5
41 75
31 80
72 48
76 42
89 10
18 92
88 43
82 54
71 72
85 59
68 78
63 85
71 95
78 92
93 77
84 97
14 2
2 23
25 3
9 25
31 1
23 24
37 0
16 35
30 26
3 41
11 45
36 34
47 18
1 53
17 52
47 28
24 50
14 54
36 43
62 9
54 32
50 44
55 38
10 67
62 32
70 0
35 62
70 18
68 25
0 75
57 52
22 74
25 82
14 85
49 71
23 85
42 82
70 64
89 34
95 13
9 97
85 50
63 76
24 97
98 20
43 95
55 90
94 53
56 97
99 57
98 63
87 79
70 97
86 85
93 86
97 96
