134
54 40
56 91
9 38
93 45
23 73
95 84
33 6
58 62
69 20
11 62
15 18
23 95
87 19
82 95
23 40
1 77
67 77
81 66
45 61
43 10
36 90
52 76
82 35
26 54
70 43
66 1
4 7
54 33
70 59
93 99
97 65
35 22
87 1
22 7
35 63
92 31
11 29
18 50
11 68
31 96
33 32
7 91
1 29
24 81
7 54
65 28
62 96
2 18
43 1
58 47
45 23
73 64
62 19
82 76
48 47
72 25
93 24
94 9
85 51
36 97
98 50
3 62
84 44
55 14
61 67
17 55
22 35
97 40
72 73
27 21
12 47
38 37
97 95
50 7
18 65
54 69
93 72
63 57
35 52
67 91
12 23
45 77
59 1
62 12
90 89
29 60
95 17
41 94
1 85
31 64
5 0
35 85
59 30
78 91
56 76
30 81
9 10
67 54
87 46
10 17
84 91
13 74
8 85
99 88
29 2
85 72
17 70
99 45
97 60
1 24
23 90
54 49
78 43
18 39
2 56
35 10
90 96
19 95
67 32
36 59
75 69
54 30
83 62
58 40
88 41
62 51
7 66
66 40
66 23
23 3
5 50
74 29
50 30
85 32
