150
0 83
66 33
67 90
18 45
26 86
27 10
84 62
93 17
43 44
79 77
53 73
89 41
62 6
21 61
96 92
6 13
81 3
12 72
58 52
76 21
11 59
42 19
63 70
57 99
44 4
41 63
81 96
36 90
7 95
27 25
39 38
97 67
8 36
35 75
76 35
45 79
2 64
39 52
90 49
68 63
51 42
66 18
68 76
74 49
19 98
59 80
13 5
25 77
87 70
34 44
49 35
87 12
33 98
90 92
52 93
97 23
11 18
19 11
31 33
34 2
31 59
23 90
6 46
28 68
58 46
22 82
5 26
75 88
90 23
97 59
99 49
29 49
87 76
16 39
52 59
61 89
18 27
2 95
63 59
80 48
90 67
86 34
89 6
42 59
78 65
27 2
87 0
19 49
43 34
3 57
44 50
71 40
63 24
13 49
93 40
2 78
35 65
41 83
8 89
13 66
8 70
65 49
20 3
49 80
81 12
58 41
8 54
30 79
26 14
20 87
41 7
31 8
81 40
54 50
17 83
86 89
30 38
69 66
85 44
95 87
62 32
86 54
49 98
96 28
43 15
78 82
93 71
9 2
82 79
80 89
31 24
77 27
16 18
77 17
16 75
15 44
61 85
51 76
3 9
25 21
40 31
69 16
61 3
20 40
86 80
29 83
48 31
70 89
1 92
19 94
