108
79 90
28 30
45 29
39 68
0 91
75 66
19 15
31 7
30 40
61 17
38 55
33 62
52 49
65 38
66 45
60 65
85 37
40 85
23 93
96 9
62 88
61 94
97 80
12 12
7 20
23 4
16 29
29 22
20 36
12 40
41 11
40 19
2 46
15 46
48 11
40 46
58 30
61 24
23 63
8 75
76 6
50 58
50 63
35 74
26 81
73 47
18 85
88 6
89 16
94 0
5 96
31 91
46 89
85 54
41 98
90 69
97 87
4 12
15 23
30 2
23 24
32 15
6 41
37 28
52 3
16 51
51 18
48 31
15 62
5 65
3 68
68 11
25 65
34 62
16 69
62 46
25 74
79 19
78 25
74 40
10 85
47 72
35 82
74 50
58 68
71 55
86 36
14 93
61 72
52 81
95 23
25 95
77 62
87 48
59 81
74 75
67 82
95 48
54 93
88 62
92 57
76 83
84 81
99 63
84 88
98 73
79 97
97 98
