115
83 25
74 58
3 19
47 46
89 12
25 96
39 10
44 3
38 41
56 18
65 2
3 65
59 40
47 68
35 82
41 90
63 91
96 76
79 97
4 2
13 26
32 14
16 33
21 32
11 45
44 20
1 52
15 51
28 52
13 65
54 46
63 33
42 58
48 54
73 6
71 23
21 73
75 16
30 74
10 81
61 55
70 48
53 67
67 54
62 64
86 34
2 96
92 33
98 4
76 64
63 79
85 60
69 81
99 47
78 80
89 71
82 81
90 82
17 8
21 13
5 25
23 25
38 2
36 24
32 30
19 43
32 41
27 45
20 51
39 43
58 9
38 46
47 37
50 36
58 23
58 28
63 16
4 67
35 60
69 17
12 71
68 28
74 0
61 42
12 76
67 39
55 56
15 80
20 80
74 42
87 1
87 15
86 23
30 85
74 52
54 74
80 45
10 92
57 73
42 86
4 96
98 13
34 93
14 99
67 75
99 18
40 94
78 67
58 87
74 74
87 74
74 89
96 80
85 92
97 99
