137
66 88
45 37
27 83
64 25
36 5
13 31
82 50
95 83
56 61
1 71
97 25
11 87
44 64
0 6
68 0
71 68
34 54
17 65
78 83
37 98
2 25
22 44
85 32
53 80
92 4
47 11
64 37
38 86
95 62
68 19
12 4
6 46
31 36
20 18
87 89
69 74
65 9
39 49
76 42
45 1
53 23
31 64
73 53
72 23
43 77
93 49
98 97
8 94
78 92
53 54
84 10
19 78
52 42
82 80
11 20
1 40
91 93
92 23
78 63
12 44
41 20
98 17
51 87
51 32
27 13
1 63
37 64
81 72
12 57
65 67
21 27
9 65
82 40
68 6
70 83
60 90
34 73
27 58
65 50
81 57
90 59
51 67
87 66
7 75
73 33
40 32
35 90
39 8
26 75
58 41
54 17
58 66
7 36
84 96
30 5
13 50
3 96
57 29
24 32
68 70
72 87
89 80
43 70
20 69
70 78
1 20
75 80
70 12
63 4
30 41
89 26
40 1
77 51
23 22
62 76
31 51
54 75
73 6
47 54
8 85
3 2
69 64
79 45
27 67
22 39
12 83
13 92
16 81
2 48
88 36
26 79
61 9
85 53
39 65
77 27
91 85
89 30
