128
39 33
44 93
83 6
2 2
35 53
78 70
55 45
13 66
21 21
55 25
23 95
51 59
95 87
31 45
27 33
54 91
15 53
59 37
59 59
43 57
39 45
12 12
10 62
25 25
51 53
27 57
47 41
87 10
15 32
53 33
63 45
63 25
37 37
47 25
40 85
39 57
83 10
39 25
53 88
76 75
8 65
81 74
15 46
95 95
31 32
55 99
7 7
44 90
43 33
15 39
61 29
16 17
47 49
14 59
0 1
39 61
59 51
27 53
63 57
31 39
80 1
39 29
43 45
86 5
29 61
63 41
30 29
31 57
51 41
2 0
50 87
51 25
63 53
15 25
63 61
42 41
55 57
9 58
35 61
47 61
63 49
55 49
35 41
47 33
51 45
55 53
43 37
47 45
59 25
27 37
35 57
55 61
35 45
47 53
31 49
47 37
43 29
27 28
27 49
35 49
31 53
63 37
59 41
43 53
55 37
55 29
63 33
43 25
39 40
39 53
43 49
39 49
59 45
59 33
51 37
51 49
43 61
31 25
27 45
51 29
35 25
55 41
47 29
27 41
35 29
50 91
47 57
34 33
