116
14 28
7 10
21 3
41 18
61 63
57 97
40 9
40 26
51 23
6 59
60 37
50 51
8 71
3 78
80 16
77 46
91 19
75 64
87 82
83 92
86 97
3 21
28 0
31 18
41 2
10 49
41 33
41 47
61 21
34 55
0 65
15 68
69 17
72 31
59 53
50 62
80 10
34 74
66 48
78 30
49 71
79 38
57 67
17 88
35 87
89 33
17 96
97 15
42 91
32 95
53 89
94 44
48 93
85 66
91 58
79 84
96 64
71 96
97 98
5 6
8 7
19 15
22 13
11 24
29 3
19 26
5 38
10 43
40 19
43 12
45 2
3 45
30 37
17 45
24 42
47 20
52 10
2 53
44 38
17 56
58 13
51 41
68 10
41 58
59 41
20 72
75 24
7 79
80 0
52 62
73 39
82 28
47 74
65 60
26 87
82 41
73 56
1 95
96 1
91 31
21 96
84 53
10 99
69 72
77 65
87 51
67 79
76 74
51 95
96 53
87 69
61 93
92 69
85 86
97 77
94 91
