99
2 61
93 50
26 22
30 53
94 86
6 93
97 19
8 25
34 84
52 29
14 54
97 65
12 12
16 44
57 69
42 23
22 95
34 35
13 77
97 33
23 8
21 33
4 40
1 12
54 38
96 82
2 89
97 25
5 68
97 42
55 48
7 33
58 82
47 17
22 57
97 54
26 45
93 74
1 20
19 21
2 97
17 6
86 15
27 92
1 1
49 82
91 28
37 23
31 38
29 14
17 37
99 15
11 83
24 30
56 56
10 74
97 75
97 28
29 49
10 53
97 62
12 97
92 45
10 30
92 34
30 30
93 40
4 36
94 91
13 44
31 24
27 57
1 6
16 56
5 58
97 50
97 38
93 56
98 85
30 88
42 17
93 19
26 11
11 27
3 23
90 24
51 19
22 24
16 18
1 15
94 26
96 13
8 71
40 82
4 85
20 5
97 69
93 61
13 10
