117
69 20
34 64
45 73
30 90
16 26
38 27
8 62
17 66
59 45
38 74
81 20
58 70
86 30
53 79
77 59
86 46
59 80
83 66
96 60
85 77
94 71
90 88
4 21
12 33
12 43
36 33
14 49
55 4
18 53
59 13
47 51
61 38
64 44
74 32
71 39
22 81
70 47
85 12
70 54
64 63
94 7
64 71
8 96
30 92
89 38
47 85
81 57
94 32
27 96
43 93
56 87
97 39
75 76
69 85
82 87
78 96
85 99
11 11
18 2
17 14
24 17
30 2
20 26
33 21
42 9
44 1
25 40
45 26
38 36
24 47
53 9
1 54
27 48
42 40
49 33
12 61
59 20
32 56
66 5
55 38
45 54
16 70
36 63
27 69
67 34
8 76
43 65
61 49
77 23
33 74
29 79
78 32
49 69
82 23
85 10
5 86
2 88
35 82
45 77
87 22
23 88
68 68
34 90
87 43
64 75
45 89
99 16
71 71
47 94
61 89
93 55
96 53
76 85
88 78
97 72
98 81
97 93
