137
44 63
30 37
71 24
71 71
13 68
82 44
29 8
36 82
59 49
54 29
15 24
22 80
72 59
48 15
58 70
21 58
81 81
23 30
35 52
84 33
7 98
73 17
34 22
90 48
63 35
68 46
42 33
24 4
67 82
85 16
28 67
63 4
78 62
46 93
0 0
60 59
27 74
19 37
35 61
64 16
0 69
22 70
89 71
61 65
27 93
80 23
36 46
7 72
7 53
48 75
73 79
78 56
75 26
10 18
8 28
19 75
66 63
99 50
73 88
78 70
41 88
30 34
36 74
41 24
49 5
28 27
40 60
48 62
55 75
64 44
54 64
63 23
36 32
41 16
21 52
13 36
68 54
79 30
47 38
89 20
26 43
68 26
82 75
33 56
72 41
35 9
21 23
61 78
83 38
74 13
24 67
63 71
25 87
56 54
53 25
36 17
12 77
64 55
32 28
19 28
17 20
56 34
18 56
51 58
21 41
77 18
84 60
85 82
28 81
88 46
98 54
32 67
61 32
71 61
65 67
4 70
39 47
75 23
72 75
43 57
83 25
66 38
28 23
72 28
76 31
30 59
45 17
33 49
39 57
27 77
21 64
65 29
20 68
63 41
14 18
55 67
55 71
