115
17 29
2 44
60 9
62 50
15 85
40 77
95 30
40 7
8 55
16 54
63 2
60 27
47 56
79 9
27 79
90 7
80 55
54 83
12 99
89 55
62 86
74 78
85 69
69 86
33 7
6 42
45 7
19 46
39 32
43 29
28 47
49 26
48 35
63 23
2 68
36 58
54 47
65 31
24 68
13 74
5 76
75 17
75 25
80 19
13 88
37 81
43 78
85 42
33 91
97 15
86 48
80 64
46 94
57 89
78 72
83 90
88 94
2 15
18 1
9 19
21 3
20 18
8 26
24 24
1 34
31 14
36 24
11 42
17 40
41 18
31 33
29 36
47 5
52 21
6 56
58 12
51 31
20 60
23 62
8 66
48 49
61 40
46 59
28 71
67 37
47 67
57 59
70 45
82 16
18 82
2 84
54 69
81 39
66 64
74 57
32 90
7 97
61 76
97 23
82 58
68 74
34 95
25 99
61 82
97 45
93 56
65 89
97 56
61 96
86 78
70 95
80 87
92 79
87 85
99 77
