134
73 87
27 37
83 15
24 77
69 53
27 4
93 44
16 13
63 8
1 60
45 76
1 92
35 16
79 78
33 66
50 92
18 67
87 23
53 69
53 45
3 32
97 67
10 22
71 72
67 46
35 90
48 19
39 32
93 89
55 81
27 98
99 31
75 23
3 9
11 72
17 88
74 6
93 8
37 53
14 1
24 28
85 44
14 43
46 10
66 63
21 57
64 30
69 99
74 58
82 30
62 87
29 12
45 58
24 45
1 18
31 24
93 57
38 82
57 36
75 64
56 20
40 43
87 71
67 2
71 18
79 92
13 61
2 26
57 99
19 22
9 97
27 60
59 74
58 46
23 89
38 69
42 19
19 29
45 98
59 51
61 60
97 75
94 32
89 85
63 42
51 7
59 84
81 51
7 9
5 85
50 50
40 10
99 40
34 60
7 72
53 64
7 64
65 79
3 3
0 99
72 40
82 10
21 96
91 49
29 19
11 55
7 25
96 25
92 20
21 16
9 15
36 77
88 77
17 55
50 83
33 36
11 89
73 81
83 86
78 14
68 12
80 27
61 22
78 97
16 7
87 48
45 93
15 72
18 60
67 95
28 68
45 20
15 28
63 53
