122
82 6
37 9
57 18
5 76
55 64
70 79
11 4
16 28
40 16
49 19
41 49
53 37
64 26
40 67
82 15
50 92
81 81
6 4
5 23
28 10
31 23
43 2
22 43
3 49
45 25
25 52
13 57
58 23
66 1
71 3
71 9
60 46
20 73
70 29
70 32
76 21
44 73
86 0
24 84
88 24
18 91
75 56
95 18
14 96
84 53
94 36
80 67
41 98
89 63
62 97
81 84
93 74
85 88
3 14
15 7
6 16
18 16
18 24
3 30
29 17
19 30
3 37
7 42
43 6
40 19
46 2
14 45
29 39
40 28
12 48
23 45
34 39
51 14
46 30
43 35
1 56
58 10
9 65
53 41
49 46
17 66
66 17
3 72
14 73
47 60
53 56
7 77
36 69
62 48
74 28
70 41
70 46
84 10
3 85
14 85
6 87
64 61
90 7
83 39
89 26
34 87
94 2
89 31
69 66
84 46
96 14
78 61
98 25
84 57
97 32
72 73
28 99
51 91
49 93
84 69
70 98
97 73
78 94
90 83
84 92
93 85
96 98
