125
0 9
69 52
18 96
64 5
43 70
24 41
97 69
78 90
40 23
2 55
75 26
59 95
44 47
53 14
11 3
94 15
0 84
75 38
28 87
50 6
8 32
90 34
31 64
49 22
61 30
50 90
20 23
78 62
37 91
56 63
91 79
10 80
40 10
21 4
80 0
64 34
0 41
90 97
3 74
54 32
1 22
42 62
12 41
73 5
74 16
40 78
47 40
17 78
44 1
3 93
17 14
83 53
0 68
68 43
44 32
66 21
98 12
33 30
96 40
60 71
94 11
35 4
18 40
55 56
81 41
32 56
58 8
86 59
57 16
75 97
82 23
83 33
90 6
44 52
44 83
79 69
58 89
25 10
79 7
34 74
15 91
35 60
53 38
20 46
13 28
24 92
49 48
47 12
95 92
60 45
34 99
57 23
87 84
20 28
1 16
32 93
71 36
80 85
53 18
46 89
11 10
46 75
11 86
38 50
74 43
6 23
58 34
87 79
19 8
79 12
0 50
9 72
72 55
46 59
60 57
36 26
83 92
1 64
94 67
54 28
12 0
69 31
24 85
8 28
45 5
