134
33 51
94 49
45 5
29 89
64 74
71 23
4 16
2 70
93 72
16 37
99 1
41 83
60 60
40 24
92 96
82 32
80 12
71 45
69 92
29 2
11 86
16 49
44 49
35 69
72 75
36 37
95 35
65 16
11 2
2 57
17 59
74 35
27 18
97 58
35 97
80 55
82 3
82 85
21 81
43 69
67 54
72 82
8 69
13 96
6 35
86 22
71 7
52 58
85 48
50 26
57 93
87 89
78 72
38 77
26 26
3 47
23 48
27 75
99 81
38 11
1 88
50 44
62 86
23 38
15 15
54 14
26 7
4 63
18 90
93 62
15 77
45 24
43 40
39 63
31 81
5 1
59 6
55 21
66 36
84 6
57 67
35 44
24 59
65 83
78 37
40 34
74 3
90 69
34 32
74 65
50 63
32 65
97 41
64 58
38 3
78 79
86 1
69 12
88 48
17 66
95 90
9 65
7 13
50 50
16 6
76 88
87 17
79 45
91 31
90 39
45 32
47 84
6 40
74 50
90 58
30 47
12 38
85 93
12 45
20 87
37 87
28 31
87 36
71 41
99 51
87 10
71 19
72 31
18 94
78 2
50 8
76 20
90 76
70 96
