130
75 17
30 82
8 28
61 46
77 73
26 25
10 61
99 50
50 25
51 65
58 13
1 11
93 5
63 93
42 88
32 59
97 97
40 15
79 52
18 45
87 76
18 83
48 32
89 56
33 35
69 33
95 28
20 78
5 71
99 70
9 2
63 1
16 96
38 66
69 23
50 76
48 5
31 5
53 49
78 88
37 40
71 55
80 39
5 54
49 83
49 94
87 4
13 20
95 19
6 90
37 78
57 63
78 60
1 4
90 52
63 7
33 52
3 22
67 44
50 38
12 42
98 35
20 67
41 31
40 8
66 16
97 84
85 14
58 24
12 72
40 91
51 18
18 39
72 64
20 18
59 79
90 94
43 58
87 30
31 10
35 85
14 50
81 5
41 24
8 10
62 10
23 97
17 61
72 46
9 35
98 10
6 75
39 98
53 1
87 62
35 18
2 60
95 57
94 46
64 89
8 48
27 56
68 28
46 68
45 13
81 71
25 73
13 6
22 28
75 39
73 76
23 20
36 29
50 87
28 33
12 67
63 22
86 51
60 17
29 88
6 63
56 36
31 29
1 68
21 42
54 72
41 4
72 31
40 44
16 87
