117
45 50
57 88
1 43
17 69
6 23
80 86
26 48
30 83
5 79
66 73
22 37
44 91
8 10
12 96
81 96
49 60
22 60
28 97
31 71
6 65
56 73
88 92
21 22
22 78
7 51
39 62
40 45
68 85
52 99
26 31
39 86
22 87
3 17
19 32
31 37
6 86
11 74
73 98
16 53
78 79
24 41
58 82
10 45
90 99
1 35
4 8
60 98
39 78
15 20
28 60
46 87
47 97
41 72
40 54
24 92
52 93
57 59
64 66
13 59
19 48
50 80
4 55
18 83
7 69
43 58
50 71
13 33
22 66
32 80
1 4
47 57
2 92
31 89
83 93
11 18
19 62
64 86
2 50
35 62
8 39
26 74
15 90
14 26
2 67
0 14
26 78
55 68
67 80
63 77
38 42
78 97
47 94
4 20
28 41
17 96
74 89
10 63
25 52
20 43
74 81
20 71
3 30
42 96
45 62
18 39
86 97
4 59
45 53
52 57
26 27
15 47
28 69
10 13
32 76
10 26
81 89
28 86
