140
79 95
42 49
27 74
72 30
17 13
49 11
82 59
47 79
7 44
12 76
97 37
81 21
32 93
69 85
58 42
24 38
12 91
66 64
8 56
57 98
77 79
37 11
31 56
99 0
53 1
43 69
70 11
3 2
26 27
56 32
8 26
84 71
17 51
71 50
97 95
32 45
1 37
42 98
90 49
97 17
58 74
66 22
0 19
80 40
3 63
43 20
20 93
14 67
16 74
38 73
85 10
90 68
5 82
57 54
36 59
63 30
53 88
26 89
43 0
48 20
36 88
87 84
47 52
92 34
26 44
71 24
43 57
34 3
65 39
71 2
24 59
72 71
46 31
20 83
60 19
21 99
87 18
21 20
7 8
49 44
84 97
0 56
53 68
51 80
15 61
42 14
20 30
61 96
84 49
73 55
25 50
55 6
34 64
11 33
34 41
18 42
70 19
68 54
32 29
61 13
48 84
33 83
53 25
40 6
55 94
13 9
0 13
97 30
37 99
3 69
86 61
8 73
82 78
13 52
45 62
50 75
21 49
63 77
58 35
93 63
70 90
74 15
44 10
7 1
51 40
39 22
87 79
90 40
74 46
71 63
67 30
80 74
64 68
4 20
4 76
24 96
17 79
64 34
14 91
13 87
