138
87 29
34 32
48 89
19 69
59 44
86 63
7 15
86 94
54 2
37 57
61 64
16 93
29 3
65 22
22 48
74 85
44 46
91 44
50 18
98 30
4 66
18 25
73 6
27 75
50 54
91 10
46 24
37 92
3 79
47 70
87 73
13 49
0 1
61 97
80 54
47 60
18 4
73 95
65 79
63 37
52 33
27 63
38 3
14 60
18 80
30 38
98 52
31 49
77 76
24 17
57 82
0 93
76 63
92 92
5 19
36 68
57 55
71 31
68 51
78 21
81 40
99 20
46 81
95 83
54 38
47 3
42 30
43 41
68 62
59 16
8 76
24 97
42 52
97 38
24 10
53 46
86 19
23 86
4 57
62 2
12 71
89 37
35 42
11 21
36 29
15 43
38 21
28 45
93 99
76 11
51 97
46 36
33 65
24 67
68 85
94 16
63 70
62 90
27 55
32 72
70 13
10 8
12 27
18 73
57 35
41 90
86 49
80 75
17 51
23 36
2 6
61 21
31 78
3 13
69 25
53 14
30 30
26 80
98 47
81 57
68 37
75 99
9 47
19 85
59 69
37 87
48 77
89 71
39 6
39 38
33 58
0 18
52 61
41 45
56 46
46 31
53 30
23 74
