158
42 95
25 20
27 70
3 65
35 50
3 10
10 85
10 50
40 3
10 35
35 32
42 60
40 75
20 3
17 65
20 50
30 95
3 25
20 85
45 42
15 15
40 20
20 40
37 85
3 95
30 35
30 3
3 70
3 40
17 30
15 95
10 60
3 55
3 75
15 70
1 3
30 60
3 90
42 25
35 15
45 87
15 3
45 35
25 45
45 65
20 10
25 80
40 40
45 80
45 3
3 35
3 50
17 45
12 20
15 80
45 55
3 80
10 55
30 65
20 75
3 20
45 15
30 55
3 60
10 75
25 95
30 25
32 90
20 15
40 55
5 3
10 10
35 3
20 35
45 20
30 40
3 85
10 3
3 15
20 20
25 75
25 15
25 3
15 40
10 45
3 45
35 95
25 50
15 55
15 35
15 25
3 30
45 50
25 10
35 60
40 35
32 80
25 40
15 90
10 15
30 50
20 95
10 30
20 80
10 65
45 10
20 70
40 50
40 10
40 65
40 30
10 80
30 15
45 70
45 75
15 85
25 90
10 90
35 20
25 35
10 25
35 45
40 80
35 25
15 75
20 90
45 30
25 30
15 10
35 65
30 20
10 40
10 95
40 45
30 45
15 60
25 55
25 65
25 85
20 55
35 75
20 25
30 10
30 85
35 10
10 70
40 15
25 25
30 30
25 60
40 70
35 55
35 40
30 75
35 70
40 90
20 60
15 50
