118
74 29
70 74
25 13
51 6
62 10
49 43
60 59
83 63
87 70
3 23
20 34
30 31
40 46
55 34
40 60
60 41
47 73
19 88
76 61
80 67
55 92
79 97
17 16
11 23
19 22
25 17
27 24
38 7
4 52
48 21
43 33
27 51
10 60
62 3
31 56
35 54
18 63
51 46
70 3
1 71
67 34
8 81
83 7
84 0
84 22
39 78
94 24
84 58
97 46
90 59
70 82
90 76
71 97
82 89
1 2
8 14
15 9
21 11
27 5
29 13
12 31
3 34
10 37
40 0
35 22
40 14
2 44
41 20
32 35
6 49
18 48
33 43
7 54
41 37
17 54
58 13
65 30
31 65
72 4
55 49
39 63
45 59
27 72
64 43
73 25
3 79
56 57
75 28
74 32
80 19
84 6
81 26
7 86
78 37
55 68
88 11
23 86
73 54
76 52
81 46
31 88
16 92
12 96
27 93
34 94
86 51
50 87
61 87
80 72
99 47
80 77
71 87
98 58
80 83
90 81
86 88
95 91
91 96
