138
84 77
19 49
87 31
28 7
26 77
55 39
70 5
62 74
3 56
15 23
92 12
39 97
66 94
10 95
36 25
35 61
1 75
69 34
43 10
82 95
90 51
35 76
58 21
47 65
11 14
23 33
0 8
43 79
22 86
10 57
1 30
68 81
94 66
76 31
67 46
22 18
73 64
91 90
18 7
9 41
35 53
58 46
13 85
88 17
2 49
47 35
72 14
7 70
51 17
51 91
86 39
99 77
36 68
77 44
52 47
26 39
98 9
36 85
81 55
93 32
80 30
4 83
54 80
26 24
17 57
55 28
56 56
21 66
52 70
66 89
29 92
97 19
20 95
62 27
41 70
19 32
38 16
76 99
57 97
84 71
28 56
82 87
5 4
32 37
12 3
31 20
26 0
92 95
69 26
38 91
74 1
12 74
13 89
72 86
61 34
45 86
70 69
24 5
4 64
45 17
93 71
1 52
81 19
7 50
43 38
94 6
93 42
15 40
69 1
21 54
40 50
63 69
55 44
9 81
70 99
54 12
1 46
77 36
99 32
22 8
58 16
66 31
67 41
88 87
47 76
28 31
11 53
18 85
25 13
18 90
15 18
7 55
23 49
98 4
51 39
75 28
92 15
81 34
