114
65 32
5 76
92 70
20 25
38 19
1 49
51 10
53 24
61 12
39 58
73 20
28 74
2 82
46 68
86 5
87 33
93 7
43 90
85 57
83 71
13 1
2 14
23 11
25 15
31 7
15 29
32 11
11 36
29 26
21 40
13 49
27 51
22 54
37 47
60 2
22 60
9 64
34 64
47 56
78 8
60 53
79 15
19 79
10 82
40 73
28 80
65 56
37 78
0 87
58 67
51 76
19 94
87 41
34 95
59 85
91 50
47 94
98 45
83 81
92 73
84 90
6 13
0 20
24 3
8 30
2 33
4 36
34 18
34 25
40 15
46 1
22 41
36 37
1 52
49 24
53 25
34 51
51 37
59 24
2 65
53 43
67 19
70 13
28 67
52 53
68 32
15 74
63 42
25 72
75 18
80 29
75 42
89 13
15 89
56 71
78 50
24 90
74 62
12 96
97 3
98 16
38 94
99 29
78 68
83 67
51 94
71 80
96 53
56 98
93 65
94 68
76 97
97 83
91 99
