109
28 69
54 58
4 4
16 42
49 44
71 37
85 1
78 50
2 12
13 10
15 34
31 48
32 55
52 38
63 33
71 21
58 54
82 14
2 85
9 92
1 99
92 43
69 79
59 92
67 88
75 97
34 12
43 24
5 52
39 35
54 15
58 21
37 50
65 12
46 50
67 32
75 7
35 71
45 67
74 33
15 84
58 65
21 85
47 78
97 4
74 64
32 93
71 69
54 84
58 97
66 92
90 69
97 81
92 90
97 97
0 1
13 0
19 2
11 16
21 11
27 7
1 29
33 17
33 27
45 6
34 34
52 2
47 26
27 51
14 58
55 31
62 19
36 54
41 51
8 68
69 0
68 12
24 65
51 54
21 75
78 13
12 80
35 74
43 71
72 45
82 23
46 72
84 16
84 26
33 82
71 53
25 88
92 8
66 65
13 92
87 34
83 47
81 53
78 58
9 97
97 18
95 29
43 90
32 97
73 74
51 97
79 78
85 91
89 93
