119
5 40
5 59
73 34
96 22
69 77
82 91
14 28
32 26
22 54
66 13
45 61
31 73
82 14
13 83
50 80
96 49
90 64
96 67
88 83
88 94
7 4
27 11
38 14
12 50
2 57
59 3
51 32
55 37
27 63
35 62
73 9
12 76
5 82
78 28
38 75
75 39
80 33
32 82
91 4
82 45
40 85
90 29
4 95
33 90
95 13
9 98
78 61
56 84
60 90
76 89
91 75
14 8
14 18
21 12
8 27
29 6
25 26
35 22
17 38
30 30
27 33
45 6
40 22
30 35
19 45
0 50
48 20
53 11
13 55
53 25
32 51
21 59
63 2
48 41
46 48
16 66
68 1
32 61
51 48
19 68
5 72
70 21
24 71
60 45
32 70
1 78
20 77
56 57
28 76
1 83
82 15
14 83
62 58
77 38
68 53
75 44
23 85
87 19
14 88
53 72
70 56
30 87
67 65
24 92
61 73
89 34
61 78
99 4
6 99
96 25
17 98
79 65
97 37
65 81
55 92
80 74
98 58
90 92
95 91
