129
30 65
67 93
10 47
9 93
1 7
49 78
22 35
86 96
66 78
29 83
44 50
11 72
9 20
4 57
47 91
49 62
13 97
9 84
28 97
78 85
43 69
32 55
36 89
13 32
52 67
61 64
23 43
21 75
38 78
23 27
14 54
65 87
32 33
7 41
56 76
61 97
6 98
96 99
25 91
18 39
0 27
34 44
9 63
1 89
48 56
22 66
13 81
35 99
5 20
45 75
15 92
39 62
5 26
33 71
4 74
18 97
76 79
81 90
17 44
72 98
49 88
72 87
3 14
90 92
10 58
63 69
60 91
27 60
17 49
1 52
17 83
42 91
14 18
5 87
28 42
59 81
1 19
10 14
16 27
35 52
42 79
11 26
93 94
33 67
69 80
28 34
34 75
55 84
29 87
75 91
90 99
40 87
49 71
8 76
4 96
50 52
65 72
36 60
11 89
23 99
45 65
22 88
16 57
31 62
70 75
0 4
15 39
20 30
15 78
42 73
20 47
13 68
90 95
52 61
50 93
0 59
38 68
28 66
45 94
54 70
21 24
31 91
5 55
23 69
68 84
59 94
22 40
49 66
52 76
