109
24 67
89 85
34 8
22 38
11 65
49 49
9 74
75 34
85 26
8 97
25 27
12 45
16 58
61 14
67 15
72 12
60 51
80 15
73 44
90 21
89 61
94 90
9 7
23 8
18 22
19 32
39 5
45 13
27 46
16 51
47 26
22 51
3 56
54 19
42 45
37 51
62 23
3 69
60 40
34 68
73 26
17 76
15 87
28 85
62 69
38 86
95 14
58 78
26 94
96 31
80 67
48 94
51 97
78 77
95 59
88 76
83 92
4 7
13 7
12 9
8 22
21 17
27 11
27 19
1 36
36 20
38 17
42 1
8 47
49 10
53 3
51 21
37 41
31 48
58 3
48 33
1 60
66 2
59 34
52 47
20 68
29 68
6 75
42 64
78 2
24 75
56 63
44 72
59 61
70 59
12 91
57 72
92 6
94 3
73 61
52 80
89 38
70 70
20 97
86 51
92 40
35 96
56 90
64 87
55 96
81 81
63 97
78 92
96 91
