139
31 79
58 40
11 16
92 76
62 11
11 59
54 84
99 26
8 90
32 46
75 58
44 27
3 41
80 2
96 47
27 0
63 62
45 71
21 98
74 96
92 94
97 62
30 4
89 30
12 37
41 95
42 16
36 57
79 68
27 16
70 34
20 1
83 26
70 13
63 87
86 62
18 49
76 8
67 22
1 58
56 73
82 14
8 79
58 48
49 34
34 89
22 9
67 45
65 74
48 24
26 41
65 5
86 83
53 9
39 67
17 23
42 1
4 96
81 54
18 65
4 11
0 28
45 81
0 86
35 51
1 72
53 56
94 70
14 32
99 38
77 39
54 28
29 30
11 1
60 31
91 5
38 43
68 99
71 88
75 72
51 64
93 81
88 56
77 17
16 42
83 36
9 25
73 52
60 19
51 91
25 62
96 93
7 67
14 87
57 7
28 55
47 98
14 20
86 92
50 75
24 76
40 50
25 92
71 2
58 65
78 64
14 11
49 83
82 80
39 24
10 44
86 73
33 71
7 35
32 22
41 36
20 18
66 30
43 66
72 41
17 60
2 53
23 45
71 69
93 54
46 19
78 91
5 85
17 37
79 50
65 78
89 48
90 66
38 14
70 6
30 90
76 3
87 78
7 14
