124
89 80
51 21
15 88
57 62
7 35
80 20
50 82
80 49
24 58
18 19
35 96
93 1
59 7
14 74
49 53
59 99
60 42
43 5
75 70
4 14
92 45
11 51
27 17
24 71
0 76
24 34
87 95
8 61
41 35
98 15
44 94
67 22
58 30
2 95
38 81
65 79
42 20
74 1
72 52
36 46
95 74
76 41
99 54
86 26
3 0
29 10
62 89
91 54
18 93
34 73
52 87
56 52
80 58
74 27
21 45
53 70
41 24
41 57
54 34
75 78
69 70
6 81
81 94
7 6
31 24
26 92
72 14
27 75
99 38
10 45
67 40
5 31
72 21
31 63
54 26
64 5
62 47
92 7
80 34
49 6
48 36
4 56
98 59
79 75
14 62
65 65
83 46
59 23
67 55
63 36
9 67
29 98
34 52
38 69
59 57
13 11
48 0
66 17
10 79
28 55
44 11
93 25
18 56
8 97
97 3
45 25
40 9
25 80
40 98
51 65
89 49
60 77
57 96
20 15
67 73
46 80
14 48
69 2
88 84
39 29
84 19
51 50
20 37
2 28
