131
46 44
80 45
37 88
0 11
77 6
91 96
23 36
10 64
57 29
50 68
68 90
52 18
10 84
8 43
77 59
17 14
77 21
99 16
26 55
89 80
96 51
65 71
96 36
49 81
39 19
44 98
19 77
60 1
68 12
5 36
99 0
47 95
22 88
51 49
86 16
14 31
10 0
11 95
82 71
0 55
42 72
77 88
19 69
43 32
53 43
25 29
92 88
46 10
75 36
67 55
11 75
98 65
71 74
27 84
81 98
87 44
85 30
50 1
22 44
58 17
61 90
63 63
65 28
33 15
11 18
63 37
44 56
92 48
97 76
85 3
35 96
97 92
58 11
76 47
2 22
17 53
52 35
73 27
2 32
96 4
54 77
80 64
50 90
63 79
20 8
4 88
95 58
72 18
74 0
80 56
92 31
33 27
17 0
70 46
85 40
49 15
5 50
17 86
57 97
29 63
20 25
13 39
22 66
86 52
64 95
57 54
64 16
84 25
16 92
78 12
41 45
19 32
80 93
95 44
48 85
60 23
14 82
7 72
14 23
51 24
37 84
50 74
22 59
47 53
39 27
65 23
42 76
98 11
44 18
54 73
86 21
