114
11 23
49 27
31 55
3 76
18 92
7 27
16 28
34 9
14 34
43 1
35 36
62 10
46 43
86 26
89 14
40 84
4 93
93 9
75 58
90 51
72 90
2 3
11 13
22 2
26 14
2 31
24 22
37 11
35 23
5 45
28 43
21 48
16 57
59 20
58 25
42 49
65 14
20 64
7 67
33 64
44 59
8 79
38 70
81 3
50 64
29 76
20 79
82 15
58 62
90 4
25 87
87 35
54 77
81 52
45 87
73 67
89 44
66 75
56 84
86 66
92 59
1 0
6 5
3 8
11 2
1 18
17 9
20 7
16 20
30 2
29 14
20 29
36 0
9 37
38 20
9 45
45 14
49 3
37 33
44 26
52 10
50 19
21 52
47 34
41 44
5 61
21 59
46 47
63 20
67 3
69 13
55 44
67 25
57 47
48 57
21 81
69 48
79 34
72 50
67 61
88 26
83 40
60 71
93 13
4 97
96 22
93 48
62 96
86 80
72 97
88 86
97 82
94 90
92 99
