141
83 90
20 23
36 52
76 10
21 89
78 43
10 61
60 81
44 42
90 17
8 36
97 51
59 10
86 74
6 1
47 95
61 50
36 75
35 28
1 83
10 18
65 36
89 35
57 62
8 90
41 3
30 92
13 82
95 0
68 22
53 36
88 58
24 53
71 97
98 89
36 19
16 44
68 69
54 70
21 72
85 1
50 10
59 30
27 38
47 53
81 81
4 44
30 66
2 15
24 81
16 10
50 86
81 96
5 95
99 26
85 37
75 71
60 99
87 14
0 70
1 31
98 15
97 46
34 36
62 0
70 42
12 68
89 69
44 34
50 77
80 17
31 20
74 22
40 65
73 81
53 24
78 89
31 51
95 28
94 40
42 15
90 51
35 98
98 8
55 51
13 56
94 73
52 94
20 93
18 84
80 34
30 15
29 98
52 60
67 81
8 24
94 22
50 14
16 29
47 92
55 88
37 42
48 37
15 94
28 71
28 24
42 75
22 36
62 39
77 39
87 8
42 20
44 48
13 75
55 73
13 40
80 72
99 44
83 55
66 74
57 37
76 97
49 70
77 67
92 44
70 9
44 9
96 32
64 10
31 88
21 78
43 38
88 31
92 48
0 79
50 33
96 56
68 40
28 79
84 41
60 46
