114
56 59
25 14
79 36
56 74
94 13
1 24
29 6
28 13
36 15
55 23
61 13
36 53
47 44
57 36
64 23
2 69
38 61
31 67
68 36
36 90
19 4
20 21
18 30
36 33
44 22
7 52
29 44
36 46
19 60
4 64
67 4
6 69
70 0
65 32
54 49
26 71
70 29
73 21
76 2
0 77
47 61
89 5
42 83
96 17
97 28
64 80
36 97
85 65
49 97
80 75
71 89
95 64
67 97
96 69
95 85
3 6
8 1
1 17
11 17
20 24
0 37
37 14
32 34
48 6
40 30
35 36
54 13
28 53
41 44
21 57
30 59
41 52
65 13
56 38
73 10
32 67
40 65
75 21
70 35
31 73
79 16
3 81
22 80
31 78
50 69
81 27
43 75
65 57
10 88
79 41
88 15
71 55
20 88
59 70
90 18
1 92
92 5
26 89
89 27
84 41
92 25
80 54
51 84
56 88
89 55
99 39
79 78
58 96
72 91
88 81
77 95
82 94
97 85
91 92
