141
70 66
16 31
21 86
81 28
43 24
99 79
50 61
17 63
70 95
53 1
97 41
30 81
11 16
41 41
23 47
59 43
79 80
60 85
2 51
66 14
29 4
37 64
3 94
94 7
44 90
0 69
2 29
72 44
61 61
94 34
93 95
28 96
2 8
57 32
56 74
19 5
84 45
20 74
46 66
80 20
39 1
65 85
10 82
10 46
65 0
80 34
7 41
90 52
24 23
15 40
95 24
90 75
11 58
74 80
64 25
51 81
34 78
69 88
73 34
34 41
38 53
48 93
85 61
56 65
90 40
4 61
27 74
58 17
62 57
1 0
34 91
17 53
88 91
23 97
51 42
7 73
98 51
24 34
28 52
89 82
65 79
52 26
87 6
27 12
34 34
42 61
75 97
60 93
69 8
50 4
22 63
29 68
6 85
9 37
9 65
40 18
37 28
55 6
69 62
47 70
66 31
28 45
9 51
0 57
17 15
75 87
85 76
19 70
53 92
3 23
63 67
1 45
75 66
41 45
77 42
48 1
96 28
80 49
38 85
15 2
96 37
91 22
98 75
64 44
69 48
84 36
86 21
13 19
80 17
12 34
5 44
26 78
32 64
73 70
58 2
62 75
29 42
3 40
13 63
70 79
38 78
