112
9 74
29 70
59 66
94 72
11 10
28 19
15 33
40 10
33 29
38 53
60 29
69 19
73 26
79 12
7 84
36 79
26 85
3 92
55 74
9 95
91 41
84 57
87 69
88 81
87 92
6 2
4 12
9 25
28 6
17 25
8 46
38 29
18 48
51 26
44 37
31 49
18 56
45 44
31 58
68 13
31 65
67 31
1 74
75 3
61 48
50 60
16 80
18 85
91 6
76 52
81 45
92 12
33 87
51 83
94 32
92 60
66 95
0 9
14 14
9 27
28 10
23 22
32 6
29 19
35 0
21 35
43 14
46 12
0 49
6 49
46 20
50 9
9 54
57 15
46 37
7 65
49 44
22 64
43 53
9 68
69 1
20 67
17 71
68 28
41 62
66 40
29 72
77 31
81 21
3 85
63 62
68 57
48 76
82 38
88 25
71 59
97 20
99 7
56 82
64 77
87 53
29 98
74 72
95 41
41 98
47 97
71 84
66 96
97 67
89 81
98 82
96 93
