91
12 16
12 96
4 6
12 5
12 10
13 37
10 86
92 14
1 19
21 3
14 46
72 17
82 17
1 10
29 1
31 19
35 12
43 6
35 32
49 13
23 55
11 75
45 83
14 2
11 19
11 24
21 17
31 6
22 24
4 33
39 3
26 33
41 17
14 53
6 56
43 46
71 26
41 65
12 89
89 17
20 89
3 92
34 90
3 97
45 93
1 1
27 11
6 33
16 37
40 12
33 27
3 47
33 35
22 46
50 17
55 8
33 47
57 14
32 54
47 43
4 64
63 12
1 66
66 4
9 66
51 44
23 65
49 54
73 5
3 75
75 13
23 76
9 79
16 78
80 12
84 1
76 36
39 75
81 26
45 74
78 39
89 5
90 21
90 24
95 4
55 78
33 95
93 47
66 84
63 92
73 95
