136
14 32
86 53
37 88
57 27
76 78
32 7
97 13
23 63
60 50
18 97
1 70
89 32
34 47
45 77
61 1
18 18
86 86
42 26
1 45
78 1
71 85
98 68
62 63
4 59
18 6
19 46
72 32
34 66
54 40
71 95
91 78
22 83
78 24
90 22
15 75
58 17
49 52
70 48
35 19
36 77
42 8
60 88
5 35
32 37
3 21
18 24
49 94
87 44
91 99
65 30
24 42
92 27
98 56
81 90
30 58
90 8
78 83
53 9
49 71
75 69
18 67
27 11
1 81
65 55
96 38
11 84
9 55
66 80
52 80
87 71
76 47
35 69
33 14
78 99
61 19
41 56
67 5
65 72
79 17
36 25
29 49
13 93
11 10
38 11
27 2
17 92
98 64
58 60
28 86
81 28
7 40
89 49
30 73
17 38
27 33
24 16
46 83
51 54
43 90
87 82
43 72
60 24
40 64
89 16
94 20
89 75
75 88
86 58
22 92
54 73
91 92
14 97
44 29
52 34
85 30
32 43
23 8
16 2
66 0
28 67
81 79
30 19
1 59
1 40
44 95
64 15
85 36
3 75
36 4
41 12
76 51
11 36
23 50
7 63
95 62
83 45
