117
72 38
16 4
19 31
23 40
39 39
45 84
37 2
46 17
30 52
25 57
63 8
13 65
39 60
74 13
47 59
76 34
28 79
55 64
49 79
59 74
37 92
80 71
91 60
94 96
18 10
29 10
4 37
30 23
16 41
41 26
24 45
1 54
50 32
2 61
56 34
67 5
62 28
69 20
2 73
67 34
76 3
29 71
77 20
45 67
66 47
14 81
85 3
79 37
91 4
29 93
49 86
93 48
67 81
93 68
78 88
65 98
1 0
7 11
2 16
20 6
21 2
0 25
23 13
2 32
36 7
23 29
33 18
13 36
32 24
8 40
28 33
44 6
46 3
29 45
24 48
40 39
53 21
45 41
61 0
4 64
68 0
21 65
69 23
60 43
16 73
60 51
56 57
72 39
33 75
19 80
2 83
84 12
85 4
4 86
20 87
27 86
66 63
83 41
92 13
35 89
77 57
44 86
8 97
85 49
61 78
99 31
88 55
40 97
51 94
48 96
84 68
80 74
63 89
84 79
81 91
98 78
85 96
