146
53 83
71 15
26 56
16 17
88 48
87 77
6 83
41 31
50 47
30 79
92 9
32 4
9 37
50 10
8 4
71 40
1 55
32 96
70 85
83 26
95 89
28 28
52 65
14 66
19 47
95 32
17 94
61 26
41 66
58 49
55 96
90 66
25 49
72 30
87 23
60 11
48 2
98 80
34 20
0 92
34 89
11 23
21 1
3 13
71 94
62 68
80 72
82 15
35 37
23 18
96 19
46 71
33 62
24 40
64 39
56 21
46 17
84 88
43 97
29 73
12 78
24 96
54 55
19 30
17 59
47 84
70 73
23 24
41 45
43 10
86 0
78 45
60 79
52 40
76 78
36 83
30 44
85 41
70 47
15 42
93 71
71 10
66 13
94 49
34 9
78 8
4 35
26 82
87 59
95 96
98 66
0 60
2 8
56 8
52 15
89 32
36 24
36 95
34 69
10 68
16 4
77 32
9 16
28 62
93 84
59 39
31 13
45 61
24 13
92 23
14 54
25 69
99 35
74 83
85 72
43 2
9 28
55 12
14 32
91 18
11 42
73 36
25 0
8 75
79 17
69 81
20 7
76 95
63 16
83 10
28 31
38 90
44 6
66 26
19 21
54 4
13 82
51 52
7 22
49 88
73 26
4 93
56 92
87 19
58 83
84 47
