122
91 60
12 39
62 32
54 65
62 69
89 79
10 9
6 13
35 2
26 26
8 43
31 39
52 21
40 50
48 53
72 19
72 42
51 73
9 91
82 65
1 0
18 10
25 5
2 26
17 22
11 29
7 49
52 8
29 46
3 56
40 40
59 9
49 36
29 55
65 5
13 69
70 26
61 47
76 17
3 78
81 3
82 12
2 85
17 92
25 92
79 55
35 91
94 33
62 79
96 48
53 95
97 65
73 99
80 95
88 91
7 4
2 17
16 16
21 10
11 23
1 31
25 19
33 15
30 22
26 27
38 0
28 33
14 41
38 22
34 29
49 2
47 15
44 24
48 18
44 29
20 49
53 8
21 55
52 32
16 61
27 59
62 24
65 22
0 70
68 17
11 71
35 66
71 31
66 42
48 63
10 80
39 71
65 51
15 84
53 68
86 11
31 81
45 79
89 22
30 87
81 45
4 94
17 93
42 85
66 69
98 3
53 83
92 38
75 68
99 26
89 51
50 92
99 40
62 87
83 69
46 99
79 78
66 94
71 94
96 69
95 81
85 95
