118
41 37
52 25
44 46
73 26
57 54
77 52
53 83
72 78
26 22
23 34
36 22
35 33
52 0
39 41
17 55
53 32
6 62
79 23
77 37
35 78
11 86
44 75
88 82
4 10
2 14
13 27
31 4
10 35
29 26
40 7
26 37
29 46
37 51
64 18
7 69
64 37
59 46
21 78
2 82
47 68
88 9
67 59
78 47
95 1
33 91
83 54
39 95
62 82
87 58
49 95
75 78
71 91
96 74
95 93
1 1
14 2
13 8
0 19
13 18
22 7
21 13
19 16
6 26
32 12
24 26
25 38
49 7
43 26
7 50
48 19
21 52
55 13
13 57
21 57
2 61
53 35
63 13
49 42
66 2
45 49
62 26
22 64
25 66
68 19
23 69
54 49
40 64
67 41
50 61
79 5
12 79
18 81
66 52
32 79
79 36
44 76
57 71
24 91
53 78
84 45
69 66
27 93
1 99
80 61
76 66
89 48
94 40
32 98
63 83
86 61
97 49
61 99
64 98
88 85
83 91
75 98
82 98
88 97
