141
0 53
82 45
46 89
57 8
13 20
19 75
98 91
38 58
92 12
63 55
32 2
74 66
72 33
32 99
22 47
1 4
8 85
88 30
39 40
62 90
91 69
85 2
84 85
44 72
28 91
64 27
6 42
98 31
17 57
31 25
65 1
63 73
39 6
2 29
80 58
23 35
93 22
7 59
28 65
2 99
48 38
71 54
98 57
61 36
76 5
55 94
3 21
97 74
45 45
19 88
67 19
58 79
93 95
85 18
72 84
49 72
94 33
95 82
31 42
7 3
77 35
88 60
43 0
29 85
92 43
60 64
55 84
73 40
84 26
57 0
76 73
19 52
14 11
22 80
52 11
54 53
28 11
54 26
36 50
1 39
42 78
5 76
67 66
9 26
43 92
5 65
72 8
77 0
86 66
31 55
75 59
60 11
16 70
12 40
96 8
71 48
11 48
51 4
14 92
65 84
59 16
41 67
36 64
96 19
86 90
85 54
85 79
28 32
43 43
16 80
69 91
0 62
98 96
51 67
70 61
82 37
96 27
85 12
22 94
5 81
17 48
23 69
3 10
94 88
42 86
39 12
11 60
80 26
20 31
59 97
67 34
32 60
36 25
38 76
59 86
4 33
5 89
39 94
79 83
63 4
39 45
