118
28 63
12 14
35 11
12 48
35 69
11 3
34 26
22 41
29 40
12 59
78 16
8 81
68 45
32 77
83 8
20 84
87 17
19 93
63 71
79 60
66 91
76 90
4 7
17 12
9 21
12 28
29 17
29 22
8 37
45 7
7 46
50 7
1 55
47 33
47 41
58 28
67 0
12 66
3 70
64 31
71 9
38 63
69 34
37 77
75 42
82 29
24 87
8 92
42 85
92 24
70 67
51 85
40 91
61 82
67 79
97 54
69 97
96 81
93 95
0 16
4 25
9 34
33 15
17 33
30 27
14 41
37 24
46 11
38 34
29 44
49 21
54 4
24 51
31 49
38 48
30 57
20 64
49 48
45 53
41 63
71 28
1 77
20 75
56 54
63 52
79 24
68 47
48 68
25 80
0 85
41 75
78 36
34 79
17 85
75 45
52 73
90 1
1 91
92 9
26 93
93 27
81 54
98 13
3 99
53 86
84 58
44 93
36 98
92 50
45 96
77 74
84 68
84 73
97 58
87 75
75 95
89 91
90 98
