142
94 68
51 33
5 62
65 88
29 12
80 19
36 59
71 49
7 86
2 7
34 87
53 7
27 43
86 40
49 78
76 75
78 96
92 9
94 88
91 48
23 61
4 27
54 48
91 28
55 61
52 95
71 22
23 25
13 48
48 23
15 79
39 1
70 65
75 58
74 10
27 8
26 79
48 43
38 78
34 41
41 62
97 39
16 33
17 96
36 15
71 34
41 99
93 55
70 80
61 33
86 18
18 11
4 44
63 49
84 73
59 77
84 89
94 78
80 65
36 24
99 1
48 12
46 38
73 28
23 73
9 10
42 51
48 88
59 5
49 1
99 14
3 20
66 73
64 20
80 58
58 25
73 3
34 66
11 70
3 91
95 60
68 58
61 42
29 23
56 70
80 52
24 68
40 73
88 55
79 41
23 8
48 18
98 43
23 55
5 50
62 67
73 92
86 66
83 95
97 25
33 93
59 11
42 8
99 77
36 10
88 86
40 87
23 48
38 54
71 70
37 43
77 47
75 79
90 17
97 48
78 10
39 20
50 61
78 30
6 58
64 78
25 4
92 24
53 87
52 98
17 50
10 80
33 21
43 65
66 24
97 64
12 86
97 10
69 18
77 91
31 6
59 52
28 82
30 17
45 25
88 46
83 22
