115
32 59
86 13
82 20
88 84
85 91
1 4
20 8
23 3
38 15
16 42
38 29
54 22
49 35
70 17
63 38
67 45
75 30
52 68
50 88
60 92
7 5
9 9
11 30
3 33
20 37
28 36
13 48
3 51
42 35
30 48
61 6
20 61
40 54
8 70
32 63
42 58
71 10
24 69
41 64
76 16
13 80
78 31
1 89
32 84
66 64
12 92
4 94
50 80
83 51
68 73
95 46
78 76
86 71
95 64
94 69
73 92
93 87
98 96
7 19
21 13
5 26
28 0
17 27
27 26
41 0
34 23
42 8
8 45
41 26
51 2
32 40
49 15
22 50
7 59
29 52
1 64
46 45
55 36
57 33
15 72
66 34
26 72
53 56
39 69
53 63
67 48
71 45
7 84
29 81
86 10
55 72
60 68
91 1
75 52
73 55
89 22
81 44
96 14
14 96
34 91
98 11
93 40
86 54
99 23
76 71
94 50
82 68
88 63
46 99
95 55
63 91
88 79
74 99
87 92
89 99
