144
97 20
41 48
98 83
40 94
30 18
19 61
76 51
71 71
69 8
5 29
57 84
1 76
68 35
13 14
28 38
81 60
95 67
21 74
86 84
4 46
1 99
97 1
61 55
31 3
71 83
61 21
34 85
17 35
91 40
42 37
76 22
31 50
47 79
1 9
88 92
51 45
37 62
19 53
23 99
94 13
85 0
87 68
56 29
2 55
17 22
78 42
6 20
29 27
64 3
8 1
94 91
63 10
25 70
68 47
77 96
66 27
65 93
99 58
76 67
90 23
46 61
25 57
80 13
82 49
47 93
56 74
98 29
6 63
43 91
56 93
23 46
14 95
24 7
27 75
35 45
56 61
64 82
79 30
70 18
72 3
65 70
90 33
37 4
76 58
88 15
44 30
99 50
49 36
15 50
68 40
93 72
6 75
14 59
44 54
26 66
30 31
57 44
61 32
57 51
35 14
77 6
28 88
19 68
10 25
67 15
16 11
3 15
46 99
23 33
71 86
61 13
72 55
46 82
75 74
41 87
16 30
96 5
60 1
63 51
8 13
74 40
80 92
83 67
91 84
44 45
49 89
34 35
38 84
72 11
67 74
27 45
30 78
99 62
30 22
73 48
61 86
64 18
3 51
9 5
76 86
26 53
51 79
65 7
32 89
