108
80 14
35 28
2 4
41 37
60 2
64 31
43 58
55 51
95 57
26 16
36 14
31 38
50 5
42 29
56 34
66 3
7 80
83 24
32 84
87 37
97 6
72 91
6 1
1 26
28 4
37 17
24 36
44 5
5 53
50 19
49 29
5 60
38 48
49 38
45 50
65 25
34 62
69 21
66 35
37 67
72 33
64 53
68 48
62 57
78 33
42 74
87 4
7 87
86 30
43 82
97 19
68 72
74 66
82 57
60 83
45 93
30 99
57 89
80 70
52 96
75 82
86 74
93 77
17 5
15 14
20 14
14 20
29 2
13 27
31 7
33 22
10 42
45 9
7 48
53 14
15 55
48 41
18 62
67 11
13 70
43 61
1 76
10 77
63 46
24 76
83 11
36 80
66 59
59 67
3 90
77 48
47 78
20 90
11 93
90 30
55 79
64 73
78 60
89 42
39 95
84 61
65 87
79 79
64 93
94 81
90 86
97 85
99 89
