109
26 31
53 18
53 31
40 69
24 77
63 74
26 94
96 57
76 92
5 14
38 3
10 46
51 9
40 47
4 62
64 10
24 63
38 59
60 52
71 46
85 24
97 8
94 26
77 62
36 93
96 35
11 6
19 7
18 18
12 25
28 11
44 9
43 18
8 49
35 36
59 5
47 43
8 71
75 3
36 66
75 16
62 46
55 58
48 65
81 5
2 87
48 73
65 59
12 94
16 98
55 92
72 81
95 74
81 96
5 6
3 24
6 25
26 18
16 32
26 25
8 37
2 38
37 13
45 16
0 49
19 46
37 36
48 20
29 47
52 23
37 51
32 55
2 64
65 9
58 32
23 65
55 44
18 69
50 53
28 69
2 75
67 40
26 75
75 33
72 42
84 3
37 77
87 16
29 87
54 75
80 48
85 41
2 99
68 72
96 25
87 51
45 91
46 97
98 44
76 77
74 81
67 88
57 96
97 61
72 95
85 90
95 89
94 99
99 98
