138
43 37
15 58
86 49
52 98
62 9
18 19
16 90
89 71
53 67
91 0
50 18
81 97
65 54
0 36
46 81
94 35
71 26
7 0
37 66
79 72
34 81
44 3
3 90
1 64
25 95
88 12
14 37
21 74
36 27
73 9
72 68
26 47
45 58
70 90
91 95
51 45
33 9
96 48
8 17
57 31
12 50
99 60
55 92
33 44
96 79
33 61
76 35
80 60
16 2
12 99
48 40
7 85
11 77
40 16
51 54
59 79
35 87
56 16
92 54
47 32
0 61
42 75
85 75
18 9
30 92
94 26
69 52
99 1
67 63
22 55
24 24
48 14
28 36
73 98
46 89
36 77
66 70
27 79
77 23
95 71
76 3
40 43
61 17
62 93
69 4
15 48
88 79
72 84
83 14
1 22
66 47
36 33
73 75
20 80
0 1
37 0
97 54
72 62
74 55
23 11
13 14
98 40
51 70
51 26
0 96
16 86
90 33
35 96
99 67
44 70
65 21
57 9
12 6
78 77
31 26
20 37
54 57
44 42
25 99
83 57
61 51
57 46
85 70
95 63
39 49
62 31
78 66
38 38
8 97
61 97
74 94
3 85
56 27
53 38
0 55
34 58
18 55
35 73
