119
83 2
23 3
61 17
48 87
41 7
54 31
48 41
42 49
21 68
65 38
62 44
8 77
57 55
79 13
14 88
95 8
90 35
77 61
90 49
45 95
0 11
13 22
30 1
40 14
10 45
39 33
49 26
37 43
7 60
61 20
66 7
46 50
54 46
70 19
74 28
20 77
44 70
32 79
3 86
61 62
89 19
1 92
37 85
69 65
58 75
15 96
58 84
92 47
86 58
92 54
54 98
75 89
94 73
77 98
94 82
85 97
0 1
7 8
13 7
2 17
18 1
12 15
9 22
18 18
29 7
16 27
8 34
34 12
18 36
26 32
43 5
1 44
14 46
48 6
32 37
6 50
4 53
41 35
52 15
23 49
17 56
29 52
60 10
49 37
63 4
0 64
61 25
64 17
7 67
17 66
69 9
31 63
77 6
2 79
15 82
85 4
65 58
70 53
27 85
41 81
25 88
81 43
92 10
47 80
93 1
87 38
92 33
78 62
66 77
52 88
66 85
72 83
59 96
86 75
74 92
99 67
93 77
84 91
93 99
