119
54 10
8 27
49 16
65 4
90 83
26 26
60 22
3 67
54 40
31 63
54 51
46 62
9 85
88 16
77 46
56 74
12 96
40 97
58 90
81 87
11 3
10 18
22 9
15 29
29 15
22 28
36 17
12 44
41 24
18 52
26 55
63 10
20 66
67 25
75 14
69 35
2 78
55 56
76 25
28 76
43 70
41 80
88 23
38 86
68 65
61 72
96 16
45 89
77 64
90 45
95 35
68 80
86 65
84 73
71 95
93 77
80 96
85 95
7 8
0 16
13 16
5 21
23 1
6 27
9 32
25 22
26 33
17 40
44 10
37 28
51 2
46 31
13 54
38 42
53 21
55 18
34 52
55 37
64 18
61 30
68 8
11 68
47 53
35 63
42 59
69 23
57 46
64 38
16 73
13 79
67 46
46 67
82 0
69 49
37 77
85 12
67 54
76 41
2 88
88 5
71 54
82 41
28 90
85 42
39 90
34 93
54 85
99 19
98 25
30 98
90 54
63 84
98 43
68 84
91 68
77 87
96 78
91 85
94 94
