136
32 1
34 68
63 40
66 82
7 29
82 15
96 62
20 99
38 29
12 57
41 48
79 56
33 93
23 15
12 83
65 23
51 92
26 43
91 39
48 14
94 14
80 92
12 14
80 0
47 79
50 52
4 40
13 69
55 28
59 73
82 67
62 54
21 30
29 80
33 51
78 23
23 56
4 57
45 96
33 18
35 58
92 96
68 68
55 37
37 81
37 6
57 90
13 93
17 49
60 10
20 1
85 25
6 24
72 27
71 0
70 88
26 72
73 98
2 8
47 58
97 43
80 41
64 31
97 2
60 44
35 41
82 83
0 51
63 98
83 6
28 98
41 70
88 89
96 24
40 23
20 61
4 84
99 70
91 47
63 62
49 38
8 39
5 47
29 8
83 59
65 18
28 54
81 21
15 17
52 74
68 52
38 62
21 53
78 67
4 14
53 42
44 91
26 65
87 0
45 54
32 46
59 80
56 47
38 12
23 11
34 63
9 95
92 58
34 55
51 98
49 28
43 14
15 98
74 85
24 49
12 48
44 25
39 55
32 73
83 53
48 75
10 78
49 33
47 19
61 22
6 33
13 89
19 24
1 24
79 8
47 62
10 42
11 18
7 60
41 60
28 59
