121
30 86
68 74
86 56
3 4
19 7
15 14
25 4
4 26
40 50
13 65
4 68
39 65
70 36
74 29
54 59
18 81
50 76
39 84
80 67
59 89
7 14
20 32
30 24
29 27
48 7
34 38
20 48
47 29
55 5
12 55
6 57
47 37
24 55
46 48
24 73
8 79
83 3
27 79
83 39
93 17
73 61
22 96
64 75
77 72
73 77
64 85
76 82
71 91
83 90
95 79
97 87
0 5
8 9
13 0
7 17
14 16
10 25
6 29
31 9
35 14
40 7
35 22
22 35
27 42
49 20
40 35
10 53
37 42
56 9
35 46
58 19
51 35
64 5
32 56
16 64
61 28
52 43
59 36
26 66
9 71
43 61
52 54
60 47
76 9
28 72
35 69
78 25
20 82
37 78
82 30
8 87
75 45
46 76
20 87
69 60
29 87
47 80
59 73
85 43
78 57
91 36
53 83
27 98
88 51
88 52
95 44
37 98
80 68
54 91
46 96
85 65
59 93
54 97
66 93
84 78
91 75
70 98
88 84
84 92
84 97
93 92
