119
76 58
99 71
8 32
28 23
40 25
47 8
64 1
45 46
54 42
66 22
3 71
71 8
40 62
30 76
4 82
44 72
20 86
10 97
53 94
9 5
30 14
33 21
34 33
3 49
20 46
41 35
54 17
13 56
53 25
47 37
25 57
7 66
54 51
34 67
63 48
68 41
12 80
80 17
66 54
64 59
41 79
77 45
53 73
35 87
67 67
94 15
71 66
53 82
41 89
80 63
62 81
37 96
96 46
63 86
90 61
74 84
82 82
71 97
90 87
97 84
3 7
13 1
9 16
16 12
23 12
27 3
9 27
28 6
1 31
8 33
35 2
4 35
37 5
29 32
42 16
23 42
33 36
42 27
17 47
33 41
59 5
61 18
57 30
1 65
43 49
35 60
15 68
27 65
70 12
48 54
66 35
52 56
77 4
33 76
83 5
75 36
47 70
84 14
81 37
83 40
46 80
91 23
94 1
83 52
1 99
98 21
91 44
57 85
83 60
97 33
90 50
70 79
99 40
49 97
64 96
80 86
87 79
96 93
99 99
