108
71 15
7 8
7 27
46 16
1 1
19 25
35 1
34 17
3 46
45 29
38 39
53 16
31 56
63 17
78 15
85 28
16 90
74 56
76 61
64 87
75 79
56 96
67 91
11 5
11 13
16 9
22 3
17 17
25 8
26 17
23 26
22 37
32 41
41 43
21 56
61 5
72 18
32 67
36 65
10 83
84 13
85 3
89 13
93 3
54 77
87 44
80 56
51 85
98 16
69 74
81 67
92 51
49 96
90 69
62 96
97 66
85 81
78 88
95 77
15 1
8 16
9 24
29 8
14 27
2 35
39 5
29 27
7 39
43 9
41 25
48 6
48 13
12 49
40 31
29 48
54 18
56 24
45 44
52 38
57 31
64 33
62 39
42 61
49 56
58 47
16 73
52 54
61 45
57 53
25 74
41 67
71 48
68 55
39 79
20 86
27 85
82 37
92 9
9 93
66 67
92 21
61 75
93 39
35 96
26 99
89 59
49 97
88 72
