102
35 84
70 41
37 5
63 67
41 23
71 3
39 57
22 41
79 62
34 65
61 84
56 26
47 75
54 56
84 42
61 3
22 11
71 27
47 36
24 65
22 20
39 75
52 85
22 53
63 58
70 69
26 4
30 81
21 32
84 52
55 15
57 75
76 37
71 21
70 63
42 73
45 85
39 14
54 31
70 52
69 76
83 61
41 27
71 13
34 71
80 68
60 71
47 55
22 46
22 27
71 32
36 59
24 69
52 35
66 2
26 76
64 61
70 45
80 37
43 34
31 64
31 2
56 11
70 58
55 73
59 56
23 61
40 19
42 57
57 85
38 10
51 75
55 21
35 1
39 70
84 46
64 65
23 7
42 30
71 10
50 58
71 37
34 61
40 85
74 63
31 68
22 37
43 78
48 85
84 38
25 72
46 58
57 55
57 6
34 75
75 69
68 81
83 57
83 66
37 77
65 83
71 17
