138
89 14
29 87
20 16
80 64
52 40
4 53
54 6
57 84
83 97
93 46
38 28
29 49
10 79
46 64
72 34
71 11
47 19
15 39
86 76
23 65
70 49
38 2
14 65
72 74
68 90
98 32
6 98
80 33
93 55
88 2
4 31
37 39
53 91
38 12
53 74
18 92
70 2
25 1
49 50
89 90
3 18
53 31
77 91
29 70
13 21
24 35
82 46
53 98
87 70
57 68
90 37
44 26
92 27
22 58
41 73
66 25
31 97
66 64
66 86
1 82
78 13
23 74
2 91
98 7
95 60
37 49
85 10
60 36
8 68
41 60
12 31
8 40
56 48
23 89
12 89
13 46
79 28
65 55
87 54
16 56
96 27
23 9
44 0
17 5
81 88
50 15
30 66
74 56
17 79
44 38
33 9
83 67
57 42
44 45
2 38
55 25
88 64
70 17
8 76
27 30
94 89
27 44
54 18
33 38
78 42
93 18
22 83
34 66
41 67
28 54
49 70
64 34
74 10
67 70
48 55
41 24
71 94
74 28
11 37
50 35
92 77
82 73
68 81
42 9
39 45
83 38
53 82
57 72
18 20
12 76
83 30
22 93
46 13
71 85
87 37
34 12
87 81
35 35
