139
34 66
74 13
92 89
30 22
84 53
37 86
48 34
1 38
12 5
6 84
42 4
48 87
89 42
72 93
57 69
94 10
14 50
47 58
69 39
58 9
2 22
69 79
95 73
84 30
33 97
57 37
97 58
43 75
18 93
16 26
29 10
82 5
1 65
40 48
76 68
29 54
18 76
47 50
78 95
41 27
92 27
73 29
26 83
10 13
47 97
94 1
62 93
87 13
19 11
66 12
76 84
40 11
29 31
2 45
64 60
1 14
21 65
56 30
14 67
38 41
13 88
78 62
99 19
47 7
33 3
97 85
90 48
80 36
62 30
85 96
25 1
74 2
95 44
81 15
11 79
54 4
61 2
20 22
57 43
23 14
43 67
32 78
51 28
96 51
57 98
56 16
78 51
44 38
47 0
4 32
52 51
42 92
55 64
63 70
71 23
82 71
12 22
34 57
42 80
5 41
26 49
40 59
91 22
6 50
51 60
82 24
91 33
12 92
92 78
50 72
78 89
13 30
52 9
63 38
35 93
52 90
93 57
22 96
98 80
72 84
33 18
33 89
42 20
3 9
32 61
12 56
49 46
15 13
54 39
29 95
44 14
89 18
95 30
89 52
51 82
17 89
15 9
11 70
38 5
