205
1 0
6 4
1 8
6 12
13 4
1 16
13 12
18 0
18 8
6 20
13 20
1 24
18 16
25 0
25 8
6 28
25 16
18 24
30 4
13 28
1 32
30 12
25 24
30 20
6 36
18 32
37 4
13 36
37 12
1 40
25 32
30 28
42 0
37 20
42 8
18 40
6 44
42 16
13 44
37 28
30 36
25 40
1 48
42 24
49 0
49 8
18 48
49 16
37 36
6 52
42 32
30 44
13 52
25 48
54 4
49 24
54 12
1 56
37 44
54 20
42 40
49 32
18 56
30 52
6 60
54 28
61 4
25 56
13 60
61 12
49 40
42 48
37 52
1 64
61 20
54 36
66 0
18 64
66 8
30 60
61 28
66 16
6 68
49 48
25 64
13 68
54 44
42 56
66 24
37 60
61 36
1 72
73 0
66 32
73 8
18 72
30 68
49 56
73 16
54 52
61 44
25 72
6 76
42 64
73 24
13 76
66 40
37 68
78 4
78 12
73 32
1 80
61 52
78 20
49 64
54 60
66 48
30 76
18 80
78 28
73 40
42 72
25 80
6 84
37 76
13 84
85 4
61 60
85 12
78 36
66 56
54 68
49 72
85 20
73 48
1 88
30 84
85 28
78 44
18 88
90 0
90 8
42 80
61 68
90 16
25 88
37 84
66 64
73 56
6 92
85 36
13 92
90 24
54 76
78 52
49 80
90 32
85 44
1 96
30 92
97 0
73 64
97 8
61 76
42 88
18 96
66 72
97 16
78 60
90 40
37 92
25 96
85 52
54 84
97 24
49 88
90 48
97 32
73 72
78 68
66 80
61 84
85 60
42 96
90 56
54 92
49 96
73 80
85 68
78 76
66 88
61 92
90 64
85 76
73 88
78 84
90 72
66 96
85 84
90 80
73 96
78 92
85 92
90 88
90 96
