109
38 67
12 52
32 49
8 63
71 9
86 8
78 39
96 39
9 6
25 6
23 15
25 29
41 3
44 27
49 25
20 66
86 34
47 88
88 52
95 83
14 4
10 21
29 4
37 20
13 42
48 0
40 39
57 5
30 54
52 37
39 52
51 45
62 34
70 26
45 61
22 73
70 33
82 14
35 76
49 71
17 86
26 85
78 48
91 13
55 76
42 85
90 30
62 73
50 82
96 19
70 70
85 60
46 94
93 55
79 77
93 63
65 92
78 90
71 98
86 89
2 4
3 22
25 10
18 26
29 14
33 14
9 35
26 27
18 35
3 43
43 12
10 45
22 42
17 46
24 49
52 17
52 26
14 60
62 9
55 31
57 38
68 11
6 69
12 71
60 44
63 42
76 0
74 21
39 67
57 54
11 81
68 47
73 41
31 78
57 64
82 25
89 1
80 41
38 89
13 96
98 6
73 68
96 31
32 97
96 36
60 85
94 48
62 95
85 96
