116
43 90
34 9
4 68
68 5
3 5
6 20
17 13
9 26
18 42
2 46
8 53
23 49
32 46
57 13
19 69
48 64
82 26
43 75
64 60
53 74
77 67
97 66
6 11
11 14
12 22
12 30
23 23
18 35
41 1
28 31
32 28
0 50
49 39
30 55
62 31
55 44
71 27
38 66
16 79
10 84
26 84
80 42
39 83
91 14
90 24
64 68
30 89
4 94
35 89
97 16
53 84
72 76
94 57
62 91
84 82
83 89
94 78
0 24
28 3
24 16
30 0
37 13
40 19
36 30
47 8
35 39
14 51
44 35
42 38
8 58
56 19
60 1
57 22
31 54
18 61
2 64
43 49
32 60
24 65
67 19
50 49
62 35
46 55
66 34
11 74
77 0
64 44
54 56
60 54
55 64
70 49
85 22
3 88
83 38
17 90
55 75
76 55
19 93
74 63
68 70
45 87
93 31
84 52
92 41
66 81
85 61
74 75
98 39
94 49
54 95
88 68
61 96
77 93
97 80
78 99
92 93
