119
48 12
17 3
2 54
75 8
72 94
3 19
23 38
36 31
31 39
14 54
60 14
55 36
34 58
9 67
57 46
76 21
24 88
65 69
16 95
90 38
43 90
65 79
81 65
83 91
18 7
1 42
50 0
8 51
40 36
32 63
71 13
62 41
16 73
43 62
80 2
26 80
7 84
72 46
56 65
31 85
90 27
84 46
91 32
97 2
22 97
85 57
63 87
98 62
96 73
7 10
4 12
7 19
25 1
1 27
13 25
28 12
28 20
34 6
15 32
27 29
35 19
40 8
21 39
45 8
41 24
47 15
15 47
44 31
26 49
50 27
24 52
58 9
50 39
22 60
46 45
36 54
69 3
44 55
27 66
24 68
50 53
66 32
30 67
69 30
76 12
26 75
51 61
74 33
76 30
22 80
81 22
84 9
3 86
63 60
72 50
11 87
66 58
45 77
20 88
58 74
91 26
42 85
27 92
13 95
69 78
58 87
79 69
92 51
94 48
97 50
84 70
77 79
75 82
52 99
61 96
88 78
84 83
91 87
95 98
