119
6 43
11 18
28 25
59 9
46 79
21 6
23 0
52 10
58 19
64 26
5 74
72 30
82 14
28 80
8 87
58 83
73 97
4 6
7 11
15 15
9 20
2 31
31 15
38 2
41 11
39 32
6 51
48 25
27 48
15 56
31 52
56 25
62 8
42 48
49 49
29 63
25 70
79 2
66 53
85 3
43 77
85 24
2 89
24 87
81 48
65 69
91 27
4 95
17 94
41 87
51 86
54 88
95 44
84 73
96 57
61 97
98 73
81 96
10 6
13 11
19 10
29 11
34 12
3 41
24 35
44 11
44 23
19 47
4 52
31 43
49 22
46 31
11 60
0 61
60 18
50 40
51 46
56 43
42 57
71 1
17 70
58 46
28 69
77 9
8 78
69 38
18 77
73 34
54 61
34 75
81 22
52 67
65 57
80 35
33 81
54 73
68 62
33 88
51 80
77 57
93 23
96 5
78 58
98 4
92 35
90 40
62 77
88 47
31 97
87 56
83 62
74 75
74 82
81 83
65 97
80 89
93 81
89 88
98 99
