136
57 1
36 66
81 66
3 38
82 30
1 86
55 73
16 21
35 42
51 15
76 86
35 99
95 10
22 63
64 56
1 4
32 79
34 10
61 90
72 11
16 82
95 50
74 40
4 66
14 94
91 80
18 54
37 29
74 99
18 3
70 23
50 82
89 2
18 40
79 19
34 59
55 51
92 33
5 75
55 68
7 53
48 25
85 99
53 3
8 37
46 7
68 72
5 96
99 95
42 83
84 49
55 10
59 96
26 23
99 22
5 16
3 30
72 81
93 59
46 44
67 5
81 39
27 58
8 78
35 70
82 72
42 15
75 49
58 84
26 49
24 80
17 66
39 34
41 93
91 69
30 2
56 26
68 98
88 33
43 72
68 47
11 26
90 87
36 52
7 43
69 57
12 2
67 37
54 20
20 17
43 0
76 62
51 73
72 27
29 72
52 87
47 50
23 57
33 95
57 14
40 61
9 58
97 57
98 17
65 12
84 0
86 18
42 30
12 32
21 46
32 14
52 65
2 93
30 26
83 77
68 0
41 68
41 25
17 26
50 30
34 77
12 79
81 46
62 52
32 67
8 93
37 57
37 79
67 61
93 55
69 8
52 77
13 23
63 92
82 22
81 61
