125
33 53
42 4
28 59
36 71
7 23
35 12
39 22
14 59
60 28
72 23
46 69
72 47
84 30
53 77
22 91
79 57
92 47
74 86
6 1
10 10
1 19
12 19
18 14
27 4
37 13
44 2
13 46
32 39
51 4
54 14
40 45
62 1
67 9
65 23
63 39
3 76
27 73
80 2
77 31
17 83
87 11
65 67
85 47
96 17
62 82
45 93
88 56
89 61
80 73
96 54
64 97
88 85
95 82
2 8
15 7
8 23
17 23
29 18
32 20
24 31
8 40
40 14
0 44
36 36
0 51
12 50
49 18
26 46
18 50
41 35
55 2
28 49
57 18
33 50
21 59
32 55
41 49
64 1
50 43
28 60
41 53
19 66
69 3
70 8
50 50
75 20
78 13
76 25
62 52
30 76
74 39
2 85
54 67
57 65
31 84
91 4
87 27
83 39
78 49
90 23
72 60
31 89
44 86
6 98
96 27
95 35
79 65
40 97
73 76
82 67
62 89
60 92
69 88
54 98
94 63
92 69
75 90
97 67
85 82
69 97
94 76
84 92
95 86
97 91
92 99
