141
36 78
53 5
86 59
3 27
35 28
50 95
81 87
75 30
16 75
85 0
38 53
1 51
13 6
50 47
13 40
72 73
9 93
91 41
47 17
87 14
51 69
88 71
88 98
61 37
71 96
68 52
41 91
27 9
72 14
3 71
35 47
63 5
26 35
71 46
52 84
39 6
31 90
60 74
24 27
97 91
43 37
6 80
96 49
84 47
25 63
72 64
97 23
20 49
60 50
6 8
57 97
20 93
41 64
59 25
64 89
78 16
9 66
73 4
5 44
31 20
33 39
0 88
70 90
46 26
79 79
42 72
48 56
32 84
58 61
54 39
15 44
23 77
86 88
40 11
80 52
83 40
78 64
42 85
96 77
12 36
34 0
96 68
66 97
4 4
77 35
54 13
17 25
89 20
1 38
76 43
85 70
6 59
19 83
80 10
27 82
81 99
7 75
1 95
48 87
24 14
87 49
40 49
92 55
90 93
25 97
88 84
86 78
16 1
26 2
4 32
50 37
34 14
17 9
40 17
36 22
96 86
27 31
64 0
43 56
40 95
97 96
20 40
7 52
72 40
58 29
36 60
46 10
1 57
45 69
46 92
54 52
53 43
49 29
5 40
39 45
77 4
86 9
16 48
32 44
47 81
11 82
