134
65 54
8 53
49 9
37 91
71 83
90 1
23 6
83 30
20 29
87 88
40 63
20 86
88 68
0 0
37 52
22 67
51 28
5 77
73 16
79 37
92 42
97 25
2 33
25 41
98 93
49 54
59 97
35 22
88 57
50 65
91 78
37 79
14 63
68 27
9 3
69 71
55 22
86 4
57 45
91 21
68 8
2 11
34 38
50 16
31 13
50 85
3 94
44 14
69 92
87 38
60 79
92 97
28 58
26 90
79 62
42 37
9 36
14 73
15 44
16 91
69 41
79 95
76 75
99 9
4 24
46 94
32 31
53 61
47 72
17 56
78 19
59 3
83 46
74 25
67 78
92 88
63 90
97 32
77 1
37 84
32 70
88 94
25 85
61 56
22 61
8 61
63 23
57 15
13 80
40 26
17 32
22 74
96 53
57 28
17 97
4 70
47 49
97 18
59 39
43 8
32 62
25 35
94 74
12 31
38 68
33 95
81 57
72 30
45 59
28 5
94 8
73 9
97 0
85 34
34 9
0 77
18 24
92 26
2 38
20 1
57 52
16 69
11 1
29 17
63 83
97 98
63 58
76 29
75 35
44 80
25 1
86 21
92 54
55 98
