109
21 49
52 33
39 50
26 4
1 31
21 26
38 83
24 93
88 43
83 93
3 5
11 13
33 10
31 58
3 74
11 78
44 66
78 15
81 10
50 71
64 61
47 79
80 51
96 65
11 27
19 31
7 39
20 41
44 24
3 54
27 47
15 55
61 10
62 19
18 64
54 46
44 58
31 69
70 34
64 47
32 75
65 52
83 22
83 31
78 44
95 8
73 65
47 91
33 97
96 51
92 70
66 96
82 83
93 91
1 14
18 9
12 22
30 8
22 27
40 0
35 27
39 21
16 45
48 2
31 42
57 5
6 59
42 48
27 58
64 8
14 63
70 14
54 48
74 2
44 60
1 75
74 27
79 7
72 37
41 70
34 75
8 82
83 11
84 20
55 67
88 6
28 88
72 58
92 16
18 92
48 82
12 96
20 97
97 25
60 81
41 93
68 76
97 32
81 65
63 89
99 46
74 83
78 84
71 95
76 92
92 85
81 97
98 87
95 93
