194
4 33
14 79
42 34
24 6
38 76
8 60
36 99
28 57
2 13
32 24
44 9
4 93
24 36
24 90
32 66
8 42
12 21
40 48
20 69
8 0
16 48
44 63
40 90
0 48
0 78
18 13
38 10
26 76
36 3
32 36
28 45
8 66
20 27
28 87
8 30
16 60
16 96
16 6
44 15
36 27
0 24
44 3
30 10
40 54
0 0
10 13
12 93
4 69
24 96
32 78
16 24
44 93
12 33
12 51
0 54
44 69
32 72
4 87
40 30
16 84
0 42
26 13
32 54
24 24
10 76
0 6
36 15
36 87
4 63
12 9
16 42
0 18
4 81
40 18
40 42
20 3
40 96
40 24
40 60
44 39
20 39
4 21
0 96
36 39
48 0
28 99
20 75
44 81
0 84
12 99
8 54
32 84
24 30
24 18
36 69
8 72
20 81
12 45
44 51
32 90
12 39
36 63
28 63
32 60
44 99
40 72
40 6
28 3
24 84
32 30
12 87
12 63
24 54
12 69
0 36
4 57
0 30
8 6
44 75
24 60
28 39
16 18
24 0
8 48
4 39
4 51
20 99
12 57
8 96
8 18
24 72
28 51
20 87
20 51
16 54
32 42
16 66
20 45
40 0
28 81
36 21
24 42
12 3
16 72
44 87
0 90
4 3
44 21
36 81
16 0
24 48
16 36
20 63
12 27
44 57
20 57
8 24
28 69
0 66
20 9
4 99
28 33
20 33
8 84
44 45
32 0
40 84
36 51
36 93
4 45
40 66
24 66
36 33
32 96
32 48
32 18
4 27
0 72
28 21
44 27
16 30
28 27
36 45
8 90
36 57
0 60
28 93
20 21
8 36
4 75
32 6
16 90
4 9
20 93
