118
49 49
72 12
6 55
75 27
58 75
12 3
48 14
2 53
34 48
25 56
23 73
78 10
78 28
83 15
11 87
21 87
70 61
54 97
4 9
10 26
28 2
0 31
17 26
33 14
32 23
4 43
34 35
18 51
58 6
0 59
11 58
15 61
14 66
52 43
61 31
48 50
70 2
60 43
51 54
42 66
58 56
59 66
51 73
73 51
92 9
89 32
16 98
32 97
82 62
60 91
72 86
86 73
77 84
91 74
70 97
79 91
95 85
4 1
16 6
7 18
15 20
23 17
34 6
3 36
17 33
37 14
7 39
38 13
18 36
31 32
48 15
44 25
23 50
45 37
59 3
33 52
55 28
62 10
18 61
22 60
28 59
71 6
68 26
70 29
48 61
70 41
5 81
79 23
43 73
83 17
29 82
87 0
1 87
26 84
77 43
66 59
91 20
14 93
94 9
83 46
75 59
88 42
86 48
8 99
48 88
99 22
86 55
51 90
74 74
63 84
93 49
80 71
57 94
93 62
82 84
99 66
86 87
95 89
