129
3 11
78 52
9 83
42 30
54 87
71 22
87 78
1 52
28 55
26 24
48 3
48 61
99 26
26 71
82 35
99 53
68 6
75 87
4 32
59 34
26 3
25 87
1 74
16 44
63 63
98 69
34 39
66 48
12 55
42 75
42 41
56 18
2 96
94 40
93 58
43 21
63 79
38 50
43 94
61 87
39 67
78 77
20 30
71 35
85 14
78 1
60 1
2 1
90 29
20 74
9 15
6 48
84 89
86 50
67 42
19 19
45 12
85 69
1 81
42 46
62 12
78 28
34 77
72 60
60 92
76 42
24 42
36 30
63 22
79 95
50 80
26 79
43 4
13 88
35 94
35 55
43 83
27 66
73 92
17 49
17 61
24 10
2 20
5 37
32 62
47 33
64 36
45 25
6 68
6 60
92 69
38 23
21 83
77 37
38 89
26 18
31 34
31 21
88 58
62 75
8 28
65 52
61 57
70 12
60 69
94 45
21 4
12 50
96 63
32 27
84 83
9 44
88 32
38 80
25 34
97 75
75 18
20 45
60 43
83 74
25 93
40 17
50 90
71 85
16 33
29 59
75 80
41 53
39 40
