146
79 69
16 50
72 13
19 74
35 34
9 18
73 98
41 85
78 28
3 88
65 47
86 55
88 88
41 66
32 0
88 4
24 94
43 17
62 71
12 30
5 8
48 50
61 91
30 54
6 42
52 30
53 5
97 29
26 6
9 97
65 23
91 60
61 5
68 35
87 17
88 78
15 60
80 46
37 21
99 48
25 36
53 89
2 63
28 85
68 80
39 49
76 87
84 41
82 8
98 98
29 32
54 70
2 48
35 99
29 26
58 54
55 35
37 57
10 88
16 12
82 31
25 61
55 97
95 3
26 17
54 76
45 73
79 92
95 69
27 47
91 83
84 86
1 98
21 48
13 79
22 77
85 64
0 23
49 0
66 2
62 43
56 20
71 22
97 78
20 0
36 43
11 5
56 63
31 77
40 29
10 46
49 99
59 76
77 75
68 16
87 33
27 90
71 50
90 14
34 23
1 86
74 66
41 21
40 39
90 41
7 37
81 81
81 56
49 25
3 19
57 85
94 58
62 18
81 17
1 38
62 65
93 97
15 30
0 5
76 33
42 56
79 4
92 32
84 27
22 43
5 84
53 49
63 37
14 66
93 64
83 76
66 85
42 73
12 25
44 87
61 10
49 70
38 70
20 5
96 50
73 18
81 12
1 94
62 26
8 49
80 96
