123
3 22
25 18
34 31
54 12
7 14
9 20
25 45
37 37
47 37
36 59
39 64
77 7
14 81
29 86
73 62
86 43
93 44
85 61
84 75
73 88
19 4
22 9
26 2
3 29
31 8
29 18
34 24
41 12
10 46
51 22
11 55
58 4
54 28
6 71
69 25
44 59
34 71
26 76
82 4
58 64
47 73
34 83
6 90
86 30
65 66
76 59
97 15
59 85
74 82
85 87
91 96
1 1
7 2
0 11
13 5
14 12
20 13
6 27
22 22
20 29
18 32
40 1
16 37
41 13
3 43
24 39
46 4
46 12
13 49
50 18
43 33
30 46
54 22
1 60
45 40
20 58
62 6
62 11
3 67
47 50
53 47
71 8
9 71
61 38
27 67
73 1
67 33
13 74
76 9
70 35
18 77
75 32
64 52
22 80
79 27
42 74
7 85
78 36
85 19
47 77
91 10
87 29
58 73
8 93
46 82
31 90
68 69
97 0
83 51
21 96
18 98
45 91
85 63
63 85
78 74
52 99
78 82
97 60
69 92
95 67
88 83
96 80
82 96
