140
35 92
57 29
79 90
3 39
86 48
28 19
86 21
21 68
37 47
82 65
8 87
37 80
56 54
66 3
20 31
43 86
15 0
9 51
37 34
86 3
2 66
4 15
41 13
72 57
59 36
24 45
91 89
76 73
91 77
60 90
14 15
82 29
47 49
33 57
99 67
25 86
50 20
73 97
2 26
65 66
2 75
34 68
51 95
37 1
39 74
32 39
56 8
87 56
27 5
27 50
96 47
96 99
17 73
93 25
69 9
63 11
98 5
62 39
23 15
31 30
86 70
87 13
61 80
67 27
17 87
38 27
44 41
69 53
20 95
82 92
17 25
68 93
50 36
24 62
12 58
74 28
12 7
42 69
0 84
43 79
60 61
43 23
59 46
45 0
15 46
78 4
35 14
96 83
80 96
56 21
7 69
43 61
88 84
74 86
29 69
40 91
94 62
22 76
8 11
42 31
34 76
50 43
13 71
23 51
72 64
21 36
91 70
1 12
56 82
78 32
76 91
30 94
86 29
46 75
91 5
17 13
44 18
76 57
90 21
39 85
79 69
4 64
21 59
25 21
33 88
1 72
26 32
29 61
12 85
58 42
76 24
1 20
2 36
85 43
32 18
19 16
60 32
39 70
88 79
65 37
