90
89 55
36 49
12 51
60 56
72 40
49 44
93 45
76 51
25 48
0 52
38 54
61 41
70 54
15 43
50 55
22 58
42 42
3 44
82 52
9 59
82 48
96 47
43 48
98 53
30 41
32 57
6 53
21 48
62 44
56 41
97 40
75 57
73 44
53 44
23 41
14 57
29 51
62 52
50 51
94 56
19 53
1 55
7 43
81 42
33 45
93 51
65 57
88 43
20 43
86 47
69 57
70 44
25 54
83 57
78 44
10 46
30 48
12 59
45 45
26 41
44 54
72 50
86 52
18 57
17 48
47 58
57 58
47 49
59 51
67 40
10 55
40 44
67 53
80 52
88 58
40 58
90 45
52 50
79 58
56 48
28 45
64 47
48 40
4 58
33 53
37 41
16 53
75 54
77 49
55 57
