151
14 75
81 47
15 17
79 77
62 10
42 47
48 90
91 20
21 47
89 99
49 19
50 69
40 8
82 7
27 95
8 91
1 28
99 69
60 39
1 1
3 54
38 78
93 44
81 68
60 99
31 18
79 27
29 8
69 58
30 59
0 69
19 30
69 1
70 89
39 27
88 58
90 89
59 27
97 1
99 55
9 37
60 79
29 37
18 7
28 71
50 0
98 31
40 99
73 14
19 60
73 85
66 43
81 18
91 77
10 0
39 38
28 87
60 49
69 27
48 61
71 67
51 38
20 89
56 65
45 75
28 50
50 49
60 89
50 99
11 48
89 37
35 93
36 63
70 49
57 5
99 19
81 97
0 39
0 99
97 90
99 79
79 88
79 2
50 29
90 69
0 79
20 69
20 0
96 14
78 53
70 99
31 1
0 9
10 9
0 19
40 19
30 29
40 0
50 9
51 77
10 59
10 69
20 79
40 69
99 99
30 79
60 59
80 39
90 29
20 99
90 0
10 99
98 60
60 19
0 89
9 18
45 36
20 39
0 59
68 84
0 49
30 99
40 89
17 84
34 44
99 39
99 9
85 85
99 49
60 0
20 19
10 29
80 59
70 9
57 84
63 74
90 9
70 19
64 95
90 49
74 45
6 66
53 17
4 75
10 79
70 39
40 59
55 47
60 69
70 79
23 25
