173
0 3
0 12
0 21
0 30
0 39
7 0
17 0
27 0
0 45
0 57
0 67
72 0
0 77
78 18
80 4
78 32
0 87
3 4
3 10
10 5
10 10
3 14
14 7
15 10
10 15
3 19
19 7
15 15
20 10
10 20
20 15
24 7
15 20
7 24
24 12
12 24
20 20
15 25
25 15
29 7
7 29
29 12
12 29
25 20
20 25
15 30
30 15
3 34
25 25
12 34
30 20
20 30
17 34
30 25
25 30
7 39
20 35
12 39
30 30
17 39
25 35
3 44
20 40
12 44
30 35
17 44
25 40
48 2
48 7
22 44
48 12
7 49
30 40
12 49
48 17
25 45
17 49
48 22
22 49
30 45
7 54
49 25
12 54
25 50
17 54
49 30
30 50
22 54
7 59
12 59
49 35
27 54
17 59
30 55
22 59
49 40
7 64
27 59
12 64
17 64
49 45
30 60
22 64
7 69
69 7
27 64
12 69
69 12
17 69
69 17
30 65
22 69
69 22
27 69
69 27
7 74
12 74
17 74
69 32
30 70
22 74
70 35
27 74
7 79
12 79
70 40
30 75
17 79
22 79
70 45
27 79
7 84
12 84
30 80
17 84
70 50
22 84
80 37
27 84
70 55
7 89
12 89
90 4
30 85
75 50
17 89
22 89
80 45
0 92
90 20
70 60
27 89
7 94
93 18
12 94
30 90
95 9
17 94
70 65
22 94
27 94
70 70
30 95
95 33
90 45
73 72
70 75
94 42
95 45
70 80
70 85
70 90
70 95
