131
26 1
59 85
58 39
3 54
94 49
66 21
79 91
42 63
20 40
17 76
41 27
83 23
29 90
24 21
95 71
60 57
58 9
73 0
99 6
80 42
21 57
1 17
96 94
79 61
54 66
1 80
38 95
39 46
60 95
91 82
36 37
46 52
0 36
45 77
7 4
45 16
72 12
66 79
18 91
35 18
70 88
29 10
93 12
3 62
22 49
86 30
97 58
59 30
97 24
34 72
29 32
66 53
83 77
20 8
9 47
39 4
65 68
64 35
86 4
35 58
83 91
9 70
0 42
34 87
48 43
19 34
60 74
98 43
28 61
14 20
77 19
21 64
15 52
88 54
53 34
93 98
81 50
26 82
51 70
75 11
60 79
73 40
63 41
4 29
63 63
99 81
16 82
43 34
30 26
91 91
51 55
16 45
57 97
49 30
44 57
31 40
74 97
24 35
68 0
57 14
80 30
36 65
9 55
86 36
54 41
28 56
43 97
84 43
44 21
64 89
93 76
7 19
79 55
60 69
76 5
43 82
82 96
89 79
70 51
18 23
30 4
33 7
30 85
89 96
83 59
44 47
96 28
95 64
23 43
39 42
27 7
