88
19 20
28 44
3 6
8 9
11 15
22 25
44 6
91 8
10 29
36 12
31 24
36 28
33 41
46 38
58 44
65 43
74 26
40 78
20 4
14 18
16 31
4 39
18 39
12 44
97 28
34 96
79 80
88 70
99 97
4 17
12 22
4 28
26 28
40 13
19 44
40 28
16 51
1 58
31 54
35 58
44 52
18 74
50 58
30 74
69 50
87 14
84 28
22 86
90 4
58 74
88 42
82 54
54 84
68 76
10 2
4 18
29 14
39 2
30 26
1 43
43 2
43 10
27 39
47 13
26 46
51 16
36 40
49 26
61 12
41 48
67 5
36 63
53 50
72 18
60 49
61 56
45 72
86 8
17 92
72 60
36 92
99 3
72 69
98 19
89 60
91 66
84 80
93 72
