114
34 54
42 51
30 65
59 57
69 68
96 27
19 24
31 5
40 5
54 34
50 53
72 17
76 8
64 57
23 86
78 53
6 96
65 75
53 88
82 68
7 11
8 15
24 3
32 21
24 43
6 51
1 52
25 49
57 6
18 56
53 26
5 63
49 43
36 55
65 13
60 43
29 70
70 36
47 65
53 68
70 51
76 44
89 15
61 69
88 38
31 95
85 56
46 91
97 34
91 49
56 88
71 78
91 59
79 78
87 72
74 86
82 86
83 91
94 87
99 95
9 1
19 15
25 11
33 9
9 39
29 31
17 42
39 27
43 22
50 7
10 56
30 50
57 15
44 46
61 21
53 37
27 61
42 53
59 36
34 65
40 62
71 21
69 27
13 76
52 57
77 6
38 70
7 80
10 81
76 30
84 15
84 23
87 5
68 55
28 83
56 68
77 43
64 62
89 23
44 81
79 48
22 91
67 70
93 29
56 80
98 6
43 96
46 99
58 98
66 98
99 71
94 79
96 86
92 98
