115
1 30
15 34
36 14
65 25
81 39
97 70
17 3
32 6
30 33
48 10
23 55
13 65
70 8
0 75
64 41
74 23
8 79
86 18
41 84
90 33
33 96
67 97
93 81
91 94
13 20
25 10
36 19
7 43
47 0
26 40
44 20
1 57
54 25
53 33
47 43
56 49
80 1
51 62
83 13
44 72
36 77
13 85
55 67
74 46
28 84
22 86
82 46
23 93
88 39
72 65
55 80
83 58
96 58
89 72
81 92
4 13
19 8
17 20
26 16
3 32
15 30
24 27
41 3
10 46
3 47
15 49
53 10
25 48
35 43
58 1
26 53
62 8
57 33
35 58
68 17
66 33
38 64
64 44
78 9
58 54
1 84
86 6
48 72
66 57
69 55
88 26
92 4
91 24
1 95
78 57
40 88
43 88
98 3
94 31
91 39
23 97
40 92
87 50
81 61
79 66
63 84
69 80
75 77
71 83
98 49
62 92
65 90
94 63
77 84
60 98
93 76
95 82
84 95
95 96
99 93
