132
86 9
45 75
38 23
79 58
23 53
35 94
81 95
12 14
66 29
62 7
98 74
16 68
60 83
58 58
95 36
47 1
37 38
25 7
98 98
14 83
86 23
9 32
78 31
68 51
43 58
50 27
0 99
8 63
93 23
19 40
71 68
86 39
7 23
48 50
35 67
20 24
5 4
94 78
70 16
99 57
75 4
21 91
42 13
96 5
45 91
7 80
97 87
7 54
39 1
89 64
42 32
30 35
74 54
55 20
58 51
63 37
21 0
98 26
5 16
6 43
46 97
35 54
53 36
30 98
44 67
66 78
95 93
89 47
96 67
49 6
50 55
82 4
11 25
77 49
56 26
18 11
88 12
39 48
70 61
39 94
35 5
57 90
65 2
40 79
56 3
1 18
98 82
44 38
64 63
77 72
45 82
91 97
96 14
32 73
54 83
72 9
63 90
0 0
28 53
72 30
15 42
65 14
93 85
17 94
99 0
78 35
63 45
24 19
36 97
6 59
29 3
19 81
61 77
84 63
82 48
19 19
99 63
81 21
53 49
0 23
12 54
84 57
16 74
52 31
36 20
3 77
8 7
45 10
23 48
75 57
34 24
98 78
