144
66 44
17 62
34 19
96 84
68 10
26 98
45 70
86 64
4 18
8 90
79 10
62 96
49 44
50 4
17 34
30 35
45 91
76 22
64 62
11 7
51 24
86 52
93 5
3 50
26 52
7 67
45 79
84 88
11 77
94 26
74 31
77 78
32 83
77 66
54 50
78 55
35 72
37 4
47 14
56 16
58 36
12 23
3 32
77 45
73 88
82 3
14 41
51 66
36 34
90 91
92 18
18 74
98 57
64 7
54 79
2 93
28 29
94 72
82 19
15 15
12 51
43 64
90 81
47 38
85 60
62 87
46 54
66 28
32 44
44 27
1 8
76 70
27 65
65 57
31 58
64 21
98 50
36 13
88 77
38 92
87 0
67 49
77 39
18 9
7 81
27 16
1 70
13 67
47 85
46 9
38 26
65 14
33 24
78 4
28 23
77 59
95 95
2 87
51 92
87 18
70 60
56 97
91 63
85 23
78 34
97 81
49 29
63 2
40 66
43 83
61 53
23 53
6 75
8 97
6 18
14 88
42 97
89 3
55 56
53 61
7 29
25 36
38 84
61 46
72 72
10 2
73 26
18 70
20 58
71 84
88 86
35 8
61 10
51 83
60 61
9 85
24 28
78 13
44 75
43 37
74 48
72 8
30 19
87 56
