114
8 51
18 81
63 34
77 35
29 81
9 19
25 23
17 34
34 37
39 48
16 65
71 4
55 54
6 77
67 51
52 70
85 24
84 36
25 89
67 77
89 71
84 83
6 4
2 12
9 13
32 7
3 33
28 18
41 16
45 6
48 30
26 51
17 57
37 53
32 59
59 33
3 69
75 12
12 82
48 76
66 64
77 52
82 47
2 96
96 23
57 83
84 59
71 77
61 96
97 67
92 79
88 85
11 3
17 6
19 9
12 30
37 8
32 22
4 44
27 40
41 28
30 40
36 36
48 21
50 18
4 53
30 50
8 60
47 44
65 3
41 51
52 40
62 24
63 22
24 63
45 55
56 45
73 1
67 29
70 21
65 36
78 3
55 57
76 24
33 73
28 76
66 47
81 19
40 74
16 84
84 17
83 30
87 36
70 64
29 91
62 76
4 98
98 8
73 69
23 98
37 94
99 23
92 45
98 42
48 98
64 91
70 90
87 77
80 88
95 79
99 82
93 96
99 90
91 99
