134
1 10
53 79
78 11
12 74
29 31
82 85
85 47
63 33
32 88
40 3
10 52
51 52
93 71
95 25
14 92
66 94
42 18
42 92
18 35
13 7
27 43
80 34
1 36
64 76
93 6
96 87
46 28
10 66
5 83
4 21
78 95
23 6
64 52
54 69
20 98
56 22
83 64
56 98
40 64
88 39
49 10
2 96
35 99
8 42
99 61
28 55
89 93
26 79
1 1
48 87
76 81
77 50
7 34
65 21
93 15
36 47
78 23
70 3
75 36
45 35
81 0
61 57
16 24
20 87
12 57
69 30
26 22
20 66
40 25
80 57
42 86
28 6
26 96
98 46
11 18
4 64
86 21
59 65
51 17
45 58
90 63
89 11
36 84
73 74
83 71
39 96
62 24
80 29
17 14
19 78
75 90
70 99
51 6
17 39
87 3
7 9
13 82
2 91
91 34
23 41
33 22
85 53
91 90
51 93
58 28
4 45
67 35
96 67
78 16
97 11
23 33
48 77
18 29
7 2
9 23
16 98
56 52
98 21
48 3
74 41
76 84
31 98
11 33
45 12
92 28
90 68
22 91
74 9
85 9
84 28
14 65
40 45
52 48
50 83
