114
57 13
51 29
87 2
60 86
24 7
18 30
25 39
40 25
16 54
56 7
46 34
44 57
42 65
3 79
78 18
78 23
80 36
58 70
67 65
25 90
17 98
75 74
87 73
72 92
18 18
33 4
39 12
0 42
17 45
45 17
51 24
49 34
7 60
60 28
55 45
36 62
26 68
18 72
48 57
63 49
69 42
57 61
8 85
31 81
57 80
90 41
85 52
74 68
49 89
66 79
61 97
83 83
76 97
94 93
12 10
15 8
16 15
6 25
27 3
25 19
31 18
14 36
1 39
32 26
10 41
28 36
20 44
12 49
19 48
40 33
18 55
36 47
30 53
62 9
38 50
15 66
30 61
60 33
0 69
69 1
68 13
52 50
73 17
77 10
83 9
84 4
19 82
46 73
4 87
70 54
78 42
42 78
31 84
73 52
54 72
88 22
90 28
84 46
0 96
95 14
97 1
43 87
88 50
39 94
81 62
67 82
87 61
99 47
99 58
92 69
70 95
97 76
83 93
98 88
