152
61 1
59 80
6 33
86 42
8 67
42 40
38 10
78 81
28 94
86 6
63 43
7 11
58 59
33 59
84 68
75 30
18 40
35 18
52 24
24 76
7 86
92 94
94 53
48 66
52 43
73 10
10 45
63 94
64 68
78 49
94 79
39 28
51 6
30 48
21 17
19 89
92 33
49 55
66 30
95 10
38 88
8 0
0 54
50 99
0 21
26 0
0 78
95 44
34 67
18 48
69 50
50 30
81 89
16 33
72 68
69 36
59 7
1 69
39 55
27 24
54 50
96 1
89 84
44 13
65 85
43 1
88 52
78 58
84 32
34 9
94 70
4 42
4 27
40 32
49 50
11 54
69 25
45 21
77 2
1 8
24 33
99 57
27 18
68 12
69 74
50 74
36 5
3 60
83 74
0 47
68 61
56 13
4 71
88 99
58 93
57 20
64 51
82 45
11 40
81 26
26 88
14 87
90 1
17 93
7 91
90 11
39 82
60 72
98 34
3 16
61 37
36 52
39 64
89 66
37 45
90 74
56 3
62 27
3 36
50 39
44 60
30 7
53 34
40 22
68 45
19 74
48 2
74 82
16 52
11 66
56 84
45 52
77 76
57 63
62 9
48 45
53 31
51 60
84 52
30 22
50 70
9 14
70 40
82 80
76 46
2 12
86 47
29 97
31 68
5 68
63 81
52 9
