131
53 64
34 13
74 23
18 75
81 80
2 39
33 99
80 42
20 24
52 26
82 3
12 11
10 55
67 50
50 84
37 51
99 39
91 63
97 20
46 20
63 96
23 36
32 68
46 1
14 87
72 90
29 92
99 76
0 64
68 42
76 70
51 38
55 13
73 9
59 82
26 53
39 34
99 94
37 67
13 40
73 2
19 14
4 45
14 6
91 35
69 61
14 98
40 92
58 70
28 8
65 70
98 49
93 71
94 0
86 93
9 0
87 26
94 14
59 31
8 68
24 92
68 23
49 72
29 38
69 30
89 51
4 12
77 47
64 55
65 2
26 75
66 83
77 60
86 59
40 62
44 69
41 25
49 93
96 57
6 82
39 56
91 21
34 84
15 68
58 18
15 82
17 33
59 89
36 9
60 62
52 45
46 10
70 39
27 24
79 12
30 48
71 50
36 71
59 50
25 99
49 34
22 48
30 14
97 44
45 32
57 39
36 91
43 99
73 43
89 11
73 97
12 4
73 28
14 56
83 47
42 86
52 76
86 0
28 68
0 58
24 9
33 95
72 55
20 83
64 45
32 74
3 52
27 34
97 26
91 26
65 38
