144
78 65
21 60
55 4
86 29
23 18
53 93
14 97
51 32
96 96
59 59
90 8
9 69
28 90
3 31
44 65
66 10
98 62
34 36
69 84
50 15
63 36
48 50
16 40
63 47
5 18
81 51
32 7
59 76
93 30
80 39
82 81
21 77
68 20
71 55
1 94
6 57
94 77
23 48
19 2
30 52
84 59
73 6
41 74
46 88
70 93
80 91
6 87
34 28
7 46
34 17
66 64
7 6
88 19
16 85
62 71
63 4
97 14
88 56
57 35
33 69
42 39
35 93
78 72
67 27
90 42
21 27
71 12
76 36
54 78
47 1
58 16
15 63
8 24
3 81
50 71
45 20
0 22
22 12
48 98
61 56
89 68
59 44
21 94
13 32
93 87
28 98
40 86
70 42
43 48
55 30
77 19
15 15
94 57
74 51
96 36
82 97
45 61
81 3
76 79
48 28
9 62
66 90
28 85
27 28
16 72
7 77
74 68
54 59
31 58
58 83
4 64
9 29
48 43
54 88
54 98
24 72
83 15
98 8
12 10
30 20
75 90
81 28
38 14
51 82
19 64
98 19
48 67
58 48
46 15
90 24
62 0
91 57
55 38
58 53
73 2
76 61
58 92
98 30
38 96
45 54
60 67
25 63
20 56
97 74
