119
10 52
33 6
12 34
3 51
84 28
30 85
76 82
25 23
34 31
69 3
71 27
60 53
70 41
85 19
75 63
67 75
84 65
94 53
90 77
73 95
91 92
0 0
2 12
11 9
2 19
20 4
1 33
36 3
51 19
43 34
55 8
12 66
68 12
20 67
5 71
30 65
39 66
14 76
86 8
21 85
75 48
56 71
43 80
26 89
13 92
31 92
81 58
36 93
47 88
70 74
90 54
79 88
1 4
11 14
1 24
24 4
20 15
15 23
14 29
39 7
31 28
15 39
20 38
43 12
11 44
40 23
37 31
50 5
18 52
57 6
48 34
8 59
5 61
63 1
51 40
43 51
29 61
64 22
70 3
66 26
61 39
58 45
20 72
75 15
72 27
78 0
40 67
76 18
81 27
59 62
80 32
61 65
34 83
3 90
67 63
90 26
59 75
86 42
56 79
96 20
98 8
89 44
29 96
96 32
49 89
68 79
83 67
49 96
99 45
77 78
66 92
74 89
78 91
98 70
75 98
89 87
83 98
92 93
99 95
