103
8 4
19 4
6 21
21 21
38 4
6 38
36 21
21 41
49 4
36 38
6 56
53 20
23 55
51 40
36 56
68 4
67 22
66 38
50 58
79 5
32 77
83 20
66 56
46 79
83 39
81 56
62 77
31 95
50 95
77 77
61 95
92 77
80 95
91 95
2 0
4 7
17 0
17 9
3 21
15 21
7 25
32 0
32 9
22 25
2 35
32 22
17 35
4 42
37 25
19 42
47 0
32 35
47 9
45 21
34 42
0 56
52 25
47 35
18 56
7 60
62 0
62 9
22 60
47 44
33 56
62 22
37 60
62 35
67 25
48 56
62 44
77 0
77 9
75 21
30 72
52 60
62 57
77 35
45 72
37 77
82 25
77 44
67 60
51 78
60 72
77 57
37 90
18 96
82 60
67 77
35 97
50 91
75 72
50 97
65 91
81 78
90 72
65 97
80 91
96 78
80 97
95 91
95 97
