139
11 72
79 53
41 27
66 86
91 14
9 12
40 52
71 0
83 90
22 91
6 55
41 10
76 33
20 44
32 68
86 66
50 57
98 42
14 28
56 14
60 77
39 89
16 65
31 11
1 86
60 50
26 25
95 79
85 26
47 40
10 96
84 13
96 3
6 74
97 62
50 88
40 61
39 0
31 83
36 49
60 22
46 4
5 79
13 19
60 37
53 66
74 80
95 99
79 99
60 1
99 85
66 59
94 31
11 83
0 71
30 55
92 62
93 50
24 62
46 22
74 12
51 48
42 81
56 96
73 64
25 1
13 7
45 32
66 97
8 21
76 38
16 37
33 26
92 86
32 78
17 58
31 17
83 8
67 30
37 42
98 34
25 30
90 94
50 10
82 81
80 59
39 70
54 19
9 92
78 68
62 80
79 75
0 58
80 20
87 57
41 17
19 23
75 48
54 2
24 45
65 6
69 86
93 45
92 74
91 6
67 49
46 62
99 76
22 37
11 2
45 44
61 16
26 95
65 36
56 48
42 47
26 12
29 32
58 68
16 11
10 64
56 75
34 0
18 92
30 47
67 81
10 32
46 19
51 43
81 24
2 68
9 51
85 97
8 8
40 4
87 86
5 59
77 95
66 90
