120
35 45
34 59
60 59
97 23
73 85
88 90
3 28
24 43
1 55
5 64
80 1
51 62
81 18
65 57
17 85
25 85
62 64
55 76
56 86
89 66
78 83
13 5
24 30
13 37
47 12
46 22
56 32
62 24
46 50
67 19
70 0
9 71
64 38
14 78
35 72
1 83
85 11
87 1
89 8
23 89
71 60
51 79
30 91
5 96
76 64
66 80
87 59
47 99
82 77
74 88
97 73
90 82
92 96
11 11
7 15
4 17
22 2
24 5
18 25
5 35
34 13
32 20
28 28
33 31
21 45
37 37
26 46
14 51
53 4
52 15
5 55
36 44
29 51
21 55
61 0
59 21
63 3
15 64
10 65
26 61
54 40
37 58
73 8
17 72
5 74
14 74
69 35
37 68
76 18
58 54
79 11
48 64
40 70
53 64
83 24
72 48
33 80
79 42
65 64
90 19
86 39
89 32
1 95
45 84
57 78
98 9
48 86
81 57
99 6
14 99
41 95
98 37
66 82
94 49
75 75
96 46
97 59
57 99
84 90
99 81
