103
6 0
7 5
7 12
7 19
7 26
27 0
27 7
27 14
7 33
28 19
28 26
7 40
28 33
7 47
48 0
48 7
28 40
48 14
48 21
7 54
28 47
49 26
49 33
28 54
7 61
49 40
28 61
49 47
7 68
49 54
28 68
49 61
28 75
49 68
0 0
2 6
11 0
11 7
2 13
11 14
2 20
21 0
21 7
11 21
21 14
2 27
21 21
11 28
32 0
32 7
2 34
32 14
21 28
11 35
32 21
21 35
2 41
42 0
32 28
42 7
11 42
42 14
21 42
42 21
32 35
2 48
11 49
42 28
32 42
53 0
23 48
53 7
42 35
53 14
2 55
53 21
11 56
32 49
42 42
23 55
53 28
2 62
53 35
11 63
32 56
42 49
23 62
53 42
2 69
42 56
32 63
11 70
53 49
23 69
42 63
32 70
53 56
23 76
42 70
53 63
32 77
53 70
69 69
