123
74 78
82 8
56 18
10 60
32 58
70 31
57 79
21 7
25 25
50 55
27 70
10 80
82 3
83 31
40 90
54 85
11 0
8 18
1 41
16 44
46 11
38 32
7 63
63 18
55 36
49 47
69 9
68 23
61 38
64 36
74 12
77 25
45 68
81 18
52 66
1 89
58 68
71 55
44 79
67 63
93 9
93 25
96 18
92 44
52 92
88 60
70 82
80 78
62 94
81 95
95 81
1 7
4 9
16 2
1 18
17 22
34 0
0 34
10 37
39 17
33 28
45 1
19 41
0 46
48 3
7 49
41 29
2 51
35 38
50 13
7 54
27 48
33 46
12 57
41 44
46 39
61 8
0 62
64 1
20 62
36 57
18 65
9 68
68 17
30 65
30 69
53 55
78 14
0 80
72 40
84 9
14 85
80 34
30 82
40 78
8 88
82 39
32 85
92 0
1 92
76 52
24 89
59 72
16 93
94 12
93 29
85 48
91 37
21 97
33 94
45 89
44 92
74 73
90 53
88 64
82 76
68 90
79 86
98 69
85 88
86 93
92 89
93 99
