128
48 11
59 4
81 8
8 10
23 9
30 7
30 19
32 31
45 4
40 39
58 10
73 12
74 39
8 89
84 69
1 3
10 3
5 17
18 0
19 21
33 21
23 32
8 39
39 15
9 46
29 39
50 30
55 21
62 11
23 61
69 2
56 42
72 20
76 14
45 66
88 4
70 55
61 67
16 91
92 11
52 77
88 39
81 54
64 76
87 52
59 85
68 79
97 48
89 65
93 71
83 83
92 78
84 91
91 89
11 10
2 20
18 12
14 18
28 3
5 28
13 29
20 29
36 7
38 4
4 38
29 27
18 43
36 31
48 1
2 49
44 22
51 10
28 44
19 50
33 43
40 41
59 2
13 58
2 61
48 44
46 47
12 65
66 7
39 55
1 68
64 25
60 34
8 71
55 47
66 31
29 68
45 60
37 68
16 77
22 76
32 74
2 81
24 79
76 34
83 10
63 56
15 83
81 24
82 31
87 15
38 82
59 69
4 92
48 80
85 43
34 89
26 93
43 87
71 67
92 33
96 19
99 4
12 99
79 61
91 51
41 96
52 91
71 79
63 89
56 99
97 64
76 89
98 98
