112
11 17
75 10
57 62
33 37
75 43
84 97
2 8
23 23
35 9
34 17
10 41
13 52
18 56
63 7
63 16
63 25
42 58
23 74
35 76
86 17
79 80
78 89
12 5
7 20
23 1
16 17
30 2
42 8
43 2
37 29
45 28
27 53
1 62
42 46
49 40
4 67
21 64
31 61
15 68
42 66
72 32
76 22
3 81
29 80
71 48
81 31
87 3
50 72
86 26
65 66
8 95
44 85
81 53
73 66
97 23
53 86
43 92
95 47
76 94
2 11
15 1
20 8
13 23
12 28
29 12
32 2
3 33
0 35
26 33
36 23
6 45
45 16
23 42
46 22
55 5
40 47
59 28
35 57
30 62
44 54
65 37
6 75
76 2
75 14
60 48
27 73
69 45
11 83
1 85
86 13
52 72
69 58
36 85
93 20
37 91
90 46
26 98
50 90
68 79
98 37
42 96
47 95
62 86
71 81
91 67
74 86
61 96
70 97
82 89
97 79
94 85
95 91
