152
63 84
47 22
32 65
90 40
15 20
5 84
93 8
96 85
71 15
60 66
10 39
62 37
31 99
31 47
19 2
90 64
32 86
10 64
66 96
82 92
36 15
90 29
41 68
76 45
63 27
56 2
37 40
2 6
55 95
17 90
3 26
33 10
85 16
24 14
0 53
46 86
83 3
48 39
76 61
1 99
2 37
71 0
54 61
25 40
36 54
72 47
20 73
42 94
42 30
96 31
99 76
4 71
99 22
59 11
91 78
76 22
85 50
95 60
33 1
75 91
49 29
10 14
83 23
50 13
69 30
30 79
97 41
99 68
17 36
40 45
65 19
8 90
27 95
12 85
55 85
60 98
8 48
14 29
46 65
16 98
47 79
85 74
41 22
58 73
64 13
76 16
25 84
6 31
79 99
75 34
31 73
7 55
41 13
70 41
26 35
14 78
89 15
7 6
36 27
0 32
13 0
87 37
48 94
74 55
32 34
93 69
74 10
66 3
87 83
27 61
28 20
99 35
80 41
46 71
67 49
0 67
27 1
54 28
35 67
60 22
91 57
54 9
23 4
54 57
98 6
56 65
97 89
59 60
6 62
11 10
88 33
46 60
12 91
40 56
68 22
36 46
4 89
7 40
8 73
97 26
33 6
32 14
85 11
95 21
72 19
23 43
58 83
91 6
86 90
35 50
39 92
65 35
