115
88 51
11 7
10 21
58 34
92 22
20 5
35 27
58 28
33 65
23 71
30 70
2 77
75 20
87 13
65 60
74 53
91 3
29 92
92 35
78 66
87 85
9 10
1 30
20 27
29 22
39 7
28 44
56 8
51 25
27 50
13 60
3 66
26 62
67 7
67 21
47 54
46 67
31 76
39 74
81 33
87 26
42 81
59 71
5 93
85 44
96 8
79 70
60 87
96 45
96 51
66 91
86 73
96 65
69 96
98 75
89 86
97 87
10 3
13 6
18 20
10 25
31 2
30 14
20 29
13 35
8 39
35 21
30 35
48 0
47 13
41 42
22 57
44 44
17 62
67 1
62 31
67 23
41 58
37 63
73 12
62 43
69 33
16 75
45 63
72 31
64 46
81 6
21 79
18 81
47 71
66 55
73 46
6 87
85 20
78 41
27 85
65 64
13 91
45 83
25 92
37 90
32 92
97 12
99 2
19 98
93 39
83 58
86 60
53 92
42 99
89 65
76 81
57 99
72 96
98 96
