136
26 35
67 69
61 18
26 85
10 57
79 23
48 76
89 92
78 44
2 10
29 2
37 60
56 85
97 67
98 20
42 22
41 92
61 49
11 19
2 80
60 6
3 45
36 46
99 39
28 63
80 8
41 6
58 61
63 35
79 65
43 50
70 77
36 67
30 22
52 30
16 74
87 67
21 48
29 76
55 97
96 84
16 12
49 87
4 34
84 86
16 96
51 55
63 59
8 0
71 15
87 62
3 59
0 24
39 84
59 90
68 41
18 61
35 11
23 17
48 69
62 27
65 98
28 96
21 82
56 1
36 33
81 94
45 16
76 59
62 67
89 41
50 46
66 76
48 98
69 28
74 66
94 35
1 90
35 74
27 40
91 73
82 78
2 53
85 19
53 91
99 49
66 63
0 39
82 39
59 41
47 80
42 26
34 79
72 54
1 73
45 56
19 54
83 55
32 44
97 25
25 25
57 13
90 63
74 48
46 32
68 82
42 77
6 7
46 64
99 89
98 15
55 21
45 45
34 23
45 0
25 90
17 87
62 80
74 12
3 20
64 21
55 81
68 59
60 32
73 25
40 44
22 76
75 73
85 91
23 40
64 54
92 81
9 54
7 47
23 62
40 66
