101
75 66
19 33
94 82
57 98
97 55
58 85
51 57
40 22
1 0
70 86
90 92
72 51
37 46
89 51
60 77
87 75
52 79
8 34
76 97
15 1
14 22
38 32
94 71
84 51
70 66
65 57
57 63
71 91
55 51
64 74
25 10
89 66
16 47
97 63
87 97
30 40
80 79
67 97
51 84
75 82
74 58
5 16
98 92
45 31
63 83
6 26
22 20
82 66
94 93
36 14
80 96
89 60
51 95
61 90
45 17
60 71
21 44
71 81
51 74
69 55
88 81
77 69
80 54
72 63
58 57
95 87
68 71
65 78
65 51
97 69
76 91
77 62
44 26
68 88
62 96
86 90
54 87
53 83
94 54
15 31
86 70
17 26
93 61
86 56
41 36
96 75
63 67
33 41
92 99
57 74
78 88
22 37
98 84
11 46
56 70
61 50
76 73
67 94
97 59
61 58
55 65
