120
4 32
69 89
10 8
29 5
33 16
39 21
7 49
21 54
31 49
69 7
65 45
39 75
54 72
35 90
41 90
93 55
96 60
60 98
1 3
20 4
14 15
7 22
20 24
22 33
8 40
35 25
43 26
33 40
40 37
11 60
62 1
64 10
43 51
8 69
59 37
67 27
70 18
1 74
75 7
35 67
57 59
9 82
71 43
78 30
63 64
49 76
38 83
73 56
71 65
90 35
80 58
56 85
77 68
87 64
83 72
77 79
87 84
83 96
96 92
4 3
1 14
21 1
17 14
11 22
7 30
29 19
39 9
3 41
1 44
45 11
31 36
50 2
20 47
52 11
51 18
44 36
3 57
58 15
31 52
57 22
56 29
36 53
54 38
63 34
74 17
27 72
52 58
50 61
1 79
43 67
34 72
67 48
51 66
18 82
30 79
81 28
86 13
9 90
89 20
84 40
94 12
57 76
95 15
99 2
86 50
90 44
22 98
33 95
98 24
82 62
60 87
70 81
78 82
69 93
86 80
92 75
76 95
94 82
97 92
94 99
