139
65 18
55 77
19 16
97 53
17 62
96 5
84 87
70 49
85 29
64 64
9 14
57 89
81 73
58 37
61 7
81 13
36 46
85 53
21 83
34 8
69 90
13 1
93 21
34 28
19 72
70 66
88 73
84 35
13 27
51 15
74 89
71 78
89 13
76 4
95 77
58 30
56 48
0 0
25 14
0 20
90 40
28 1
50 60
75 25
78 65
86 1
94 86
26 43
54 87
9 70
12 77
85 61
68 56
97 60
90 25
21 1
12 21
92 32
74 40
0 28
68 23
21 27
79 94
65 93
51 77
88 96
65 7
63 77
34 20
3 14
17 6
0 8
68 69
58 70
94 45
89 56
70 60
62 87
13 83
54 11
91 80
81 42
60 57
13 57
21 57
55 41
61 21
93 1
72 20
96 15
17 22
34 0
54 24
6 27
86 21
35 40
65 28
63 98
58 4
25 70
55 92
17 78
19 68
15 12
28 27
74 97
71 54
99 84
72 74
92 9
68 84
66 14
6 1
66 45
62 31
54 33
22 21
22 7
93 72
81 51
80 8
22 63
84 76
15 72
80 26
12 7
12 63
58 96
51 93
86 81
93 52
22 77
86 65
95 28
15 16
19 12
83 58
85 12
15 68
