105
60 57
78 49
45 18
23 52
33 49
29 55
29 79
90 67
80 92
15 4
12 32
35 36
2 53
52 16
35 63
23 72
46 63
77 14
47 77
86 31
29 88
50 84
73 73
78 73
91 77
90 92
27 14
10 37
3 39
44 4
24 38
29 44
44 31
53 25
41 45
26 59
63 21
45 54
56 45
30 70
16 78
73 34
54 62
84 4
34 79
11 87
21 88
81 44
92 6
74 58
66 68
41 90
51 92
56 90
97 43
72 78
90 59
63 94
95 74
2 7
15 1
23 4
6 24
21 15
30 2
29 22
37 6
19 35
41 1
35 23
1 43
43 28
33 40
8 55
56 33
63 23
13 66
66 17
59 35
58 43
54 48
63 40
78 2
43 67
24 76
77 24
38 78
75 44
89 15
32 86
56 74
93 36
37 93
58 82
41 92
24 98
75 69
98 29
98 36
81 69
95 51
99 56
80 87
95 89
97 98
