# Penalty:  49573.088456996986
112
52 33
39 50
25 49
89 43
83 93
39 85
26 4
24 93
21 26
0 33
96 65
83 11
80 51
78 15
66 62
50 73
48 82
45 69
35 9
31 61
16 48
12 79
11 14
3 77
3 5
97 10
95 93
87 20
85 32
78 46
73 65
72 35
71 94
65 55
65 11
61 19
58 48
57 8
49 94
45 24
44 59
36 77
34 99
32 72
22 41
22 31
15 59
11 31
7 41
6 58
99 46
98 87
97 53
97 32
97 25
96 50
95 70
93 87
92 92
92 16
90 73
88 6
85 97
85 24
84 85
84 8
82 82
81 65
79 88
78 7
76 92
76 83
74 60
74 39
74 27
74 2
70 14
68 76
66 96
66 48
63 89
63 47
60 81
57 44
55 67
48 2
47 82
44 93
44 64
44 50
43 70
40 0
39 21
35 27
32 74
32 10
31 42
28 91
27 60
21 97
21 63
20 94
20 66
19 31
18 9
16 64
12 96
12 22
8 82
3 58
2 74
1 14
