# Penalty:  50496.25650608843
114
52.0 33.0
41.236067977499786 51.0
89 43
83.23606797749979 10.0
83.01002008040226 92.75501004020113
37.43844718719117 84.56155281280883
24.471405860129074 50.614376559483695
24.17335008385784 3.00501256289338
21.0 26.0
0 33
96.0 65.0
80 51
78 15
65 61
50.306225774829855 70.08132267551044
48.0 82.0
43.43844718719117 65.43844718719117
32.306225774829855 9.918677324489565
31.56155281280883 61.56155281280883
28.0 91.0
16.0 48.0
12.918677324489565 79.30622577482985
11 14
3.0 5.0
2.755010040201127 77.98997991959774
97.0 10.0
96.30622577482985 50.081322675510435
93.01002008040226 95.24498995979887
92.30622577482985 69.08132267551044
83 24
82.43844718719117 30.43844718719117
79.99498743710662 46.17335008385784
71.0 94.0
63.693774225170145 7.081322675510435
63.081322675510435 47.306225774829855
61.16987565647765 19.995186515283528
57.0 8.0
56 50
47 93
45.82664991614216 24.99498743710662
44.99498743710662 59.82664991614216
34.5 74.40192378864668
32.306225774829855 72.91867732448956
24.707106781186546 93.70710678118655
23.82664991614216 31.99498743710662
22 41
15 57
11.0 31.23606797749979
2 56
99 46
98 87
97 32
97 25
93.05043418236511 87.81008683647302
92 16
91 90
88 6
86 18
85.78885438199983 97.89442719099992
84 85
81 65
80 81
80 5
76.8638034375545 83.89366093740917
76.1361965624455 85.10633906259083
76 92
75 63
74.10633906259083 60.1361965624455
74 27
74 2
72.99518651528354 35.83012434352235
71.00501256289338 38.82664991614216
71 67
70 14
69.00481348471646 33.16987565647765
68.05043418236511 50.18991316352698
68 76
65.52859413987092 55.614376559483695
64 98
63 89
60 81
55 44
52.292893218813454 68.29289321881345
48 2
47.306225774829855 81.91867732448956
44.89442719099991 59.21114561800017
44.0 93.0
43.707106781186546 70.70710678118655
40 0
39.83012434352235 52.99518651528353
39 21
35 97
35 27
35 12
32.306225774829855 74.08132267551044
32 99
31 42
27.528594139870926 57.385623440516305
25.95803989154981 48.5
21.707106781186546 97.70710678118655
20.99498743710662 92.17335008385784
20 66
19.228259211101292 27.991303684440517
18 9
17.3856234405163 64.52859413987092
14 63
12 96
12 22
9 39
8.707106781186546 82.70710678118655
6.228259211101294 58.00869631555948
5 41
3.707106781186547 73.29289321881345
1 14
