# Penalty:  60885.17373326801
125
86 5
47 75
92 44
89 59
75 2
67 44
65 94
61 6
57 11
54 51
40 36
37 43
32 64
27 69
13 22
8 79
7 21
1 15
98 49
96 16
92 20
89 84
86 51
83 29
80 1
80 57
77 60
74 56
71 32
70 80
66 85
64 98
63 33
63 90
57 23
55 84
53 12
48 12
46 40
44 18
43 87
40 26
38 71
35 41
31 76
27 8
26 25
21 54
21 30
19 50
18 61
17 74
16 93
12 53
6 65
98 27
98 35
98 1
97 80
96 38
95 77
95 90
95 99
92 64
89 20
88 81
83 97
83 68
81 36
81 6
80 98
79 44
78 26
76 84
75 13
74 69
73 68
72 94
69 62
67 39
66 22
60 90
60 65
56 24
55 37
54 64
52 67
50 94
50 31
49 60
47 96
43 76
42 50
37 85
37 61
35 10
34 38
34 17
32 92
31 53
28 58
28 76
28 0
25 90
24 39
23 15
22 81
20 68
18 35
17 89
16 84
15 16
13 60
12 11
11 95
11 33
10 86
8 73
7 88
5 44
3 5
3 41
2 49
1 98
0 32
