# Penalty:  62858.494658348296
126
47 75
86 5
64 98
63 90
89 59
92 44
67 44
8 79
75 2
54 51
27 69
32 64
61 6
57 11
37 43
40 36
13 22
7 21
1 15
89 84
98 49
66 85
70 80
55 84
84 55
77 60
96 16
43 87
16 93
92 20
74 56
83 29
31 76
38 71
80 5
71 32
17 74
63 33
6 65
18 61
57 23
46 40
21 54
12 53
53 12
35 41
19 50
48 12
40 26
44 18
21 30
26 25
27 8
95 99
95 90
83 97
80 98
97 80
95 77
88 81
72 94
67 94
76 84
92 64
60 90
83 68
47 96
50 94
98 35
96 38
98 27
74 69
82 58
86 51
73 68
1 98
98 1
32 92
11 95
25 90
69 62
37 85
15 91
89 20
79 44
81 36
60 65
7 88
41 78
51 71
10 86
16 84
22 81
54 64
78 26
28 76
80 1
67 39
49 60
8 76
75 13
35 63
20 68
66 22
55 37
42 50
28 58
31 53
13 60
56 24
50 31
34 38
2 49
24 39
5 44
3 41
18 35
34 17
35 10
11 33
0 32
28 0
23 15
15 16
12 11
3 5
