# Penalty:  64845.22652355603
128
84 5
47 75
1 15
7 21
13 22
40 36
35 41
53 12
58 10
32 64
27 69
54 51
75 2
8 76
67 44
92 44
89 59
63 90
64 98
27 8
22 28
44 18
40 26
48 12
19 50
12 53
37 43
21 54
60 2
56 24
46 40
18 61
6 65
63 33
17 74
71 32
34 72
28 76
83 29
89 20
15 91
74 56
43 87
96 16
77 60
80 57
86 51
55 84
66 81
98 49
88 81
3 5
12 11
15 16
23 15
28 0
0 32
25 23
11 33
35 10
21 30
34 17
18 35
3 41
5 44
24 39
32 36
2 49
50 31
13 60
31 53
57 23
28 58
42 50
55 37
66 22
20 68
37 61
75 13
49 60
67 39
78 1
5 78
39 69
80 5
78 26
54 64
22 81
52 67
85 3
16 84
10 86
43 76
7 88
60 65
81 36
79 44
37 85
69 62
25 90
92 20
16 93
11 95
32 92
1 98
98 1
73 68
74 69
98 27
95 40
98 35
70 80
50 94
47 96
83 68
66 85
58 91
65 91
92 64
76 84
72 94
95 77
89 84
97 80
80 98
83 97
95 90
95 99
