# Penalty:  89464.45797518684
145
19 99
60 8
50 72
9 39
92 85
82 11
80 44
10 14
38 52
12 77
39 21
63 54
37 85
71 97
23 49
23 5
3 56
55 33
96 62
17 30
97 32
20 66
68 76
44 67
75 63
74 27
30 76
85 94
3 2
94 10
35 11
55 44
4 75
64 63
84 23
87 42
1 32
48 85
32 99
25 91
95 94
64 19
84 32
80 81
29 59
91 71
40 0
15 57
74 2
22 41
70 36
60 81
95 52
46 62
12 22
80 50
44 50
63 89
48 2
1 14
76 17
18 48
31 42
83 99
22 29
48 80
22 95
26 1
86 11
65 45
48 92
46 22
6 84
20 24
99 46
9 29
97 25
31 70
96 67
56 48
18 9
35 27
71 67
80 6
76 92
12 96
64 98
70 14
27 49
14 63
51 34
81 65
98 87
64 9
55 67
41 93
79 86
92 16
34 77
3 8
40 49
31 7
74 39
18 92
74 83
6 61
79 16
41 72
84 85
39 82
82 91
88 6
21 33
1 72
42 60
91 90
72 58
43 26
1 78
97 7
68 94
6 5
46 57
82 95
5 41
82 53
57 5
67 53
33 59
89 42
13 29
16 45
19 62
65 60
25 59
45 80
86 18
28 88
35 97
61 17
52 30
72 33
77 46
10 80
66 48
